{
  "stats": {
    "suites": 1,
    "tests": 3,
    "passes": 3,
    "pending": 0,
    "failures": 0,
    "start": "2024-03-07T02:51:13.377Z",
    "end": "2024-03-07T02:52:30.336Z",
    "duration": 76959,
    "testsRegistered": 3,
    "passPercent": 100,
    "pendingPercent": 0,
    "other": 0,
    "hasOther": false,
    "skipped": 0,
    "hasSkipped": false
  },
  "results": [
    {
      "uuid": "3ed505c7-ed28-4f86-85bc-bfc8b0a64e91",
      "title": "",
      "fullFile": "cypress\\e2e\\admin\\settings\\settings.sources.spec.js",
      "file": "cypress\\e2e\\admin\\settings\\settings.sources.spec.js",
      "beforeHooks": [],
      "afterHooks": [],
      "tests": [],
      "suites": [
        {
          "uuid": "fb6dbbb2-5bdf-46a7-a834-63f466d0db6e",
          "title": "settings.sources",
          "fullFile": "",
          "file": "",
          "beforeHooks": [],
          "afterHooks": [],
          "tests": [
            {
              "title": "should list sources",
              "fullTitle": "settings.sources should list sources",
              "timedOut": null,
              "duration": 4297,
              "state": "passed",
              "speed": "fast",
              "pass": true,
              "fail": false,
              "pending": false,
              "context": null,
              "code": "cy.navigateAndCheckURL(_urls.SETTINGS_URL);\ncy.get(sourceHeader).click();\ncy.get(sourceContainer).find('tr').should('have.length.gte', 8);",
              "err": {},
              "uuid": "b3b2db6f-0357-48b4-bf01-5556212faa88",
              "parentUUID": "fb6dbbb2-5bdf-46a7-a834-63f466d0db6e",
              "isHook": false,
              "skipped": false
            },
            {
              "title": "should add and remove sources",
              "fullTitle": "settings.sources should add and remove sources",
              "timedOut": null,
              "duration": 28018,
              "state": "passed",
              "speed": "slow",
              "pass": true,
              "fail": false,
              "pending": false,
              "context": null,
              "code": "const uniqueString = (0, _helpers.stringGen)(5);\nconst sourceName = `Test Source_${uniqueString}`;\nconst addedSource = getNewSource(sourceName);\ncy.navigateAndCheckURL(_urls.SETTINGS_URL);\ncy.addAndRemoveSettings(sourceHeader, newSource, addSource, addedSource, sourceName, _urls.SETTINGS_URL);",
              "err": {},
              "uuid": "17d899d7-0233-427a-8b49-e8e54aabb41b",
              "parentUUID": "fb6dbbb2-5bdf-46a7-a834-63f466d0db6e",
              "isHook": false,
              "skipped": false
            },
            {
              "title": "should edit sources",
              "fullTitle": "settings.sources should edit sources",
              "timedOut": null,
              "duration": 44284,
              "state": "passed",
              "speed": "slow",
              "pass": true,
              "fail": false,
              "pending": false,
              "context": null,
              "code": "const initialRandomString = (0, _helpers.stringGen)(9);\nconst editRandomString = (0, _helpers.stringGen)(8);\nconst initialRandomStringSelector = getNewSource(initialRandomString);\nconst editRandomStringSelector = getNewSource(editRandomString);\ncy.navigateAndCheckURL(_urls.SETTINGS_URL);\ncy.editAndRemoveSettings(sourceHeader, newSource, addSource, initialRandomString, editRandomString, initialRandomStringSelector, editRandomStringSelector, _urls.SETTINGS_URL);",
              "err": {},
              "uuid": "9d0fb5cc-601e-4159-bbf9-a94da6d2691a",
              "parentUUID": "fb6dbbb2-5bdf-46a7-a834-63f466d0db6e",
              "isHook": false,
              "skipped": false
            }
          ],
          "suites": [],
          "passes": [
            "b3b2db6f-0357-48b4-bf01-5556212faa88",
            "17d899d7-0233-427a-8b49-e8e54aabb41b",
            "9d0fb5cc-601e-4159-bbf9-a94da6d2691a"
          ],
          "failures": [],
          "pending": [],
          "skipped": [],
          "duration": 76599,
          "root": false,
          "rootEmpty": false,
          "_timeout": 2000
        }
      ],
      "passes": [],
      "failures": [],
      "pending": [],
      "skipped": [],
      "duration": 0,
      "root": true,
      "rootEmpty": true,
      "_timeout": 2000
    }
  ],
  "meta": {
    "mocha": {
      "version": "7.0.1"
    },
    "mochawesome": {
      "options": {
        "quiet": false,
        "reportFilename": "mochawesome",
        "saveHtml": true,
        "saveJson": true,
        "consoleReporter": "spec",
        "useInlineDiffs": false,
        "code": true
      },
      "version": "6.1.0"
    },
    "marge": {
      "options": {
        "reportDir": "cypress/reports",
        "overwrite": false,
        "html": true,
        "json": true
      },
      "version": "5.1.0"
    }
  }
}