{
  "stats": {
    "suites": 23,
    "tests": 37,
    "passes": 0,
    "pending": 8,
    "failures": 29,
    "start": "2024-03-06T23:26:18.031Z",
    "end": "2024-03-07T00:01:15.667Z",
    "duration": 2097636,
    "testsRegistered": 66,
    "passPercent": 0,
    "pendingPercent": 12.121212121212121,
    "other": 7,
    "hasOther": true,
    "skipped": 29,
    "hasSkipped": true
  },
  "results": [
    {
      "uuid": "fdc6a9f4-9662-43d5-a78c-d1730b35ec46",
      "title": "",
      "fullFile": "cypress\\e2e\\contacts\\contacts.spec.js",
      "file": "cypress\\e2e\\contacts\\contacts.spec.js",
      "beforeHooks": [],
      "afterHooks": [],
      "tests": [],
      "suites": [
        {
          "uuid": "dd08766e-a7a0-4752-8592-d24e4c795684",
          "title": "contact-tab",
          "fullFile": "",
          "file": "",
          "beforeHooks": [],
          "afterHooks": [],
          "tests": [],
          "suites": [
            {
              "uuid": "e08e738c-c142-4914-ac9e-89ebd2dde473",
              "title": "contacts",
              "fullFile": "",
              "file": "",
              "beforeHooks": [],
              "afterHooks": [],
              "tests": [
                {
                  "title": "should add contact",
                  "fullTitle": "contact-tab contacts should add contact",
                  "timedOut": null,
                  "duration": 60922,
                  "state": "failed",
                  "speed": null,
                  "pass": false,
                  "fail": true,
                  "pending": false,
                  "context": null,
                  "code": "cy.navigateAndCheckURL(_urls.CONTACT_LIST_URL);\ncy.get('.globalHead .new-contact').click(); // cy.get('.desk-btn > .edit_link').click()\n// Fill the form\nconst contactName = `${newContact.firstName} ${newContact.lastName}`;\ncy.addContact(_forms.contactForm, newContact, contactName);",
                  "err": {
                    "message": "CypressError: `cy.screenshot()` timed out waiting `30000ms` to complete.",
                    "estack": "CypressError: `cy.screenshot()` timed out waiting `30000ms` to complete.\n    at https://develop.firstfreight.com/__cypress/runner/cypress_runner.js:144115:81\n    at tryCatcher (https://develop.firstfreight.com/__cypress/runner/cypress_runner.js:11318:23)\n    at https://develop.firstfreight.com/__cypress/runner/cypress_runner.js:6440:41\n    at tryCatcher (https://develop.firstfreight.com/__cypress/runner/cypress_runner.js:11318:23)\n    at Promise._settlePromiseFromHandler (https://develop.firstfreight.com/__cypress/runner/cypress_runner.js:9253:31)\n    at Promise._settlePromise (https://develop.firstfreight.com/__cypress/runner/cypress_runner.js:9310:18)\n    at Promise._settlePromise0 (https://develop.firstfreight.com/__cypress/runner/cypress_runner.js:9355:10)\n    at Promise._settlePromises (https://develop.firstfreight.com/__cypress/runner/cypress_runner.js:9431:18)\n    at _drainQueueStep (https://develop.firstfreight.com/__cypress/runner/cypress_runner.js:6025:12)\n    at _drainQueue (https://develop.firstfreight.com/__cypress/runner/cypress_runner.js:6018:9)\n    at ../../node_modules/bluebird/js/release/async.js.Async._drainQueues (https://develop.firstfreight.com/__cypress/runner/cypress_runner.js:6034:5)\n    at Async.drainQueues (https://develop.firstfreight.com/__cypress/runner/cypress_runner.js:5904:14)",
                    "diff": null
                  },
                  "uuid": "8858d2ba-d99d-4c56-93ec-09c86f042ca3",
                  "parentUUID": "e08e738c-c142-4914-ac9e-89ebd2dde473",
                  "isHook": false,
                  "skipped": false
                },
                {
                  "title": "should list contacts",
                  "fullTitle": "contact-tab contacts should list contacts",
                  "timedOut": null,
                  "duration": 57413,
                  "state": "failed",
                  "speed": null,
                  "pass": false,
                  "fail": true,
                  "pending": false,
                  "context": null,
                  "code": "cy.navigateAndCheckURL(_urls.CONTACT_LIST_URL);\ncy.listContacts(userData).then(response => {\n  const body = response.body;\n  const contactData = {\n    totalContacts: body.Records,\n    contacts: body.Contacts\n  }; //get company name list\n  const {\n    totalContacts,\n    contacts\n  } = contactData;\n  let contactNames = [];\n  for (let i = 0; i < contacts.length; i++) {\n    contactNames.push(contacts[i].ContactName);\n  }\n  cy.log(contactNames);\n  cy.get('#lblRecordCount').should('have.text', `${totalContacts} records`);\n  cy.get('#tblContacts tr .cont-title').each(($el, index, $list) => {\n    console.log($list);\n    cy.wrap($el).contains(contactNames[index]);\n  });\n});",
                  "err": {
                    "message": "CypressError: `cy.screenshot()` timed out waiting `30000ms` to complete.",
                    "estack": "CypressError: `cy.screenshot()` timed out waiting `30000ms` to complete.\n    at https://develop.firstfreight.com/__cypress/runner/cypress_runner.js:144115:81\n    at tryCatcher (https://develop.firstfreight.com/__cypress/runner/cypress_runner.js:11318:23)\n    at https://develop.firstfreight.com/__cypress/runner/cypress_runner.js:6440:41\n    at tryCatcher (https://develop.firstfreight.com/__cypress/runner/cypress_runner.js:11318:23)\n    at Promise._settlePromiseFromHandler (https://develop.firstfreight.com/__cypress/runner/cypress_runner.js:9253:31)\n    at Promise._settlePromise (https://develop.firstfreight.com/__cypress/runner/cypress_runner.js:9310:18)\n    at Promise._settlePromise0 (https://develop.firstfreight.com/__cypress/runner/cypress_runner.js:9355:10)\n    at Promise._settlePromises (https://develop.firstfreight.com/__cypress/runner/cypress_runner.js:9431:18)\n    at _drainQueueStep (https://develop.firstfreight.com/__cypress/runner/cypress_runner.js:6025:12)\n    at _drainQueue (https://develop.firstfreight.com/__cypress/runner/cypress_runner.js:6018:9)\n    at ../../node_modules/bluebird/js/release/async.js.Async._drainQueues (https://develop.firstfreight.com/__cypress/runner/cypress_runner.js:6034:5)\n    at Async.drainQueues (https://develop.firstfreight.com/__cypress/runner/cypress_runner.js:5904:14)",
                    "diff": null
                  },
                  "uuid": "60262016-fe15-4a60-86b1-8cadfadc357e",
                  "parentUUID": "e08e738c-c142-4914-ac9e-89ebd2dde473",
                  "isHook": false,
                  "skipped": false
                },
                {
                  "title": "should edit test contact",
                  "fullTitle": "contact-tab contacts should edit test contact",
                  "timedOut": null,
                  "duration": 58696,
                  "state": "failed",
                  "speed": null,
                  "pass": false,
                  "fail": true,
                  "pending": false,
                  "context": null,
                  "code": "const newContactName = `AAA${(0, _helpers.stringGen)(5)}${(0, _helpers.numGen)(4)}`;\ncy.addContactWithCompanyIDAPI(globalCompanyID, newContactName, userData);\ncy.intercept({\n  method: 'POST',\n  url: '/api/contact/SaveContact'\n}).as('saveContact');\ncy.navigateAndCheckURL(_urls.CONTACT_LIST_URL);\ncy.get('#tblContacts').contains(newContactName).click();\ncy.get('a[data-action=\"edit-contact\"]').click(); // Change comment\nconst newNumber = `+9${(0, _helpers.numGen)(8)}`;\ncy.fillForm(_forms.contactForm, {\n  businessPhone: newNumber\n}); // Click Save\ncy.get('#contactAddEdit_btnSave').click({\n  force: true\n});\ncy.wait('@saveContact').then(xhr => {\n  const newContactId = xhr.response.body.Contact.GlobalContactId;\n  cy.get('#lblBusinessPhone').should('be.visible').contains(newNumber);\n  cy.visit(_urls.CONTACT_LIST_URL);\n  cy.get(`tr[data-id=\"${newContactId}\"] .a-phone-number`).contains(newNumber);\n  cy.removeContactAPI(newContactId, userData);\n});",
                  "err": {
                    "message": "CypressError: `cy.screenshot()` timed out waiting `30000ms` to complete.",
                    "estack": "CypressError: `cy.screenshot()` timed out waiting `30000ms` to complete.\n    at https://develop.firstfreight.com/__cypress/runner/cypress_runner.js:144115:81\n    at tryCatcher (https://develop.firstfreight.com/__cypress/runner/cypress_runner.js:11318:23)\n    at https://develop.firstfreight.com/__cypress/runner/cypress_runner.js:6440:41\n    at tryCatcher (https://develop.firstfreight.com/__cypress/runner/cypress_runner.js:11318:23)\n    at Promise._settlePromiseFromHandler (https://develop.firstfreight.com/__cypress/runner/cypress_runner.js:9253:31)\n    at Promise._settlePromise (https://develop.firstfreight.com/__cypress/runner/cypress_runner.js:9310:18)\n    at Promise._settlePromise0 (https://develop.firstfreight.com/__cypress/runner/cypress_runner.js:9355:10)\n    at Promise._settlePromises (https://develop.firstfreight.com/__cypress/runner/cypress_runner.js:9431:18)\n    at _drainQueueStep (https://develop.firstfreight.com/__cypress/runner/cypress_runner.js:6025:12)\n    at _drainQueue (https://develop.firstfreight.com/__cypress/runner/cypress_runner.js:6018:9)\n    at ../../node_modules/bluebird/js/release/async.js.Async._drainQueues (https://develop.firstfreight.com/__cypress/runner/cypress_runner.js:6034:5)\n    at Async.drainQueues (https://develop.firstfreight.com/__cypress/runner/cypress_runner.js:5904:14)",
                    "diff": null
                  },
                  "uuid": "d8114fac-5902-496d-8771-26fe58311d6f",
                  "parentUUID": "e08e738c-c142-4914-ac9e-89ebd2dde473",
                  "isHook": false,
                  "skipped": false
                }
              ],
              "suites": [],
              "passes": [],
              "failures": [
                "8858d2ba-d99d-4c56-93ec-09c86f042ca3",
                "60262016-fe15-4a60-86b1-8cadfadc357e",
                "d8114fac-5902-496d-8771-26fe58311d6f"
              ],
              "pending": [],
              "skipped": [],
              "duration": 177031,
              "root": false,
              "rootEmpty": false,
              "_timeout": 2000
            },
            {
              "uuid": "6f6a097d-8051-464d-8ab1-9707f102d8f3",
              "title": "contact form",
              "fullFile": "",
              "file": "",
              "beforeHooks": [],
              "afterHooks": [],
              "tests": [
                {
                  "title": "required validation for First Name, Last Name, Email, Job Title and Company",
                  "fullTitle": "contact-tab contact form required validation for First Name, Last Name, Email, Job Title and Company",
                  "timedOut": null,
                  "duration": 56991,
                  "state": "failed",
                  "speed": null,
                  "pass": false,
                  "fail": true,
                  "pending": false,
                  "context": null,
                  "code": "cy.contactFormValidationChecker('required');",
                  "err": {
                    "message": "CypressError: `cy.screenshot()` timed out waiting `30000ms` to complete.\n\nBecause this error occurred during a `before all` hook we are skipping the remaining tests in the current suite: `contact form`",
                    "estack": "CypressError: `cy.screenshot()` timed out waiting `30000ms` to complete.\n\nBecause this error occurred during a `before all` hook we are skipping the remaining tests in the current suite: `contact form`\n    at https://develop.firstfreight.com/__cypress/runner/cypress_runner.js:144115:81\n    at tryCatcher (https://develop.firstfreight.com/__cypress/runner/cypress_runner.js:11318:23)\n    at https://develop.firstfreight.com/__cypress/runner/cypress_runner.js:6440:41\n    at tryCatcher (https://develop.firstfreight.com/__cypress/runner/cypress_runner.js:11318:23)\n    at Promise._settlePromiseFromHandler (https://develop.firstfreight.com/__cypress/runner/cypress_runner.js:9253:31)\n    at Promise._settlePromise (https://develop.firstfreight.com/__cypress/runner/cypress_runner.js:9310:18)\n    at Promise._settlePromise0 (https://develop.firstfreight.com/__cypress/runner/cypress_runner.js:9355:10)\n    at Promise._settlePromises (https://develop.firstfreight.com/__cypress/runner/cypress_runner.js:9431:18)\n    at _drainQueueStep (https://develop.firstfreight.com/__cypress/runner/cypress_runner.js:6025:12)\n    at _drainQueue (https://develop.firstfreight.com/__cypress/runner/cypress_runner.js:6018:9)\n    at ../../node_modules/bluebird/js/release/async.js.Async._drainQueues (https://develop.firstfreight.com/__cypress/runner/cypress_runner.js:6034:5)\n    at Async.drainQueues (https://develop.firstfreight.com/__cypress/runner/cypress_runner.js:5904:14)",
                    "diff": null
                  },
                  "uuid": "70124118-392d-4b2d-82ba-3513db182797",
                  "parentUUID": "6f6a097d-8051-464d-8ab1-9707f102d8f3",
                  "isHook": false,
                  "skipped": false
                },
                {
                  "title": "invalid email address validation message",
                  "fullTitle": "contact-tab contact form invalid email address validation message",
                  "timedOut": null,
                  "duration": 0,
                  "state": "skipped",
                  "speed": null,
                  "pass": false,
                  "fail": false,
                  "pending": false,
                  "context": null,
                  "code": "cy.contactFormValidationChecker('email');",
                  "err": {},
                  "uuid": "c150906a-6469-4d10-8518-1c06d30f6e97",
                  "parentUUID": "6f6a097d-8051-464d-8ab1-9707f102d8f3",
                  "isHook": false,
                  "skipped": true
                },
                {
                  "title": "Selecting company populates address, city, country, postal code amd state",
                  "fullTitle": "contact-tab contact form Selecting company populates address, city, country, postal code amd state",
                  "timedOut": null,
                  "duration": 0,
                  "state": "skipped",
                  "speed": null,
                  "pass": false,
                  "fail": false,
                  "pending": true,
                  "context": null,
                  "code": "",
                  "err": {},
                  "uuid": "1abdfd45-1273-4115-a364-e00d703c400b",
                  "parentUUID": "6f6a097d-8051-464d-8ab1-9707f102d8f3",
                  "isHook": false,
                  "skipped": false
                }
              ],
              "suites": [],
              "passes": [],
              "failures": [
                "70124118-392d-4b2d-82ba-3513db182797"
              ],
              "pending": [
                "1abdfd45-1273-4115-a364-e00d703c400b"
              ],
              "skipped": [
                "c150906a-6469-4d10-8518-1c06d30f6e97"
              ],
              "duration": 56991,
              "root": false,
              "rootEmpty": false,
              "_timeout": 2000
            },
            {
              "uuid": "f2568b4b-ebf7-4095-96fe-9c83395bc421",
              "title": "contact list",
              "fullFile": "",
              "file": "",
              "beforeHooks": [],
              "afterHooks": [],
              "tests": [],
              "suites": [
                {
                  "uuid": "4e1eed40-00a6-4ed4-bbc4-97f5fdd57f39",
                  "title": "search functionality",
                  "fullFile": "",
                  "file": "",
                  "beforeHooks": [],
                  "afterHooks": [],
                  "tests": [
                    {
                      "title": "perform valid search and return 1 result",
                      "fullTitle": "contact-tab contact list search functionality perform valid search and return 1 result",
                      "timedOut": null,
                      "duration": 60278,
                      "state": "failed",
                      "speed": null,
                      "pass": false,
                      "fail": true,
                      "pending": false,
                      "context": null,
                      "code": "cy.searchForContactName('valid', `AAA ${newContactName}`);",
                      "err": {
                        "message": "CypressError: `cy.screenshot()` timed out waiting `30000ms` to complete.",
                        "estack": "CypressError: `cy.screenshot()` timed out waiting `30000ms` to complete.\n    at https://develop.firstfreight.com/__cypress/runner/cypress_runner.js:144115:81\n    at tryCatcher (https://develop.firstfreight.com/__cypress/runner/cypress_runner.js:11318:23)\n    at https://develop.firstfreight.com/__cypress/runner/cypress_runner.js:6440:41\n    at tryCatcher (https://develop.firstfreight.com/__cypress/runner/cypress_runner.js:11318:23)\n    at Promise._settlePromiseFromHandler (https://develop.firstfreight.com/__cypress/runner/cypress_runner.js:9253:31)\n    at Promise._settlePromise (https://develop.firstfreight.com/__cypress/runner/cypress_runner.js:9310:18)\n    at Promise._settlePromise0 (https://develop.firstfreight.com/__cypress/runner/cypress_runner.js:9355:10)\n    at Promise._settlePromises (https://develop.firstfreight.com/__cypress/runner/cypress_runner.js:9431:18)\n    at _drainQueueStep (https://develop.firstfreight.com/__cypress/runner/cypress_runner.js:6025:12)\n    at _drainQueue (https://develop.firstfreight.com/__cypress/runner/cypress_runner.js:6018:9)\n    at ../../node_modules/bluebird/js/release/async.js.Async._drainQueues (https://develop.firstfreight.com/__cypress/runner/cypress_runner.js:6034:5)\n    at Async.drainQueues (https://develop.firstfreight.com/__cypress/runner/cypress_runner.js:5904:14)",
                        "diff": null
                      },
                      "uuid": "7e998838-b96e-429e-923a-920161eb604c",
                      "parentUUID": "4e1eed40-00a6-4ed4-bbc4-97f5fdd57f39",
                      "isHook": false,
                      "skipped": false
                    },
                    {
                      "title": "preform invalid search and return meaningful message",
                      "fullTitle": "contact-tab contact list search functionality preform invalid search and return meaningful message",
                      "timedOut": null,
                      "duration": 55855,
                      "state": "failed",
                      "speed": null,
                      "pass": false,
                      "fail": true,
                      "pending": false,
                      "context": null,
                      "code": "cy.searchForContactName('invalid', 'tsrdtcfygvuhjlhugyfutdrxysxdtfcygvhjb');",
                      "err": {
                        "message": "CypressError: `cy.screenshot()` timed out waiting `30000ms` to complete.",
                        "estack": "CypressError: `cy.screenshot()` timed out waiting `30000ms` to complete.\n    at https://develop.firstfreight.com/__cypress/runner/cypress_runner.js:144115:81\n    at tryCatcher (https://develop.firstfreight.com/__cypress/runner/cypress_runner.js:11318:23)\n    at https://develop.firstfreight.com/__cypress/runner/cypress_runner.js:6440:41\n    at tryCatcher (https://develop.firstfreight.com/__cypress/runner/cypress_runner.js:11318:23)\n    at Promise._settlePromiseFromHandler (https://develop.firstfreight.com/__cypress/runner/cypress_runner.js:9253:31)\n    at Promise._settlePromise (https://develop.firstfreight.com/__cypress/runner/cypress_runner.js:9310:18)\n    at Promise._settlePromise0 (https://develop.firstfreight.com/__cypress/runner/cypress_runner.js:9355:10)\n    at Promise._settlePromises (https://develop.firstfreight.com/__cypress/runner/cypress_runner.js:9431:18)\n    at _drainQueueStep (https://develop.firstfreight.com/__cypress/runner/cypress_runner.js:6025:12)\n    at _drainQueue (https://develop.firstfreight.com/__cypress/runner/cypress_runner.js:6018:9)\n    at ../../node_modules/bluebird/js/release/async.js.Async._drainQueues (https://develop.firstfreight.com/__cypress/runner/cypress_runner.js:6034:5)\n    at Async.drainQueues (https://develop.firstfreight.com/__cypress/runner/cypress_runner.js:5904:14)",
                        "diff": null
                      },
                      "uuid": "754a0510-6be6-441c-aa32-d9e8cc9a847f",
                      "parentUUID": "4e1eed40-00a6-4ed4-bbc4-97f5fdd57f39",
                      "isHook": false,
                      "skipped": false
                    }
                  ],
                  "suites": [],
                  "passes": [],
                  "failures": [
                    "7e998838-b96e-429e-923a-920161eb604c",
                    "754a0510-6be6-441c-aa32-d9e8cc9a847f"
                  ],
                  "pending": [],
                  "skipped": [],
                  "duration": 116133,
                  "root": false,
                  "rootEmpty": false,
                  "_timeout": 2000
                }
              ],
              "passes": [],
              "failures": [],
              "pending": [],
              "skipped": [],
              "duration": 0,
              "root": false,
              "rootEmpty": false,
              "_timeout": 2000
            },
            {
              "uuid": "05a1bf8c-7ce5-423c-8f90-bd790d0b5f5c",
              "title": "contact overview widgets",
              "fullFile": "",
              "file": "",
              "beforeHooks": [],
              "afterHooks": [],
              "tests": [],
              "suites": [
                {
                  "uuid": "e1f34f09-17e1-445f-9210-23878245620f",
                  "title": "contact overview no data",
                  "fullFile": "",
                  "file": "",
                  "beforeHooks": [],
                  "afterHooks": [],
                  "tests": [
                    {
                      "title": "Last Activity doesn't display with no event or task",
                      "fullTitle": "contact-tab contact overview widgets contact overview no data Last Activity doesn't display with no event or task",
                      "timedOut": null,
                      "duration": 58661,
                      "state": "failed",
                      "speed": null,
                      "pass": false,
                      "fail": true,
                      "pending": false,
                      "context": null,
                      "code": "cy.noWidgetVisible('lastActivity');",
                      "err": {
                        "message": "CypressError: `cy.screenshot()` timed out waiting `30000ms` to complete.\n\nBecause this error occurred during a `before all` hook we are skipping the remaining tests in the current suite: `contact overview no data`",
                        "estack": "CypressError: `cy.screenshot()` timed out waiting `30000ms` to complete.\n\nBecause this error occurred during a `before all` hook we are skipping the remaining tests in the current suite: `contact overview no data`\n    at https://develop.firstfreight.com/__cypress/runner/cypress_runner.js:144115:81\n    at tryCatcher (https://develop.firstfreight.com/__cypress/runner/cypress_runner.js:11318:23)\n    at https://develop.firstfreight.com/__cypress/runner/cypress_runner.js:6440:41\n    at tryCatcher (https://develop.firstfreight.com/__cypress/runner/cypress_runner.js:11318:23)\n    at Promise._settlePromiseFromHandler (https://develop.firstfreight.com/__cypress/runner/cypress_runner.js:9253:31)\n    at Promise._settlePromise (https://develop.firstfreight.com/__cypress/runner/cypress_runner.js:9310:18)\n    at Promise._settlePromise0 (https://develop.firstfreight.com/__cypress/runner/cypress_runner.js:9355:10)\n    at Promise._settlePromises (https://develop.firstfreight.com/__cypress/runner/cypress_runner.js:9431:18)\n    at _drainQueueStep (https://develop.firstfreight.com/__cypress/runner/cypress_runner.js:6025:12)\n    at _drainQueue (https://develop.firstfreight.com/__cypress/runner/cypress_runner.js:6018:9)\n    at ../../node_modules/bluebird/js/release/async.js.Async._drainQueues (https://develop.firstfreight.com/__cypress/runner/cypress_runner.js:6034:5)\n    at Async.drainQueues (https://develop.firstfreight.com/__cypress/runner/cypress_runner.js:5904:14)",
                        "diff": null
                      },
                      "uuid": "d67641f1-5109-4e1e-b749-e9f28ddc7bbc",
                      "parentUUID": "e1f34f09-17e1-445f-9210-23878245620f",
                      "isHook": false,
                      "skipped": false
                    },
                    {
                      "title": "Next widget doesn't display with no event or task",
                      "fullTitle": "contact-tab contact overview widgets contact overview no data Next widget doesn't display with no event or task",
                      "timedOut": null,
                      "duration": 0,
                      "state": "skipped",
                      "speed": null,
                      "pass": false,
                      "fail": false,
                      "pending": false,
                      "context": null,
                      "code": "cy.noWidgetVisible('next');",
                      "err": {},
                      "uuid": "58526035-b297-4577-8f43-843ec7c272f5",
                      "parentUUID": "e1f34f09-17e1-445f-9210-23878245620f",
                      "isHook": false,
                      "skipped": true
                    },
                    {
                      "title": "info widget displays minimal information",
                      "fullTitle": "contact-tab contact overview widgets contact overview no data info widget displays minimal information",
                      "timedOut": null,
                      "duration": 0,
                      "state": "skipped",
                      "speed": null,
                      "pass": false,
                      "fail": false,
                      "pending": false,
                      "context": null,
                      "code": "cy.contactInfoWidgetMinimialData(contactCountry, contactEmailAddress);\ncy.get('.col-left-box > .ibox.basic-card:nth-of-type(1) .info-icon').should('have.length', 2);",
                      "err": {},
                      "uuid": "ffeb8e54-d1b5-40da-9fa9-3f2f0b702abd",
                      "parentUUID": "e1f34f09-17e1-445f-9210-23878245620f",
                      "isHook": false,
                      "skipped": true
                    },
                    {
                      "title": "details widget displays minimal information",
                      "fullTitle": "contact-tab contact overview widgets contact overview no data details widget displays minimal information",
                      "timedOut": null,
                      "duration": 0,
                      "state": "skipped",
                      "speed": null,
                      "pass": false,
                      "fail": false,
                      "pending": false,
                      "context": null,
                      "code": "cy.contactDetailsWidgetMinimalData(contactType, contactJobTitle);\ncy.get('.ibox.widget.basic-card.detail-card .ibox-content .inner-wrp').should('have.length', 9);\ncy.get('.ibox.widget.basic-card.detail-card .overview-checks .check.check-off').should('have.length', 6);",
                      "err": {},
                      "uuid": "16fb52d7-92e9-468a-8dcc-c518b3066936",
                      "parentUUID": "e1f34f09-17e1-445f-9210-23878245620f",
                      "isHook": false,
                      "skipped": true
                    }
                  ],
                  "suites": [],
                  "passes": [],
                  "failures": [
                    "d67641f1-5109-4e1e-b749-e9f28ddc7bbc"
                  ],
                  "pending": [],
                  "skipped": [
                    "58526035-b297-4577-8f43-843ec7c272f5",
                    "ffeb8e54-d1b5-40da-9fa9-3f2f0b702abd",
                    "16fb52d7-92e9-468a-8dcc-c518b3066936"
                  ],
                  "duration": 58661,
                  "root": false,
                  "rootEmpty": false,
                  "_timeout": 2000
                },
                {
                  "uuid": "eb9cdc23-e375-4052-8398-2667a855e075",
                  "title": "contact overview with data",
                  "fullFile": "",
                  "file": "",
                  "beforeHooks": [],
                  "afterHooks": [],
                  "tests": [
                    {
                      "title": "info widget displays all information",
                      "fullTitle": "contact-tab contact overview widgets contact overview with data info widget displays all information",
                      "timedOut": null,
                      "duration": 58015,
                      "state": "failed",
                      "speed": null,
                      "pass": false,
                      "fail": true,
                      "pending": false,
                      "context": null,
                      "code": "const addressConcat = `${contactAddress}, ${contactCity}, ${contactState}, ${contactPostCode}, ${contactCountry}`;\ncy.contactInfoWidgetAllData(addressConcat, contactEmailAddress, contactBusinessPhone, contactMobilePhone);\ncy.get('.col-left-box > .ibox.basic-card:nth-of-type(1) .info-icon').should('have.length', 4);",
                      "err": {
                        "message": "CypressError: `cy.screenshot()` timed out waiting `30000ms` to complete.\n\nBecause this error occurred during a `before all` hook we are skipping the remaining tests in the current suite: `contact overview with data`",
                        "estack": "CypressError: `cy.screenshot()` timed out waiting `30000ms` to complete.\n\nBecause this error occurred during a `before all` hook we are skipping the remaining tests in the current suite: `contact overview with data`\n    at https://develop.firstfreight.com/__cypress/runner/cypress_runner.js:144115:81\n    at tryCatcher (https://develop.firstfreight.com/__cypress/runner/cypress_runner.js:11318:23)\n    at https://develop.firstfreight.com/__cypress/runner/cypress_runner.js:6440:41\n    at tryCatcher (https://develop.firstfreight.com/__cypress/runner/cypress_runner.js:11318:23)\n    at Promise._settlePromiseFromHandler (https://develop.firstfreight.com/__cypress/runner/cypress_runner.js:9253:31)\n    at Promise._settlePromise (https://develop.firstfreight.com/__cypress/runner/cypress_runner.js:9310:18)\n    at Promise._settlePromise0 (https://develop.firstfreight.com/__cypress/runner/cypress_runner.js:9355:10)\n    at Promise._settlePromises (https://develop.firstfreight.com/__cypress/runner/cypress_runner.js:9431:18)\n    at _drainQueueStep (https://develop.firstfreight.com/__cypress/runner/cypress_runner.js:6025:12)\n    at _drainQueue (https://develop.firstfreight.com/__cypress/runner/cypress_runner.js:6018:9)\n    at ../../node_modules/bluebird/js/release/async.js.Async._drainQueues (https://develop.firstfreight.com/__cypress/runner/cypress_runner.js:6034:5)\n    at Async.drainQueues (https://develop.firstfreight.com/__cypress/runner/cypress_runner.js:5904:14)",
                        "diff": null
                      },
                      "uuid": "5bfa4793-b6fb-41ce-a91f-de43a3c6b788",
                      "parentUUID": "eb9cdc23-e375-4052-8398-2667a855e075",
                      "isHook": false,
                      "skipped": false
                    },
                    {
                      "title": "details widget displays all information",
                      "fullTitle": "contact-tab contact overview widgets contact overview with data details widget displays all information",
                      "timedOut": null,
                      "duration": 0,
                      "state": "skipped",
                      "speed": null,
                      "pass": false,
                      "fail": false,
                      "pending": false,
                      "context": null,
                      "code": "cy.contactDetailsWidgetAllData(contactType, contactJobTitle, 'February 8th', contactPreviousEmployer);\ncy.get('.ibox.widget.basic-card.detail-card .ibox-content .inner-wrp').should('have.length', 13);\ncy.get('.ibox.widget.basic-card.detail-card .overview-checks .check.check-on').should('have.length', 6);",
                      "err": {},
                      "uuid": "269ee095-de28-4380-b9d1-fa82e3d5428f",
                      "parentUUID": "eb9cdc23-e375-4052-8398-2667a855e075",
                      "isHook": false,
                      "skipped": true
                    },
                    {
                      "title": "company info widget displays correctly",
                      "fullTitle": "contact-tab contact overview widgets contact overview with data company info widget displays correctly",
                      "timedOut": null,
                      "duration": 0,
                      "state": "skipped",
                      "speed": null,
                      "pass": false,
                      "fail": false,
                      "pending": false,
                      "context": null,
                      "code": "cy.contactCompanyInfoWidget(companyName, 'Test123, San Pedro, Cali, P90812F, United States');",
                      "err": {},
                      "uuid": "339a5402-b92c-4ea2-ba7e-0aaaae7ae276",
                      "parentUUID": "eb9cdc23-e375-4052-8398-2667a855e075",
                      "isHook": false,
                      "skipped": true
                    },
                    {
                      "title": "Contact Owner widget displays correctly",
                      "fullTitle": "contact-tab contact overview widgets contact overview with data Contact Owner widget displays correctly",
                      "timedOut": null,
                      "duration": 0,
                      "state": "skipped",
                      "speed": null,
                      "pass": false,
                      "fail": false,
                      "pending": false,
                      "context": null,
                      "code": "const contactOwnerDetails = {\n  name: salesRepName,\n  jobTitle: salesRepJobTitle,\n  city: salesRepCity,\n  country: salesRepCountry,\n  email: salesRepEmail,\n  number: salesRepnumber\n};\ncy.contactOwnerWidget(contactOwnerDetails);",
                      "err": {},
                      "uuid": "3c283ad0-0827-4507-8e04-10fdb89790e1",
                      "parentUUID": "eb9cdc23-e375-4052-8398-2667a855e075",
                      "isHook": false,
                      "skipped": true
                    }
                  ],
                  "suites": [
                    {
                      "uuid": "9c1389f4-e9ae-496c-ae29-4bd969bfa0a5",
                      "title": "company info widget",
                      "fullFile": "",
                      "file": "",
                      "beforeHooks": [],
                      "afterHooks": [],
                      "tests": [
                        {
                          "title": "can select company from company info widget",
                          "fullTitle": "contact-tab contact overview widgets contact overview with data company info widget can select company from company info widget",
                          "timedOut": null,
                          "duration": 0,
                          "state": "skipped",
                          "speed": null,
                          "pass": false,
                          "fail": false,
                          "pending": false,
                          "context": null,
                          "code": "cy.get('[data-action=\"company-detail\"]').click();\ncy.get('#lblCompanyName').should('have.text', companyName);\ncy.url().should('have.string', `/Companies/CompanyDetail/CompanyDetail.aspx?companyId=${newCompanyId}&subscriberId=${subscriberId}`);",
                          "err": {},
                          "uuid": "2e52f053-799b-42ff-a768-430ffaf9c7b0",
                          "parentUUID": null,
                          "isHook": false,
                          "skipped": true
                        },
                        {
                          "title": "select edit company takes user to edit company form",
                          "fullTitle": "contact-tab contact overview widgets contact overview with data company info widget select edit company takes user to edit company form",
                          "timedOut": null,
                          "duration": 0,
                          "state": "skipped",
                          "speed": null,
                          "pass": false,
                          "fail": false,
                          "pending": false,
                          "context": null,
                          "code": "cy.get('.col-left-box > .right-col > .ibox.basic-card:nth-of-type(1) [data-action=\"edit-company\"]').click();\ncy.get('#lblBreadcrumbHeader').should('have.text', 'Edit Company ');\ncy.get(`#txtCompanyName[value=\"${companyName}\"]`).should('be.visible');\ncy.get('#txtAddress').contains('Test123');\ncy.get('#txtCity[value=\"San Pedro\"]').should('be.visible');\ncy.get('#select2-ddlCountry-container').contains('United States');\ncy.get('#txtPostalCode[value=\"P90812F\"]').should('be.visible');\ncy.get('#select2-ddlCompanyType-container').contains('Carrier');\ncy.get('#select2-ddlOwner-container').contains(salesRepName);\ncy.get('#select2-ddlIndustry-container').contains('Chemical');",
                          "err": {},
                          "uuid": "f87502e4-9f07-479a-90e9-3e28e77fef4e",
                          "parentUUID": null,
                          "isHook": false,
                          "skipped": true
                        }
                      ],
                      "suites": [],
                      "passes": [],
                      "failures": [],
                      "pending": [],
                      "skipped": [
                        "2e52f053-799b-42ff-a768-430ffaf9c7b0",
                        "f87502e4-9f07-479a-90e9-3e28e77fef4e"
                      ],
                      "duration": 0,
                      "root": false,
                      "rootEmpty": false,
                      "_timeout": 2000
                    },
                    {
                      "uuid": "3853dd82-6d86-4fb3-80a5-15f56747171f",
                      "title": "next and last actitivty with event",
                      "fullFile": "",
                      "file": "",
                      "beforeHooks": [],
                      "afterHooks": [],
                      "tests": [
                        {
                          "title": "Contact next widget with data - event",
                          "fullTitle": "contact-tab contact overview widgets contact overview with data next and last actitivty with event Contact next widget with data - event",
                          "timedOut": null,
                          "duration": 0,
                          "state": "skipped",
                          "speed": null,
                          "pass": false,
                          "fail": false,
                          "pending": true,
                          "context": null,
                          "code": "",
                          "err": {},
                          "uuid": "43e750c6-8f51-4f87-9204-60bbac4a5f33",
                          "parentUUID": null,
                          "isHook": false,
                          "skipped": false
                        },
                        {
                          "title": "Contact last activity widget - event",
                          "fullTitle": "contact-tab contact overview widgets contact overview with data next and last actitivty with event Contact last activity widget - event",
                          "timedOut": null,
                          "duration": 0,
                          "state": "skipped",
                          "speed": null,
                          "pass": false,
                          "fail": false,
                          "pending": true,
                          "context": null,
                          "code": "",
                          "err": {},
                          "uuid": "78da317a-a543-4aa4-ac69-d69fbd413256",
                          "parentUUID": null,
                          "isHook": false,
                          "skipped": false
                        }
                      ],
                      "suites": [],
                      "passes": [],
                      "failures": [],
                      "pending": [
                        "43e750c6-8f51-4f87-9204-60bbac4a5f33",
                        "78da317a-a543-4aa4-ac69-d69fbd413256"
                      ],
                      "skipped": [],
                      "duration": 0,
                      "root": false,
                      "rootEmpty": false,
                      "_timeout": 2000
                    },
                    {
                      "uuid": "a8c3c250-718b-4ad7-b7f8-5cb3d225c4b6",
                      "title": "next and last actitivty with task",
                      "fullFile": "",
                      "file": "",
                      "beforeHooks": [],
                      "afterHooks": [],
                      "tests": [
                        {
                          "title": "Contact next widget with data - task",
                          "fullTitle": "contact-tab contact overview widgets contact overview with data next and last actitivty with task Contact next widget with data - task",
                          "timedOut": null,
                          "duration": 0,
                          "state": "skipped",
                          "speed": null,
                          "pass": false,
                          "fail": false,
                          "pending": true,
                          "context": null,
                          "code": "",
                          "err": {},
                          "uuid": "b3e58437-398a-47e9-a64f-23a0bd36a595",
                          "parentUUID": null,
                          "isHook": false,
                          "skipped": false
                        },
                        {
                          "title": "Contact last activity widget - task",
                          "fullTitle": "contact-tab contact overview widgets contact overview with data next and last actitivty with task Contact last activity widget - task",
                          "timedOut": null,
                          "duration": 0,
                          "state": "skipped",
                          "speed": null,
                          "pass": false,
                          "fail": false,
                          "pending": true,
                          "context": null,
                          "code": "",
                          "err": {},
                          "uuid": "c7e75fce-0a75-4afd-bb0e-279b52e8fc9f",
                          "parentUUID": null,
                          "isHook": false,
                          "skipped": false
                        }
                      ],
                      "suites": [],
                      "passes": [],
                      "failures": [],
                      "pending": [
                        "b3e58437-398a-47e9-a64f-23a0bd36a595",
                        "c7e75fce-0a75-4afd-bb0e-279b52e8fc9f"
                      ],
                      "skipped": [],
                      "duration": 0,
                      "root": false,
                      "rootEmpty": false,
                      "_timeout": 2000
                    }
                  ],
                  "passes": [],
                  "failures": [
                    "5bfa4793-b6fb-41ce-a91f-de43a3c6b788"
                  ],
                  "pending": [],
                  "skipped": [
                    "269ee095-de28-4380-b9d1-fa82e3d5428f",
                    "339a5402-b92c-4ea2-ba7e-0aaaae7ae276",
                    "3c283ad0-0827-4507-8e04-10fdb89790e1"
                  ],
                  "duration": 58015,
                  "root": false,
                  "rootEmpty": false,
                  "_timeout": 2000
                }
              ],
              "passes": [],
              "failures": [],
              "pending": [],
              "skipped": [],
              "duration": 0,
              "root": false,
              "rootEmpty": false,
              "_timeout": 2000
            },
            {
              "uuid": "c7973319-192a-48fd-82dc-84ae5306602a",
              "title": "deals",
              "fullFile": "",
              "file": "",
              "beforeHooks": [],
              "afterHooks": [],
              "tests": [
                {
                  "title": "Loading Deals... displays when getDeals API call is pending",
                  "fullTitle": "contact-tab deals Loading Deals... displays when getDeals API call is pending",
                  "timedOut": null,
                  "duration": 58456,
                  "state": "failed",
                  "speed": null,
                  "pass": false,
                  "fail": true,
                  "pending": false,
                  "context": null,
                  "code": "cy.intercept('/api/GlobalDeal/GetGlobalDeals', req => {\n  req.reply(res => {\n    res.delay(3000);\n  });\n});\nnavigateToDealsTabFromContact();\ncy.testLoadingText('Qualifying');\ncy.testLoadingText('Negotiation');\ncy.testLoadingText('Trial Shipment'); // cy.testLoadingText('Final Negotiation')",
                  "err": {
                    "message": "CypressError: `cy.screenshot()` timed out waiting `30000ms` to complete.",
                    "estack": "CypressError: `cy.screenshot()` timed out waiting `30000ms` to complete.\n    at https://develop.firstfreight.com/__cypress/runner/cypress_runner.js:144115:81\n    at tryCatcher (https://develop.firstfreight.com/__cypress/runner/cypress_runner.js:11318:23)\n    at https://develop.firstfreight.com/__cypress/runner/cypress_runner.js:6440:41\n    at tryCatcher (https://develop.firstfreight.com/__cypress/runner/cypress_runner.js:11318:23)\n    at Promise._settlePromiseFromHandler (https://develop.firstfreight.com/__cypress/runner/cypress_runner.js:9253:31)\n    at Promise._settlePromise (https://develop.firstfreight.com/__cypress/runner/cypress_runner.js:9310:18)\n    at Promise._settlePromise0 (https://develop.firstfreight.com/__cypress/runner/cypress_runner.js:9355:10)\n    at Promise._settlePromises (https://develop.firstfreight.com/__cypress/runner/cypress_runner.js:9431:18)\n    at _drainQueueStep (https://develop.firstfreight.com/__cypress/runner/cypress_runner.js:6025:12)\n    at _drainQueue (https://develop.firstfreight.com/__cypress/runner/cypress_runner.js:6018:9)\n    at ../../node_modules/bluebird/js/release/async.js.Async._drainQueues (https://develop.firstfreight.com/__cypress/runner/cypress_runner.js:6034:5)\n    at Async.drainQueues (https://develop.firstfreight.com/__cypress/runner/cypress_runner.js:5904:14)",
                    "diff": null
                  },
                  "uuid": "7c3d716f-258f-4bb4-bc4f-f5e0a3c24fa2",
                  "parentUUID": "c7973319-192a-48fd-82dc-84ae5306602a",
                  "isHook": false,
                  "skipped": false
                },
                {
                  "title": "No deals shows correct message - active",
                  "fullTitle": "contact-tab deals No deals shows correct message - active",
                  "timedOut": null,
                  "duration": 56922,
                  "state": "failed",
                  "speed": null,
                  "pass": false,
                  "fail": true,
                  "pending": false,
                  "context": null,
                  "code": "navigateToDealsTabFromContact();\ncy.noDealMessageTabs('active');",
                  "err": {
                    "message": "CypressError: `cy.screenshot()` timed out waiting `30000ms` to complete.",
                    "estack": "CypressError: `cy.screenshot()` timed out waiting `30000ms` to complete.\n    at https://develop.firstfreight.com/__cypress/runner/cypress_runner.js:144115:81\n    at tryCatcher (https://develop.firstfreight.com/__cypress/runner/cypress_runner.js:11318:23)\n    at https://develop.firstfreight.com/__cypress/runner/cypress_runner.js:6440:41\n    at tryCatcher (https://develop.firstfreight.com/__cypress/runner/cypress_runner.js:11318:23)\n    at Promise._settlePromiseFromHandler (https://develop.firstfreight.com/__cypress/runner/cypress_runner.js:9253:31)\n    at Promise._settlePromise (https://develop.firstfreight.com/__cypress/runner/cypress_runner.js:9310:18)\n    at Promise._settlePromise0 (https://develop.firstfreight.com/__cypress/runner/cypress_runner.js:9355:10)\n    at Promise._settlePromises (https://develop.firstfreight.com/__cypress/runner/cypress_runner.js:9431:18)\n    at _drainQueueStep (https://develop.firstfreight.com/__cypress/runner/cypress_runner.js:6025:12)\n    at _drainQueue (https://develop.firstfreight.com/__cypress/runner/cypress_runner.js:6018:9)\n    at ../../node_modules/bluebird/js/release/async.js.Async._drainQueues (https://develop.firstfreight.com/__cypress/runner/cypress_runner.js:6034:5)\n    at Async.drainQueues (https://develop.firstfreight.com/__cypress/runner/cypress_runner.js:5904:14)",
                    "diff": null
                  },
                  "uuid": "d74f91f6-73d2-45a7-aed1-f2d54aeb8a7f",
                  "parentUUID": "c7973319-192a-48fd-82dc-84ae5306602a",
                  "isHook": false,
                  "skipped": false
                },
                {
                  "title": "No deals shows correct message - inactive",
                  "fullTitle": "contact-tab deals No deals shows correct message - inactive",
                  "timedOut": null,
                  "duration": 57744,
                  "state": "failed",
                  "speed": null,
                  "pass": false,
                  "fail": true,
                  "pending": false,
                  "context": null,
                  "code": "navigateToDealsTabFromContact();\ncy.noDealMessageTabs('inactive');",
                  "err": {
                    "message": "CypressError: `cy.screenshot()` timed out waiting `30000ms` to complete.",
                    "estack": "CypressError: `cy.screenshot()` timed out waiting `30000ms` to complete.\n    at https://develop.firstfreight.com/__cypress/runner/cypress_runner.js:144115:81\n    at tryCatcher (https://develop.firstfreight.com/__cypress/runner/cypress_runner.js:11318:23)\n    at https://develop.firstfreight.com/__cypress/runner/cypress_runner.js:6440:41\n    at tryCatcher (https://develop.firstfreight.com/__cypress/runner/cypress_runner.js:11318:23)\n    at Promise._settlePromiseFromHandler (https://develop.firstfreight.com/__cypress/runner/cypress_runner.js:9253:31)\n    at Promise._settlePromise (https://develop.firstfreight.com/__cypress/runner/cypress_runner.js:9310:18)\n    at Promise._settlePromise0 (https://develop.firstfreight.com/__cypress/runner/cypress_runner.js:9355:10)\n    at Promise._settlePromises (https://develop.firstfreight.com/__cypress/runner/cypress_runner.js:9431:18)\n    at _drainQueueStep (https://develop.firstfreight.com/__cypress/runner/cypress_runner.js:6025:12)\n    at _drainQueue (https://develop.firstfreight.com/__cypress/runner/cypress_runner.js:6018:9)\n    at ../../node_modules/bluebird/js/release/async.js.Async._drainQueues (https://develop.firstfreight.com/__cypress/runner/cypress_runner.js:6034:5)\n    at Async.drainQueues (https://develop.firstfreight.com/__cypress/runner/cypress_runner.js:5904:14)",
                    "diff": null
                  },
                  "uuid": "190eb05c-f89a-4c21-b8da-cdbac6e1ae8c",
                  "parentUUID": "c7973319-192a-48fd-82dc-84ae5306602a",
                  "isHook": false,
                  "skipped": false
                },
                {
                  "title": "should add deal",
                  "fullTitle": "contact-tab deals should add deal",
                  "timedOut": null,
                  "duration": 56885,
                  "state": "failed",
                  "speed": null,
                  "pass": false,
                  "fail": true,
                  "pending": false,
                  "context": null,
                  "code": "navigateToDealsTabFromContact();\ncy.get('a[data-action=\"new-deal\"]:first').click({\n  force: true\n});\ncy.intercept({\n  method: 'POST',\n  url: '/api/deal/SaveDeal'\n}).as('dealID'); // Fill the form\ncy.fillForm(_forms.dealForm, newDeal); // Click Save\ncy.get('#btnSave').click({\n  force: true\n});\ncy.wait('@dealID').then(xhr => {\n  dealId = xhr.response.body;\n  cy.get('#divLaneAddEdit').should('be.visible');\n});\ncy.wait(8000);\ncy.navigateAndCheckURL(_urls.CONTACT_LIST_URL);\ncy.get('#tblContacts').contains(newContactName).click();\ncy.navigateToContactTab('deals');\ncy.get('#active-deal > div > [data-stage=\"Qualifying\"]').contains(dealName);",
                  "err": {
                    "message": "CypressError: `cy.screenshot()` timed out waiting `30000ms` to complete.",
                    "estack": "CypressError: `cy.screenshot()` timed out waiting `30000ms` to complete.\n    at https://develop.firstfreight.com/__cypress/runner/cypress_runner.js:144115:81\n    at tryCatcher (https://develop.firstfreight.com/__cypress/runner/cypress_runner.js:11318:23)\n    at https://develop.firstfreight.com/__cypress/runner/cypress_runner.js:6440:41\n    at tryCatcher (https://develop.firstfreight.com/__cypress/runner/cypress_runner.js:11318:23)\n    at Promise._settlePromiseFromHandler (https://develop.firstfreight.com/__cypress/runner/cypress_runner.js:9253:31)\n    at Promise._settlePromise (https://develop.firstfreight.com/__cypress/runner/cypress_runner.js:9310:18)\n    at Promise._settlePromise0 (https://develop.firstfreight.com/__cypress/runner/cypress_runner.js:9355:10)\n    at Promise._settlePromises (https://develop.firstfreight.com/__cypress/runner/cypress_runner.js:9431:18)\n    at _drainQueueStep (https://develop.firstfreight.com/__cypress/runner/cypress_runner.js:6025:12)\n    at _drainQueue (https://develop.firstfreight.com/__cypress/runner/cypress_runner.js:6018:9)\n    at ../../node_modules/bluebird/js/release/async.js.Async._drainQueues (https://develop.firstfreight.com/__cypress/runner/cypress_runner.js:6034:5)\n    at Async.drainQueues (https://develop.firstfreight.com/__cypress/runner/cypress_runner.js:5904:14)",
                    "diff": null
                  },
                  "uuid": "8d6e3631-360f-471f-b2b0-ebda5f9b4f51",
                  "parentUUID": "c7973319-192a-48fd-82dc-84ae5306602a",
                  "isHook": false,
                  "skipped": false
                },
                {
                  "title": "should list deals",
                  "fullTitle": "contact-tab deals should list deals",
                  "timedOut": null,
                  "duration": 57791,
                  "state": "failed",
                  "speed": null,
                  "pass": false,
                  "fail": true,
                  "pending": false,
                  "context": null,
                  "code": "navigateToDealsTabFromContact();\nconst dealDetails = {\n  dataStage: 'Qualifying',\n  dealID: dealId,\n  dealTitle: dealName,\n  dealCompanyName: companyName,\n  dealOwner: salesRepName\n};\ncy.testDealCard(dealDetails);",
                  "err": {
                    "message": "CypressError: `cy.screenshot()` timed out waiting `30000ms` to complete.",
                    "estack": "CypressError: `cy.screenshot()` timed out waiting `30000ms` to complete.\n    at https://develop.firstfreight.com/__cypress/runner/cypress_runner.js:144115:81\n    at tryCatcher (https://develop.firstfreight.com/__cypress/runner/cypress_runner.js:11318:23)\n    at https://develop.firstfreight.com/__cypress/runner/cypress_runner.js:6440:41\n    at tryCatcher (https://develop.firstfreight.com/__cypress/runner/cypress_runner.js:11318:23)\n    at Promise._settlePromiseFromHandler (https://develop.firstfreight.com/__cypress/runner/cypress_runner.js:9253:31)\n    at Promise._settlePromise (https://develop.firstfreight.com/__cypress/runner/cypress_runner.js:9310:18)\n    at Promise._settlePromise0 (https://develop.firstfreight.com/__cypress/runner/cypress_runner.js:9355:10)\n    at Promise._settlePromises (https://develop.firstfreight.com/__cypress/runner/cypress_runner.js:9431:18)\n    at _drainQueueStep (https://develop.firstfreight.com/__cypress/runner/cypress_runner.js:6025:12)\n    at _drainQueue (https://develop.firstfreight.com/__cypress/runner/cypress_runner.js:6018:9)\n    at ../../node_modules/bluebird/js/release/async.js.Async._drainQueues (https://develop.firstfreight.com/__cypress/runner/cypress_runner.js:6034:5)\n    at Async.drainQueues (https://develop.firstfreight.com/__cypress/runner/cypress_runner.js:5904:14)",
                    "diff": null
                  },
                  "uuid": "cf98c44e-6099-4c5b-841f-5b0a17433ac3",
                  "parentUUID": "c7973319-192a-48fd-82dc-84ae5306602a",
                  "isHook": false,
                  "skipped": false
                },
                {
                  "title": "should edit deals",
                  "fullTitle": "contact-tab deals should edit deals",
                  "timedOut": null,
                  "duration": 61493,
                  "state": "failed",
                  "speed": null,
                  "pass": false,
                  "fail": true,
                  "pending": false,
                  "context": null,
                  "code": "cy.wait(4000);\nnavigateToDealsTabFromContact();\ncy.get(`.cd-title [title=\"${dealName}\"]`).click();\ncy.wait(4000);\ncy.get('.desktop-header-dropdown .edit-button').click(); // Change Title\ncy.fillForm(_forms.dealForm, newChangeDeal); // Save\ncy.get('#btnSave').click();\ncy.get('#lblDealNameTop').should('have.text', newChangeDeal.dealName);\ncy.navigateAndCheckURL(_urls.CONTACT_LIST_URL);\ncy.get('#tblContacts').contains(newContactName).click();\ncy.navigateToContactTab('deals');\ncy.get(`[data-id=\"${dealId}\"].grid-box .cd-title > a`).should('have.text', newChangeDeal.dealName);\ncy.wait(3000);",
                  "err": {
                    "message": "CypressError: `cy.screenshot()` timed out waiting `30000ms` to complete.",
                    "estack": "CypressError: `cy.screenshot()` timed out waiting `30000ms` to complete.\n    at https://develop.firstfreight.com/__cypress/runner/cypress_runner.js:144115:81\n    at tryCatcher (https://develop.firstfreight.com/__cypress/runner/cypress_runner.js:11318:23)\n    at https://develop.firstfreight.com/__cypress/runner/cypress_runner.js:6440:41\n    at tryCatcher (https://develop.firstfreight.com/__cypress/runner/cypress_runner.js:11318:23)\n    at Promise._settlePromiseFromHandler (https://develop.firstfreight.com/__cypress/runner/cypress_runner.js:9253:31)\n    at Promise._settlePromise (https://develop.firstfreight.com/__cypress/runner/cypress_runner.js:9310:18)\n    at Promise._settlePromise0 (https://develop.firstfreight.com/__cypress/runner/cypress_runner.js:9355:10)\n    at Promise._settlePromises (https://develop.firstfreight.com/__cypress/runner/cypress_runner.js:9431:18)\n    at _drainQueueStep (https://develop.firstfreight.com/__cypress/runner/cypress_runner.js:6025:12)\n    at _drainQueue (https://develop.firstfreight.com/__cypress/runner/cypress_runner.js:6018:9)\n    at ../../node_modules/bluebird/js/release/async.js.Async._drainQueues (https://develop.firstfreight.com/__cypress/runner/cypress_runner.js:6034:5)\n    at Async.drainQueues (https://develop.firstfreight.com/__cypress/runner/cypress_runner.js:5904:14)",
                    "diff": null
                  },
                  "uuid": "0b45fd31-61cf-4105-b006-75ae44d495f3",
                  "parentUUID": "c7973319-192a-48fd-82dc-84ae5306602a",
                  "isHook": false,
                  "skipped": false
                },
                {
                  "title": "should delete deals",
                  "fullTitle": "contact-tab deals should delete deals",
                  "timedOut": null,
                  "duration": 56913,
                  "state": "failed",
                  "speed": null,
                  "pass": false,
                  "fail": true,
                  "pending": false,
                  "context": null,
                  "code": "cy.intercept({\n  method: 'GET',\n  url: `/api/deal/DeleteDeal/?dealId=${dealId}&userId=${salesRepUserId}&dealSubscriberId=${subscriberId}&userSubscriberId=${subscriberId}`\n}).as('deleteDeal');\nnavigateToDealsTabFromContact();\ncy.get(`.cd-title [title=\"${newChangeDeal.dealName}\"]`).click();\ncy.wait(5000);\ncy.get('.desktop-header-dropdown .edit-button').click(); // Click Save\ncy.get('#btnDelete').click(); // Confirm Yes\ncy.get('.swal2-actions > :nth-child(1)').click();\ncy.wait('@deleteDeal');\ncy.wait(2000);\ncy.navigateAndCheckURL(_urls.CONTACT_LIST_URL);\ncy.get('#tblContacts').contains(newContactName).click();\ncy.navigateToContactTab('deals');\ncy.get('#active-deal').should('not.contain.text', newChangeDeal.dealName);",
                  "err": {
                    "message": "CypressError: `cy.screenshot()` timed out waiting `30000ms` to complete.",
                    "estack": "CypressError: `cy.screenshot()` timed out waiting `30000ms` to complete.\n    at https://develop.firstfreight.com/__cypress/runner/cypress_runner.js:144115:81\n    at tryCatcher (https://develop.firstfreight.com/__cypress/runner/cypress_runner.js:11318:23)\n    at https://develop.firstfreight.com/__cypress/runner/cypress_runner.js:6440:41\n    at tryCatcher (https://develop.firstfreight.com/__cypress/runner/cypress_runner.js:11318:23)\n    at Promise._settlePromiseFromHandler (https://develop.firstfreight.com/__cypress/runner/cypress_runner.js:9253:31)\n    at Promise._settlePromise (https://develop.firstfreight.com/__cypress/runner/cypress_runner.js:9310:18)\n    at Promise._settlePromise0 (https://develop.firstfreight.com/__cypress/runner/cypress_runner.js:9355:10)\n    at Promise._settlePromises (https://develop.firstfreight.com/__cypress/runner/cypress_runner.js:9431:18)\n    at _drainQueueStep (https://develop.firstfreight.com/__cypress/runner/cypress_runner.js:6025:12)\n    at _drainQueue (https://develop.firstfreight.com/__cypress/runner/cypress_runner.js:6018:9)\n    at ../../node_modules/bluebird/js/release/async.js.Async._drainQueues (https://develop.firstfreight.com/__cypress/runner/cypress_runner.js:6034:5)\n    at Async.drainQueues (https://develop.firstfreight.com/__cypress/runner/cypress_runner.js:5904:14)",
                    "diff": null
                  },
                  "uuid": "735defc6-6d62-4eeb-b866-844e6fca0b3f",
                  "parentUUID": "c7973319-192a-48fd-82dc-84ae5306602a",
                  "isHook": false,
                  "skipped": false
                },
                {
                  "title": "selecting Deal Form should have company and contact locked",
                  "fullTitle": "contact-tab deals selecting Deal Form should have company and contact locked",
                  "timedOut": null,
                  "duration": 57769,
                  "state": "failed",
                  "speed": null,
                  "pass": false,
                  "fail": true,
                  "pending": false,
                  "context": null,
                  "code": "navigateToDealsTabFromContact();\ncy.get('.deals-acts [data-action=\"new-deal\"]').click();\ncy.get('.select2.select2-container.select2-container--default .select2-selection--single[aria-labelledby=\"select2-ddlContact-container\"]').should('be.visible'); // .should('have.css', 'background-color')\n// .and('eq', 'rgb(238, 238, 238)')\ncy.get('#select2-ddlContact-container').should('have.text', `AAA ${newContactName}`);\ncy.get('.select2.select2-container.select2-container--default.select2-container--disabled .select2-selection--single[aria-labelledby=\"select2-ddlCompany-container\"]').should('be.visible').should('have.css', 'background-color').and('eq', 'rgb(238, 238, 238)');\ncy.get('#select2-ddlCompany-container').should('have.text', `${companyName} - San Pedro`);",
                  "err": {
                    "message": "CypressError: `cy.screenshot()` timed out waiting `30000ms` to complete.",
                    "estack": "CypressError: `cy.screenshot()` timed out waiting `30000ms` to complete.\n    at https://develop.firstfreight.com/__cypress/runner/cypress_runner.js:144115:81\n    at tryCatcher (https://develop.firstfreight.com/__cypress/runner/cypress_runner.js:11318:23)\n    at https://develop.firstfreight.com/__cypress/runner/cypress_runner.js:6440:41\n    at tryCatcher (https://develop.firstfreight.com/__cypress/runner/cypress_runner.js:11318:23)\n    at Promise._settlePromiseFromHandler (https://develop.firstfreight.com/__cypress/runner/cypress_runner.js:9253:31)\n    at Promise._settlePromise (https://develop.firstfreight.com/__cypress/runner/cypress_runner.js:9310:18)\n    at Promise._settlePromise0 (https://develop.firstfreight.com/__cypress/runner/cypress_runner.js:9355:10)\n    at Promise._settlePromises (https://develop.firstfreight.com/__cypress/runner/cypress_runner.js:9431:18)\n    at _drainQueueStep (https://develop.firstfreight.com/__cypress/runner/cypress_runner.js:6025:12)\n    at _drainQueue (https://develop.firstfreight.com/__cypress/runner/cypress_runner.js:6018:9)\n    at ../../node_modules/bluebird/js/release/async.js.Async._drainQueues (https://develop.firstfreight.com/__cypress/runner/cypress_runner.js:6034:5)\n    at Async.drainQueues (https://develop.firstfreight.com/__cypress/runner/cypress_runner.js:5904:14)",
                    "diff": null
                  },
                  "uuid": "d17531a1-1df7-4de1-8222-6da0a96fe092",
                  "parentUUID": "c7973319-192a-48fd-82dc-84ae5306602a",
                  "isHook": false,
                  "skipped": false
                }
              ],
              "suites": [
                {
                  "uuid": "a4198126-fb34-445f-8209-c7059d138c08",
                  "title": "contact deal - data",
                  "fullFile": "",
                  "file": "",
                  "beforeHooks": [],
                  "afterHooks": [],
                  "tests": [
                    {
                      "title": "Inactive tab displays data correctly",
                      "fullTitle": "contact-tab deals contact deal - data Inactive tab displays data correctly",
                      "timedOut": null,
                      "duration": 64181,
                      "state": "failed",
                      "speed": null,
                      "pass": false,
                      "fail": true,
                      "pending": false,
                      "context": null,
                      "code": "//ASSERTIONS\nnavigateToDealsTabFromContact();\ncy.toggleTabs('inactive');\ncy.wait(4000);\ncy.get('.deals-box[data-stage=\"Won\"] .DGreen').contains('Won');\ncy.get('.deals-box[data-stage=\"Lost\"] .DRed').contains('Lost');\ncy.get('.deals-box[data-stage=\"Stalled\"] .DGrey').contains('Stalled');\nconst wonDeals = [wonDealName];\nconst lostDeals = [lostDealName];\nconst stalledDeals = [stalledDealName];\ncy.dealsListTest('Won', 1, wonDeals);\ncy.dealsListTest('Lost', 1, lostDeals);\ncy.dealsListTest('Stalled', 1, stalledDeals);",
                      "err": {
                        "message": "CypressError: `cy.screenshot()` timed out waiting `30000ms` to complete.",
                        "estack": "CypressError: `cy.screenshot()` timed out waiting `30000ms` to complete.\n    at https://develop.firstfreight.com/__cypress/runner/cypress_runner.js:144115:81\n    at tryCatcher (https://develop.firstfreight.com/__cypress/runner/cypress_runner.js:11318:23)\n    at https://develop.firstfreight.com/__cypress/runner/cypress_runner.js:6440:41\n    at tryCatcher (https://develop.firstfreight.com/__cypress/runner/cypress_runner.js:11318:23)\n    at Promise._settlePromiseFromHandler (https://develop.firstfreight.com/__cypress/runner/cypress_runner.js:9253:31)\n    at Promise._settlePromise (https://develop.firstfreight.com/__cypress/runner/cypress_runner.js:9310:18)\n    at Promise._settlePromise0 (https://develop.firstfreight.com/__cypress/runner/cypress_runner.js:9355:10)\n    at Promise._settlePromises (https://develop.firstfreight.com/__cypress/runner/cypress_runner.js:9431:18)\n    at _drainQueueStep (https://develop.firstfreight.com/__cypress/runner/cypress_runner.js:6025:12)\n    at _drainQueue (https://develop.firstfreight.com/__cypress/runner/cypress_runner.js:6018:9)\n    at ../../node_modules/bluebird/js/release/async.js.Async._drainQueues (https://develop.firstfreight.com/__cypress/runner/cypress_runner.js:6034:5)\n    at Async.drainQueues (https://develop.firstfreight.com/__cypress/runner/cypress_runner.js:5904:14)",
                        "diff": null
                      },
                      "uuid": "a9b17e03-7fef-484c-ac8c-6af94ce62459",
                      "parentUUID": "a4198126-fb34-445f-8209-c7059d138c08",
                      "isHook": false,
                      "skipped": false
                    },
                    {
                      "title": "Test list view for deals",
                      "fullTitle": "contact-tab deals contact deal - data Test list view for deals",
                      "timedOut": null,
                      "duration": 57471,
                      "state": "failed",
                      "speed": null,
                      "pass": false,
                      "fail": true,
                      "pending": false,
                      "context": null,
                      "code": "const listViewChecker = ({\n  dealID,\n  dealName,\n  company,\n  city,\n  owner,\n  stage\n}) => {\n  const dealSelector = `tr[data-id=\"${dealID}\"]`;\n  cy.get(`${dealSelector} .hover-link`).contains(dealName);\n  cy.get(`${dealSelector} td:nth-of-type(2) .company`).contains(company);\n  cy.get(`${dealSelector} :nth-of-type(3) .company`).contains(city);\n  cy.get(`${dealSelector} td:nth-of-type(4)`).contains(owner);\n  cy.get(`${dealSelector} td[data-sales-stage-id]`).contains(stage);\n};\nconst trialDeal = {\n  dealID: trialID,\n  dealName: trialDealName,\n  company: companyName,\n  city: salesRepCity,\n  owner: salesRepName,\n  stage: 'Trial Shipment'\n};\nconst wonDeal = {\n  dealID: wonDealID,\n  dealName: wonDealName,\n  company: companyName,\n  city: salesRepCity,\n  owner: salesRepName,\n  stage: 'Won'\n};\nconst lostDeal = {\n  dealID: lostDealID,\n  dealName: lostDealName,\n  company: companyName,\n  city: salesRepCity,\n  owner: salesRepName,\n  stage: 'Lost'\n};\nconst stalledDeal = {\n  dealID: stalledDealID,\n  dealName: stalledDealName,\n  company: companyName,\n  city: salesRepCity,\n  owner: salesRepName,\n  stage: 'Stalled'\n};\nconst qualDeal = {\n  dealID: qualID,\n  dealName: qualifyingDealName,\n  company: companyName,\n  city: salesRepCity,\n  owner: salesRepName,\n  stage: 'Qualifying'\n};\nnavigateToDealsTabFromContact();\ncy.get('[data-view=\"list\"]').click();\ncy.get('[data-type-card=\"#active-deal\"]').click();\ncy.get('#list-view').should('be.visible');\nlistViewChecker(trialDeal);\nlistViewChecker(qualDeal);\ncy.get('[data-type-card=\"#inactive-deal\"]').click();\nlistViewChecker(stalledDeal);\nlistViewChecker(lostDeal);\nlistViewChecker(wonDeal);",
                      "err": {
                        "message": "CypressError: `cy.screenshot()` timed out waiting `30000ms` to complete.",
                        "estack": "CypressError: `cy.screenshot()` timed out waiting `30000ms` to complete.\n    at https://develop.firstfreight.com/__cypress/runner/cypress_runner.js:144115:81\n    at tryCatcher (https://develop.firstfreight.com/__cypress/runner/cypress_runner.js:11318:23)\n    at https://develop.firstfreight.com/__cypress/runner/cypress_runner.js:6440:41\n    at tryCatcher (https://develop.firstfreight.com/__cypress/runner/cypress_runner.js:11318:23)\n    at Promise._settlePromiseFromHandler (https://develop.firstfreight.com/__cypress/runner/cypress_runner.js:9253:31)\n    at Promise._settlePromise (https://develop.firstfreight.com/__cypress/runner/cypress_runner.js:9310:18)\n    at Promise._settlePromise0 (https://develop.firstfreight.com/__cypress/runner/cypress_runner.js:9355:10)\n    at Promise._settlePromises (https://develop.firstfreight.com/__cypress/runner/cypress_runner.js:9431:18)\n    at _drainQueueStep (https://develop.firstfreight.com/__cypress/runner/cypress_runner.js:6025:12)\n    at _drainQueue (https://develop.firstfreight.com/__cypress/runner/cypress_runner.js:6018:9)\n    at ../../node_modules/bluebird/js/release/async.js.Async._drainQueues (https://develop.firstfreight.com/__cypress/runner/cypress_runner.js:6034:5)\n    at Async.drainQueues (https://develop.firstfreight.com/__cypress/runner/cypress_runner.js:5904:14)",
                        "diff": null
                      },
                      "uuid": "34b52b60-b1bb-4061-a47c-212fa3d5a6ee",
                      "parentUUID": "a4198126-fb34-445f-8209-c7059d138c08",
                      "isHook": false,
                      "skipped": false
                    }
                  ],
                  "suites": [],
                  "passes": [],
                  "failures": [
                    "a9b17e03-7fef-484c-ac8c-6af94ce62459",
                    "34b52b60-b1bb-4061-a47c-212fa3d5a6ee"
                  ],
                  "pending": [],
                  "skipped": [],
                  "duration": 121652,
                  "root": false,
                  "rootEmpty": false,
                  "_timeout": 2000
                }
              ],
              "passes": [],
              "failures": [
                "7c3d716f-258f-4bb4-bc4f-f5e0a3c24fa2",
                "d74f91f6-73d2-45a7-aed1-f2d54aeb8a7f",
                "190eb05c-f89a-4c21-b8da-cdbac6e1ae8c",
                "8d6e3631-360f-471f-b2b0-ebda5f9b4f51",
                "cf98c44e-6099-4c5b-841f-5b0a17433ac3",
                "0b45fd31-61cf-4105-b006-75ae44d495f3",
                "735defc6-6d62-4eeb-b866-844e6fca0b3f",
                "d17531a1-1df7-4de1-8222-6da0a96fe092"
              ],
              "pending": [],
              "skipped": [],
              "duration": 463973,
              "root": false,
              "rootEmpty": false,
              "_timeout": 2000
            },
            {
              "uuid": "6d7d17b5-39bf-4266-8f56-bc8c30f6008f",
              "title": "contact quotes",
              "fullFile": "",
              "file": "",
              "beforeHooks": [],
              "afterHooks": [],
              "tests": [],
              "suites": [
                {
                  "uuid": "9671ceef-8aa2-4c52-9010-50ebf3d9350d",
                  "title": "validation",
                  "fullFile": "",
                  "file": "",
                  "beforeHooks": [],
                  "afterHooks": [],
                  "tests": [],
                  "suites": [
                    {
                      "uuid": "aed9785c-c91f-42e2-a170-d6716b322271",
                      "title": "quotes page",
                      "fullFile": "",
                      "file": "",
                      "beforeHooks": [],
                      "afterHooks": [],
                      "tests": [
                        {
                          "title": "No quotes returned displays the no quotes page",
                          "fullTitle": "contact-tab contact quotes validation quotes page No quotes returned displays the no quotes page",
                          "timedOut": null,
                          "duration": 65848,
                          "state": "failed",
                          "speed": null,
                          "pass": false,
                          "fail": true,
                          "pending": false,
                          "context": null,
                          "code": "cy.intercept('api/quote/GetQuotes', {\n  \"CurrencySymbol\": \"$\",\n  \"IsLastPage\": true,\n  \"OverdueGlobalQuoteCount\": 0,\n  \"OverdueGlobalQuotes\": [],\n  \"GlobalQuotes\": [],\n  \"GlobalQuotesExtended\": []\n});\ncy.reload();\ncy.noQuotesPageDisplayed();",
                          "err": {
                            "message": "CypressError: `cy.screenshot()` timed out waiting `30000ms` to complete.\n\nBecause this error occurred during a `before each` hook we are skipping the remaining tests in the current suite: `quotes page`",
                            "estack": "CypressError: `cy.screenshot()` timed out waiting `30000ms` to complete.\n\nBecause this error occurred during a `before each` hook we are skipping the remaining tests in the current suite: `quotes page`\n    at https://develop.firstfreight.com/__cypress/runner/cypress_runner.js:144115:81\n    at tryCatcher (https://develop.firstfreight.com/__cypress/runner/cypress_runner.js:11318:23)\n    at https://develop.firstfreight.com/__cypress/runner/cypress_runner.js:6440:41\n    at tryCatcher (https://develop.firstfreight.com/__cypress/runner/cypress_runner.js:11318:23)\n    at Promise._settlePromiseFromHandler (https://develop.firstfreight.com/__cypress/runner/cypress_runner.js:9253:31)\n    at Promise._settlePromise (https://develop.firstfreight.com/__cypress/runner/cypress_runner.js:9310:18)\n    at Promise._settlePromise0 (https://develop.firstfreight.com/__cypress/runner/cypress_runner.js:9355:10)\n    at Promise._settlePromises (https://develop.firstfreight.com/__cypress/runner/cypress_runner.js:9431:18)\n    at _drainQueueStep (https://develop.firstfreight.com/__cypress/runner/cypress_runner.js:6025:12)\n    at _drainQueue (https://develop.firstfreight.com/__cypress/runner/cypress_runner.js:6018:9)\n    at ../../node_modules/bluebird/js/release/async.js.Async._drainQueues (https://develop.firstfreight.com/__cypress/runner/cypress_runner.js:6034:5)\n    at Async.drainQueues (https://develop.firstfreight.com/__cypress/runner/cypress_runner.js:5904:14)",
                            "diff": null
                          },
                          "uuid": "e84127a4-6251-4711-b9fb-9807a06e083b",
                          "parentUUID": "aed9785c-c91f-42e2-a170-d6716b322271",
                          "isHook": false,
                          "skipped": false
                        },
                        {
                          "title": "Add quote button in body displays form",
                          "fullTitle": "contact-tab contact quotes validation quotes page Add quote button in body displays form",
                          "timedOut": null,
[...]
              "root": false,
              "rootEmpty": false,
              "_timeout": 2000
            },
            {
              "uuid": "64a02e96-209f-4640-af99-a952d352b8f2",
              "title": "documents",
              "fullFile": "",
              "file": "",
              "beforeHooks": [],
              "afterHooks": [],
              "tests": [],
              "suites": [
                {
                  "uuid": "854ab460-1d1f-47f2-83f3-ab9f51b79e95",
                  "title": "document validation",
                  "fullFile": "",
                  "file": "",
                  "beforeHooks": [],
                  "afterHooks": [],
                  "tests": [
                    {
                      "title": "No documents message",
                      "fullTitle": "contact-tab documents document validation No documents message",
                      "timedOut": null,
                      "duration": 0,
                      "state": "pending",
                      "speed": null,
                      "pass": false,
                      "fail": false,
                      "pending": true,
                      "context": null,
                      "code": "",
                      "err": {},
                      "uuid": "445f9bcd-f665-405c-9152-e52e0699e3f9",
                      "parentUUID": "854ab460-1d1f-47f2-83f3-ab9f51b79e95",
                      "isHook": false,
                      "skipped": false
                    },
                    {
                      "title": "Document validation - Title",
                      "fullTitle": "contact-tab documents document validation Document validation - Title",
                      "timedOut": null,
                      "duration": 0,
                      "state": "pending",
                      "speed": null,
                      "pass": false,
                      "fail": false,
                      "pending": true,
                      "context": null,
                      "code": "",
                      "err": {},
                      "uuid": "5d43eab9-9053-4e95-b49c-ce983a4640a5",
                      "parentUUID": "854ab460-1d1f-47f2-83f3-ab9f51b79e95",
                      "isHook": false,
                      "skipped": false
                    },
                    {
                      "title": "Document validation - document",
                      "fullTitle": "contact-tab documents document validation Document validation - document",
                      "timedOut": null,
                      "duration": 0,
                      "state": "pending",
                      "speed": null,
                      "pass": false,
                      "fail": false,
                      "pending": true,
                      "context": null,
                      "code": "",
                      "err": {},
                      "uuid": "e837cf6a-2ccc-4f4c-be3c-9d9541f6cc4a",
                      "parentUUID": "854ab460-1d1f-47f2-83f3-ab9f51b79e95",
                      "isHook": false,
                      "skipped": false
                    },
                    {
                      "title": "Document validation - upload large image (over 5MB)",
                      "fullTitle": "contact-tab documents document validation Document validation - upload large image (over 5MB)",
                      "timedOut": null,
                      "duration": 0,
                      "state": "pending",
                      "speed": null,
                      "pass": false,
                      "fail": false,
                      "pending": true,
                      "context": null,
                      "code": "",
                      "err": {},
                      "uuid": "b5569c2b-f431-4e27-897b-aeeed31a712b",
                      "parentUUID": "854ab460-1d1f-47f2-83f3-ab9f51b79e95",
                      "isHook": false,
                      "skipped": false
                    }
                  ],
                  "suites": [],
                  "passes": [],
                  "failures": [],
                  "pending": [
                    "445f9bcd-f665-405c-9152-e52e0699e3f9",
                    "5d43eab9-9053-4e95-b49c-ce983a4640a5",
                    "e837cf6a-2ccc-4f4c-be3c-9d9541f6cc4a",
                    "b5569c2b-f431-4e27-897b-aeeed31a712b"
                  ],
                  "skipped": [],
                  "duration": 0,
                  "root": false,
                  "rootEmpty": false,
                  "_timeout": 2000
                },
                {
                  "uuid": "6e8f7153-c5c7-4d32-904b-59cbe7ae535b",
                  "title": "document functionality",
                  "fullFile": "",
                  "file": "",
                  "beforeHooks": [],
                  "afterHooks": [],
                  "tests": [
                    {
                      "title": "should delete test deal documents",
                      "fullTitle": "contact-tab documents document functionality should delete test deal documents",
                      "timedOut": null,
                      "duration": 0,
                      "state": "pending",
                      "speed": null,
                      "pass": false,
                      "fail": false,
                      "pending": true,
                      "context": null,
                      "code": "",
                      "err": {},
                      "uuid": "d2783ddb-3e8d-4641-942e-be5e9acd7bc0",
                      "parentUUID": "6e8f7153-c5c7-4d32-904b-59cbe7ae535b",
                      "isHook": false,
                      "skipped": false
                    },
                    {
                      "title": "should add document",
                      "fullTitle": "contact-tab documents document functionality should add document",
                      "timedOut": null,
                      "duration": 0,
                      "state": "pending",
                      "speed": null,
                      "pass": false,
                      "fail": false,
                      "pending": true,
                      "context": null,
                      "code": "",
                      "err": {},
                      "uuid": "d1487079-5dda-4765-a7ad-431a8b6053ea",
                      "parentUUID": "6e8f7153-c5c7-4d32-904b-59cbe7ae535b",
                      "isHook": false,
                      "skipped": false
                    },
                    {
                      "title": "should successfully download document",
                      "fullTitle": "contact-tab documents document functionality should successfully download document",
                      "timedOut": null,
                      "duration": 0,
                      "state": "pending",
                      "speed": null,
                      "pass": false,
                      "fail": false,
                      "pending": true,
                      "context": null,
                      "code": "",
                      "err": {},
                      "uuid": "236f9aef-4d80-4e45-a115-5be3cf606c2a",
                      "parentUUID": "6e8f7153-c5c7-4d32-904b-59cbe7ae535b",
                      "isHook": false,
                      "skipped": false
                    },
                    {
                      "title": "should list deal documents",
                      "fullTitle": "contact-tab documents document functionality should list deal documents",
                      "timedOut": null,
                      "duration": 0,
                      "state": "pending",
                      "speed": null,
                      "pass": false,
                      "fail": false,
                      "pending": true,
                      "context": null,
                      "code": "",
                      "err": {},
                      "uuid": "f9072e83-45d7-473e-9a8b-32795033268f",
                      "parentUUID": "6e8f7153-c5c7-4d32-904b-59cbe7ae535b",
                      "isHook": false,
                      "skipped": false
                    }
                  ],
                  "suites": [],
                  "passes": [],
                  "failures": [],
                  "pending": [
                    "d2783ddb-3e8d-4641-942e-be5e9acd7bc0",
                    "d1487079-5dda-4765-a7ad-431a8b6053ea",
                    "236f9aef-4d80-4e45-a115-5be3cf606c2a",
                    "f9072e83-45d7-473e-9a8b-32795033268f"
                  ],
                  "skipped": [],
                  "duration": 0,
                  "root": false,
                  "rootEmpty": false,
                  "_timeout": 2000
                }
              ],
              "passes": [],
              "failures": [],
              "pending": [],
              "skipped": [],
              "duration": 0,
              "root": false,
              "rootEmpty": false,
              "_timeout": 2000
            },
            {
              "uuid": "43e21bb9-219f-4e06-9970-35eb208000fa",
              "title": "sales team",
              "fullFile": "",
              "file": "",
              "beforeHooks": [],
              "afterHooks": [],
              "tests": [
                {
                  "title": "should add sales team member",
                  "fullTitle": "contact-tab sales team should add sales team member",
                  "timedOut": null,
                  "duration": 59726,
                  "state": "failed",
                  "speed": null,
                  "pass": false,
                  "fail": true,
                  "pending": false,
                  "context": null,
                  "code": "const newSalesMember = users['locationManager'];\nlet newSearch = {\n  salesTeamMember: newSalesMember.details.name,\n  salesTeamMemberSearch: newSalesMember.details.name,\n  salesRole: 'Sales Manager'\n};\nnavigateToSalesTeamTabFromContact();\nconst newSalesTeamMember = {\n  salesName: newSearch.salesTeamMember,\n  salesJobTitle: newSalesMember.details.jobTitle,\n  salesLocation: newSalesMember.details.city,\n  salesEmail: newSalesMember.details.email,\n  salesAddress: newSalesMember.details.address,\n  salesNumber: newSalesMember.details.number,\n  salesRole: newSearch.salesRole\n};\ncy.addSalesTeamMember('add', newSearch, newSalesMember.globalUserId, newSalesTeamMember);\ncy.deleteSalesTeamUserAPI('contact', newSalesMember.globalUserId, salesTeamContactId, 0, 0, salesRepGlobalUserId, subscriberId);",
                  "err": {
                    "message": "CypressError: `cy.screenshot()` timed out waiting `30000ms` to complete.",
                    "estack": "CypressError: `cy.screenshot()` timed out waiting `30000ms` to complete.\n    at https://develop.firstfreight.com/__cypress/runner/cypress_runner.js:144115:81\n    at tryCatcher (https://develop.firstfreight.com/__cypress/runner/cypress_runner.js:11318:23)\n    at https://develop.firstfreight.com/__cypress/runner/cypress_runner.js:6440:41\n    at tryCatcher (https://develop.firstfreight.com/__cypress/runner/cypress_runner.js:11318:23)\n    at Promise._settlePromiseFromHandler (https://develop.firstfreight.com/__cypress/runner/cypress_runner.js:9253:31)\n    at Promise._settlePromise (https://develop.firstfreight.com/__cypress/runner/cypress_runner.js:9310:18)\n    at Promise._settlePromise0 (https://develop.firstfreight.com/__cypress/runner/cypress_runner.js:9355:10)\n    at Promise._settlePromises (https://develop.firstfreight.com/__cypress/runner/cypress_runner.js:9431:18)\n    at _drainQueueStep (https://develop.firstfreight.com/__cypress/runner/cypress_runner.js:6025:12)\n    at _drainQueue (https://develop.firstfreight.com/__cypress/runner/cypress_runner.js:6018:9)\n    at ../../node_modules/bluebird/js/release/async.js.Async._drainQueues (https://develop.firstfreight.com/__cypress/runner/cypress_runner.js:6034:5)\n    at Async.drainQueues (https://develop.firstfreight.com/__cypress/runner/cypress_runner.js:5904:14)",
                    "diff": null
                  },
                  "uuid": "26e80e86-e162-4a2b-8cb0-aee6167fa2be",
                  "parentUUID": "43e21bb9-219f-4e06-9970-35eb208000fa",
                  "isHook": false,
                  "skipped": false
                },
                {
                  "title": "should edit the sales team user role - team",
                  "fullTitle": "contact-tab sales team should edit the sales team user role - team",
                  "timedOut": null,
                  "duration": 59918,
                  "state": "failed",
                  "speed": null,
                  "pass": false,
                  "fail": true,
                  "pending": false,
                  "context": null,
                  "code": "const newSalesMember = users['salesManager'];\nconst newSalesRoleSelector = {\n  salesRole: {\n    id: 'AddSalesTeamMember_ddlSalesTeamRole',\n    type: 'select',\n    option: {\n      force: true\n    }\n  }\n};\nconst addSalesTeamUser = {\n  companyId: 0,\n  contactId: salesTeamContactId,\n  dealId: 0,\n  globalUserId: newSalesMember.globalUserId,\n  userId: newSalesMember.userId,\n  salesTeamRole: 'Sales Manager',\n  subscriberId: subscriberId\n};\nlet newSalesRole = {\n  salesRole: 'Country Leader'\n};\ncy.addSalesTeamMemberAPI('contact', addSalesTeamUser);\nnavigateToSalesTeamTabFromContact();\ncy.salesTeamChecker(newSalesMember.details.name, addSalesTeamUser.salesTeamRole, addSalesTeamUser.globalUserId);\ncy.editSalesTeam(addSalesTeamUser.globalUserId, newSalesRoleSelector, newSalesRole);\ncy.salesTeamChecker(newSalesMember.details.name, newSalesRole.salesRole, addSalesTeamUser.globalUserId);\ncy.deleteSalesTeamUserAPI('contact', addSalesTeamUser.globalUserId, salesTeamContactId, 0, 0, salesRepGlobalUserId, subscriberId);",
                  "err": {
                    "message": "CypressError: `cy.screenshot()` timed out waiting `30000ms` to complete.",
                    "estack": "CypressError: `cy.screenshot()` timed out waiting `30000ms` to complete.\n    at https://develop.firstfreight.com/__cypress/runner/cypress_runner.js:144115:81\n    at tryCatcher (https://develop.firstfreight.com/__cypress/runner/cypress_runner.js:11318:23)\n    at https://develop.firstfreight.com/__cypress/runner/cypress_runner.js:6440:41\n    at tryCatcher (https://develop.firstfreight.com/__cypress/runner/cypress_runner.js:11318:23)\n    at Promise._settlePromiseFromHandler (https://develop.firstfreight.com/__cypress/runner/cypress_runner.js:9253:31)\n    at Promise._settlePromise (https://develop.firstfreight.com/__cypress/runner/cypress_runner.js:9310:18)\n    at Promise._settlePromise0 (https://develop.firstfreight.com/__cypress/runner/cypress_runner.js:9355:10)\n    at Promise._settlePromises (https://develop.firstfreight.com/__cypress/runner/cypress_runner.js:9431:18)\n    at _drainQueueStep (https://develop.firstfreight.com/__cypress/runner/cypress_runner.js:6025:12)\n    at _drainQueue (https://develop.firstfreight.com/__cypress/runner/cypress_runner.js:6018:9)\n    at ../../node_modules/bluebird/js/release/async.js.Async._drainQueues (https://develop.firstfreight.com/__cypress/runner/cypress_runner.js:6034:5)\n    at Async.drainQueues (https://develop.firstfreight.com/__cypress/runner/cypress_runner.js:5904:14)",
                    "diff": null
                  },
                  "uuid": "e79ee571-95ce-4501-b27e-20cf3807df94",
                  "parentUUID": "43e21bb9-219f-4e06-9970-35eb208000fa",
                  "isHook": false,
                  "skipped": false
                },
                {
                  "title": "Remove Sales Team User",
                  "fullTitle": "contact-tab sales team Remove Sales Team User",
                  "timedOut": null,
                  "duration": 60847,
                  "state": "failed",
                  "speed": null,
                  "pass": false,
                  "fail": true,
                  "pending": false,
                  "context": null,
                  "code": "const newSalesMember = users['districtManager'];\nconst addSalesTeamUser = {\n  companyId: 0,\n  contactId: salesTeamContactId,\n  dealId: 0,\n  globalUserId: newSalesMember.globalUserId,\n  userId: newSalesMember.userId,\n  salesTeamRole: 'Sales Manager',\n  subscriberId: subscriberId\n};\ncy.addSalesTeamMemberAPI('contact', addSalesTeamUser);\nnavigateToSalesTeamTabFromContact();\ncy.salesTeamChecker(newSalesMember.details.name, addSalesTeamUser.salesTeamRole, addSalesTeamUser.globalUserId);\ncy.removeSalesTeamMember(addSalesTeamUser.globalUserId, newSalesMember.details.name);",
                  "err": {
                    "message": "CypressError: `cy.screenshot()` timed out waiting `30000ms` to complete.",
                    "estack": "CypressError: `cy.screenshot()` timed out waiting `30000ms` to complete.\n    at https://develop.firstfreight.com/__cypress/runner/cypress_runner.js:144115:81\n    at tryCatcher (https://develop.firstfreight.com/__cypress/runner/cypress_runner.js:11318:23)\n    at https://develop.firstfreight.com/__cypress/runner/cypress_runner.js:6440:41\n    at tryCatcher (https://develop.firstfreight.com/__cypress/runner/cypress_runner.js:11318:23)\n    at Promise._settlePromiseFromHandler (https://develop.firstfreight.com/__cypress/runner/cypress_runner.js:9253:31)\n    at Promise._settlePromise (https://develop.firstfreight.com/__cypress/runner/cypress_runner.js:9310:18)\n    at Promise._settlePromise0 (https://develop.firstfreight.com/__cypress/runner/cypress_runner.js:9355:10)\n    at Promise._settlePromises (https://develop.firstfreight.com/__cypress/runner/cypress_runner.js:9431:18)\n    at _drainQueueStep (https://develop.firstfreight.com/__cypress/runner/cypress_runner.js:6025:12)\n    at _drainQueue (https://develop.firstfreight.com/__cypress/runner/cypress_runner.js:6018:9)\n    at ../../node_modules/bluebird/js/release/async.js.Async._drainQueues (https://develop.firstfreight.com/__cypress/runner/cypress_runner.js:6034:5)\n    at Async.drainQueues (https://develop.firstfreight.com/__cypress/runner/cypress_runner.js:5904:14)",
                    "diff": null
                  },
                  "uuid": "241f8b85-4db2-42d4-87eb-335cfcdb3d46",
                  "parentUUID": "43e21bb9-219f-4e06-9970-35eb208000fa",
                  "isHook": false,
                  "skipped": false
                }
              ],
              "suites": [],
              "passes": [],
              "failures": [
                "26e80e86-e162-4a2b-8cb0-aee6167fa2be",
                "e79ee571-95ce-4501-b27e-20cf3807df94",
                "241f8b85-4db2-42d4-87eb-335cfcdb3d46"
              ],
              "pending": [],
              "skipped": [],
              "duration": 180491,
              "root": false,
              "rootEmpty": false,
              "_timeout": 2000
            }
          ],
          "passes": [],
          "failures": [],
          "pending": [],
          "skipped": [],
          "duration": 0,
          "root": false,
          "rootEmpty": false,
          "_timeout": 2000
        }
      ],
      "passes": [],
      "failures": [],
      "pending": [],
      "skipped": [],
      "duration": 0,
      "root": true,
      "rootEmpty": true,
      "_timeout": 2000
    }
  ],
  "meta": {
    "mocha": {
      "version": "7.0.1"
    },
    "mochawesome": {
      "options": {
        "quiet": false,
        "reportFilename": "mochawesome",
        "saveHtml": true,
        "saveJson": true,
        "consoleReporter": "spec",
        "useInlineDiffs": false,
        "code": true
      },
      "version": "6.1.0"
    },
    "marge": {
      "options": {
        "reportDir": "cypress/reports",
        "overwrite": false,
        "html": true,
        "json": true
      },
      "version": "5.1.0"
    }
  }
}