{
  "stats": {
    "suites": 11,
    "tests": 30,
    "passes": 10,
    "pending": 0,
    "failures": 20,
    "start": "2024-03-07T01:30:40.449Z",
    "end": "2024-03-07T01:52:38.829Z",
    "duration": 1318380,
    "testsRegistered": 30,
    "passPercent": 33.33333333333333,
    "pendingPercent": 0,
    "other": 0,
    "hasOther": false,
    "skipped": 0,
    "hasSkipped": false
  },
  "results": [
    {
      "uuid": "bb17d4cc-264f-47d1-97ac-9dc001ff7727",
      "title": "",
      "fullFile": "cypress\\e2e\\lanes\\roadLane.spec.js",
      "file": "cypress\\e2e\\lanes\\roadLane.spec.js",
      "beforeHooks": [],
      "afterHooks": [],
      "tests": [],
      "suites": [
        {
          "uuid": "7a85f0f5-e4a6-476e-8af6-8896cd2cdd27",
          "title": "Road Lane",
          "fullFile": "",
          "file": "",
          "beforeHooks": [],
          "afterHooks": [],
          "tests": [],
          "suites": [
            {
              "uuid": "46ab08f2-af7a-41d0-abd2-0102aacb3388",
              "title": "Road lane form testing",
              "fullFile": "",
              "file": "",
              "beforeHooks": [],
              "afterHooks": [],
              "tests": [],
              "suites": [
                {
                  "uuid": "9d7fa2c8-13ab-4018-a4a5-ec0fb1c5424c",
                  "title": "validation testing",
                  "fullFile": "",
                  "file": "",
                  "beforeHooks": [],
                  "afterHooks": [],
                  "tests": [
                    {
                      "title": "Company is pre-enetered into origin shipper field",
                      "fullTitle": "Road Lane Road lane form testing validation testing Company is pre-enetered into origin shipper field",
                      "timedOut": null,
                      "duration": 17672,
                      "state": "passed",
                      "speed": "slow",
                      "pass": true,
                      "fail": false,
                      "pending": false,
                      "context": null,
                      "code": "cy.prePopulatedShipper(newCompanyName);",
                      "err": {},
                      "uuid": "9c0cfe3c-454e-412f-9100-9656da5c55c5",
                      "parentUUID": "9d7fa2c8-13ab-4018-a4a5-ec0fb1c5424c",
                      "isHook": false,
                      "skipped": false
                    },
                    {
                      "title": "Valume, Revenue and Profit fields show correct validation messages for required",
                      "fullTitle": "Road Lane Road lane form testing validation testing Valume, Revenue and Profit fields show correct validation messages for required",
                      "timedOut": null,
                      "duration": 719,
                      "state": "passed",
                      "speed": "fast",
                      "pass": true,
                      "fail": false,
                      "pending": false,
                      "context": null,
                      "code": "cy.laneValidationChecker('road');",
                      "err": {},
                      "uuid": "23f8410a-34d2-4160-82d5-366b2746e57c",
                      "parentUUID": "9d7fa2c8-13ab-4018-a4a5-ec0fb1c5424c",
                      "isHook": false,
                      "skipped": false
                    },
                    {
                      "title": "changing currency dropdown to European Euros changes the prefix for Revenue, Profit and Text Currency",
                      "fullTitle": "Road Lane Road lane form testing validation testing changing currency dropdown to European Euros changes the prefix for Revenue, Profit and Text Currency",
                      "timedOut": null,
                      "duration": 590,
                      "state": "passed",
                      "speed": "fast",
                      "pass": true,
                      "fail": false,
                      "pending": false,
                      "context": null,
                      "code": "const newFormInputs = {\n  laneProfitType: 'Flat Rate',\n  laneCurrency: 'European Euros'\n};\ncy.toggleCurrencyAndUpdatePrefixes(_forms.laneForm, newFormInputs);",
                      "err": {},
                      "uuid": "c50b37de-31d5-46d7-862e-5e681fd5dfd0",
                      "parentUUID": "9d7fa2c8-13ab-4018-a4a5-ec0fb1c5424c",
                      "isHook": false,
                      "skipped": false
                    },
                    {
                      "title": "Profit must not be more than revenue",
                      "fullTitle": "Road Lane Road lane form testing validation testing Profit must not be more than revenue",
                      "timedOut": null,
                      "duration": 1297,
                      "state": "passed",
                      "speed": "fast",
                      "pass": true,
                      "fail": false,
                      "pending": false,
                      "context": null,
                      "code": "const newFormInputs = {\n  laneVolume: '2000',\n  laneRevenue: '500',\n  laneProfit: '20',\n  laneProfitType: 'Per Truck'\n};\ncy.fillForm(_forms.laneForm, newFormInputs);\ncy.profitValidationChecker();",
                      "err": {},
                      "uuid": "a57259f2-6360-4663-be95-bb2cdb89c5ce",
                      "parentUUID": "9d7fa2c8-13ab-4018-a4a5-ec0fb1c5424c",
                      "isHook": false,
                      "skipped": false
                    }
                  ],
                  "suites": [],
                  "passes": [
                    "9c0cfe3c-454e-412f-9100-9656da5c55c5",
                    "23f8410a-34d2-4160-82d5-366b2746e57c",
                    "c50b37de-31d5-46d7-862e-5e681fd5dfd0",
                    "a57259f2-6360-4663-be95-bb2cdb89c5ce"
                  ],
                  "failures": [],
                  "pending": [],
                  "skipped": [],
                  "duration": 20278,
                  "root": false,
                  "rootEmpty": false,
                  "_timeout": 2000
                },
                {
                  "uuid": "93fa338e-cf74-4f75-9f5d-c15421a2cffc",
                  "title": "Profit updates with different inputs",
                  "fullFile": "",
                  "file": "",
                  "beforeHooks": [],
                  "afterHooks": [],
                  "tests": [],
                  "suites": [
                    {
                      "uuid": "b13bae04-556f-4ef8-acae-c1b4695a4d86",
                      "title": "FTL profit calculations",
                      "fullFile": "",
                      "file": "",
                      "beforeHooks": [],
                      "afterHooks": [],
                      "tests": [
                        {
                          "title": "FTL - Profit Update - Volume: Trucks - Profit: Per Truck",
                          "fullTitle": "Road Lane Road lane form testing Profit updates with different inputs FTL profit calculations FTL - Profit Update - Volume: Trucks - Profit: Per Truck",
                          "timedOut": null,
                          "duration": 58259,
                          "state": "failed",
                          "speed": null,
                          "pass": false,
                          "fail": true,
                          "pending": false,
                          "context": null,
                          "code": "const newDropdownValue = {\n  laneVolumeUnit: 'Trucks',\n  laneProfitType: 'Per Truck'\n};\ncy.profitUpdateChecker(_forms.laneForm, newDropdownValue, '1,213,320');",
                          "err": {
                            "message": "CypressError: `cy.screenshot()` timed out waiting `30000ms` to complete.",
                            "estack": "CypressError: `cy.screenshot()` timed out waiting `30000ms` to complete.\n    at https://develop.firstfreight.com/__cypress/runner/cypress_runner.js:144115:81\n    at tryCatcher (https://develop.firstfreight.com/__cypress/runner/cypress_runner.js:11318:23)\n    at https://develop.firstfreight.com/__cypress/runner/cypress_runner.js:6440:41\n    at tryCatcher (https://develop.firstfreight.com/__cypress/runner/cypress_runner.js:11318:23)\n    at Promise._settlePromiseFromHandler (https://develop.firstfreight.com/__cypress/runner/cypress_runner.js:9253:31)\n    at Promise._settlePromise (https://develop.firstfreight.com/__cypress/runner/cypress_runner.js:9310:18)\n    at Promise._settlePromise0 (https://develop.firstfreight.com/__cypress/runner/cypress_runner.js:9355:10)\n    at Promise._settlePromises (https://develop.firstfreight.com/__cypress/runner/cypress_runner.js:9431:18)\n    at _drainQueueStep (https://develop.firstfreight.com/__cypress/runner/cypress_runner.js:6025:12)\n    at _drainQueue (https://develop.firstfreight.com/__cypress/runner/cypress_runner.js:6018:9)\n    at ../../node_modules/bluebird/js/release/async.js.Async._drainQueues (https://develop.firstfreight.com/__cypress/runner/cypress_runner.js:6034:5)\n    at Async.drainQueues (https://develop.firstfreight.com/__cypress/runner/cypress_runner.js:5904:14)",
                            "diff": null
                          },
                          "uuid": "59dc4590-dde2-4241-8467-83216cb9a6a2",
                          "parentUUID": "b13bae04-556f-4ef8-acae-c1b4695a4d86",
                          "isHook": false,
                          "skipped": false
                        },
                        {
                          "title": "FTL - Profit Update - Volume: Trucks - Profit: Percentage",
                          "fullTitle": "Road Lane Road lane form testing Profit updates with different inputs FTL profit calculations FTL - Profit Update - Volume: Trucks - Profit: Percentage",
                          "timedOut": null,
                          "duration": 55230,
                          "state": "failed",
                          "speed": null,
                          "pass": false,
                          "fail": true,
                          "pending": false,
                          "context": null,
                          "code": "const newDropdownValue = {\n  laneVolumeUnit: 'Trucks',\n  laneProfitType: 'Percentage'\n};\ncy.profitUpdateChecker(_forms.laneForm, newDropdownValue, '1,200');",
                          "err": {
                            "message": "CypressError: `cy.screenshot()` timed out waiting `30000ms` to complete.",
                            "estack": "CypressError: `cy.screenshot()` timed out waiting `30000ms` to complete.\n    at https://develop.firstfreight.com/__cypress/runner/cypress_runner.js:144115:81\n    at tryCatcher (https://develop.firstfreight.com/__cypress/runner/cypress_runner.js:11318:23)\n    at https://develop.firstfreight.com/__cypress/runner/cypress_runner.js:6440:41\n    at tryCatcher (https://develop.firstfreight.com/__cypress/runner/cypress_runner.js:11318:23)\n    at Promise._settlePromiseFromHandler (https://develop.firstfreight.com/__cypress/runner/cypress_runner.js:9253:31)\n    at Promise._settlePromise (https://develop.firstfreight.com/__cypress/runner/cypress_runner.js:9310:18)\n    at Promise._settlePromise0 (https://develop.firstfreight.com/__cypress/runner/cypress_runner.js:9355:10)\n    at Promise._settlePromises (https://develop.firstfreight.com/__cypress/runner/cypress_runner.js:9431:18)\n    at _drainQueueStep (https://develop.firstfreight.com/__cypress/runner/cypress_runner.js:6025:12)\n    at _drainQueue (https://develop.firstfreight.com/__cypress/runner/cypress_runner.js:6018:9)\n    at ../../node_modules/bluebird/js/release/async.js.Async._drainQueues (https://develop.firstfreight.com/__cypress/runner/cypress_runner.js:6034:5)\n    at Async.drainQueues (https://develop.firstfreight.com/__cypress/runner/cypress_runner.js:5904:14)",
                            "diff": null
                          },
                          "uuid": "a27a13df-7572-4df3-a34d-b94208f5d8f9",
                          "parentUUID": "b13bae04-556f-4ef8-acae-c1b4695a4d86",
                          "isHook": false,
                          "skipped": false
                        },
                        {
                          "title": "FTL - Profit Update - Volume: Trucks - Profit: Flat Rate",
                          "fullTitle": "Road Lane Road lane form testing Profit updates with different inputs FTL profit calculations FTL - Profit Update - Volume: Trucks - Profit: Flat Rate",
                          "timedOut": null,
                          "duration": 55191,
                          "state": "failed",
                          "speed": null,
                          "pass": false,
                          "fail": true,
                          "pending": false,
                          "context": null,
                          "code": "const newDropdownValue = {\n  laneVolumeUnit: 'Trucks',\n  laneProfitType: 'Flat Rate'\n};\ncy.profitUpdateChecker(_forms.laneForm, newDropdownValue, '60');",
                          "err": {
                            "message": "CypressError: `cy.screenshot()` timed out waiting `30000ms` to complete.",
                            "estack": "CypressError: `cy.screenshot()` timed out waiting `30000ms` to complete.\n    at https://develop.firstfreight.com/__cypress/runner/cypress_runner.js:144115:81\n    at tryCatcher (https://develop.firstfreight.com/__cypress/runner/cypress_runner.js:11318:23)\n    at https://develop.firstfreight.com/__cypress/runner/cypress_runner.js:6440:41\n    at tryCatcher (https://develop.firstfreight.com/__cypress/runner/cypress_runner.js:11318:23)\n    at Promise._settlePromiseFromHandler (https://develop.firstfreight.com/__cypress/runner/cypress_runner.js:9253:31)\n    at Promise._settlePromise (https://develop.firstfreight.com/__cypress/runner/cypress_runner.js:9310:18)\n    at Promise._settlePromise0 (https://develop.firstfreight.com/__cypress/runner/cypress_runner.js:9355:10)\n    at Promise._settlePromises (https://develop.firstfreight.com/__cypress/runner/cypress_runner.js:9431:18)\n    at _drainQueueStep (https://develop.firstfreight.com/__cypress/runner/cypress_runner.js:6025:12)\n    at _drainQueue (https://develop.firstfreight.com/__cypress/runner/cypress_runner.js:6018:9)\n    at ../../node_modules/bluebird/js/release/async.js.Async._drainQueues (https://develop.firstfreight.com/__cypress/runner/cypress_runner.js:6034:5)\n    at Async.drainQueues (https://develop.firstfreight.com/__cypress/runner/cypress_runner.js:5904:14)",
                            "diff": null
                          },
                          "uuid": "2fc35088-875c-4413-83fb-0d3bc6920d23",
                          "parentUUID": "b13bae04-556f-4ef8-acae-c1b4695a4d86",
                          "isHook": false,
                          "skipped": false
                        }
                      ],
                      "suites": [],
                      "passes": [],
                      "failures": [
                        "59dc4590-dde2-4241-8467-83216cb9a6a2",
                        "a27a13df-7572-4df3-a34d-b94208f5d8f9",
                        "2fc35088-875c-4413-83fb-0d3bc6920d23"
                      ],
                      "pending": [],
                      "skipped": [],
                      "duration": 168680,
                      "root": false,
                      "rootEmpty": false,
                      "_timeout": 2000
                    },
                    {
                      "uuid": "09239903-6a05-4f5e-bc3a-a32411f6b7db",
                      "title": "LTL profit calculations",
                      "fullFile": "",
                      "file": "",
                      "beforeHooks": [],
                      "afterHooks": [],
                      "tests": [
                        {
                          "title": "LTL - Profit Update - Volume: KGs - Profit: Per KG",
                          "fullTitle": "Road Lane Road lane form testing Profit updates with different inputs LTL profit calculations LTL - Profit Update - Volume: KGs - Profit: Per KG",
                          "timedOut": null,
                          "duration": 57937,
                          "state": "failed",
                          "speed": null,
                          "pass": false,
                          "fail": true,
                          "pending": false,
                          "context": null,
                          "code": "const newDropdownValue = {\n  laneVolumeUnit: 'KGs',\n  laneProfitType: 'Per KG'\n};\ncy.profitUpdateChecker(_forms.laneForm, newDropdownValue, '7,333,326');",
                          "err": {
                            "message": "CypressError: `cy.screenshot()` timed out waiting `30000ms` to complete.",
                            "estack": "CypressError: `cy.screenshot()` timed out waiting `30000ms` to complete.\n    at https://develop.firstfreight.com/__cypress/runner/cypress_runner.js:144115:81\n    at tryCatcher (https://develop.firstfreight.com/__cypress/runner/cypress_runner.js:11318:23)\n    at https://develop.firstfreight.com/__cypress/runner/cypress_runner.js:6440:41\n    at tryCatcher (https://develop.firstfreight.com/__cypress/runner/cypress_runner.js:11318:23)\n    at Promise._settlePromiseFromHandler (https://develop.firstfreight.com/__cypress/runner/cypress_runner.js:9253:31)\n    at Promise._settlePromise (https://develop.firstfreight.com/__cypress/runner/cypress_runner.js:9310:18)\n    at Promise._settlePromise0 (https://develop.firstfreight.com/__cypress/runner/cypress_runner.js:9355:10)\n    at Promise._settlePromises (https://develop.firstfreight.com/__cypress/runner/cypress_runner.js:9431:18)\n    at _drainQueueStep (https://develop.firstfreight.com/__cypress/runner/cypress_runner.js:6025:12)\n    at _drainQueue (https://develop.firstfreight.com/__cypress/runner/cypress_runner.js:6018:9)\n    at ../../node_modules/bluebird/js/release/async.js.Async._drainQueues (https://develop.firstfreight.com/__cypress/runner/cypress_runner.js:6034:5)\n    at Async.drainQueues (https://develop.firstfreight.com/__cypress/runner/cypress_runner.js:5904:14)",
                            "diff": null
                          },
                          "uuid": "00e6afc0-c0ca-4eb4-8bcb-8c6d64f4c38b",
                          "parentUUID": "09239903-6a05-4f5e-bc3a-a32411f6b7db",
                          "isHook": false,
                          "skipped": false
                        },
                        {
                          "title": "LTL - Profit Update - Volume: KGs - Profit: Percentage",
                          "fullTitle": "Road Lane Road lane form testing Profit updates with different inputs LTL profit calculations LTL - Profit Update - Volume: KGs - Profit: Percentage",
                          "timedOut": null,
                          "duration": 55287,
                          "state": "failed",
                          "speed": null,
                          "pass": false,
                          "fail": true,
                          "pending": false,
                          "context": null,
                          "code": "const newDropdownValue = {\n  laneVolumeUnit: 'KGs',\n  laneProfitType: 'Percentage'\n};\ncy.profitUpdateChecker(_forms.laneForm, newDropdownValue, '5');",
                          "err": {
                            "message": "CypressError: `cy.screenshot()` timed out waiting `30000ms` to complete.",
                            "estack": "CypressError: `cy.screenshot()` timed out waiting `30000ms` to complete.\n    at https://develop.firstfreight.com/__cypress/runner/cypress_runner.js:144115:81\n    at tryCatcher (https://develop.firstfreight.com/__cypress/runner/cypress_runner.js:11318:23)\n    at https://develop.firstfreight.com/__cypress/runner/cypress_runner.js:6440:41\n    at tryCatcher (https://develop.firstfreight.com/__cypress/runner/cypress_runner.js:11318:23)\n    at Promise._settlePromiseFromHandler (https://develop.firstfreight.com/__cypress/runner/cypress_runner.js:9253:31)\n    at Promise._settlePromise (https://develop.firstfreight.com/__cypress/runner/cypress_runner.js:9310:18)\n    at Promise._settlePromise0 (https://develop.firstfreight.com/__cypress/runner/cypress_runner.js:9355:10)\n    at Promise._settlePromises (https://develop.firstfreight.com/__cypress/runner/cypress_runner.js:9431:18)\n    at _drainQueueStep (https://develop.firstfreight.com/__cypress/runner/cypress_runner.js:6025:12)\n    at _drainQueue (https://develop.firstfreight.com/__cypress/runner/cypress_runner.js:6018:9)\n    at ../../node_modules/bluebird/js/release/async.js.Async._drainQueues (https://develop.firstfreight.com/__cypress/runner/cypress_runner.js:6034:5)\n    at Async.drainQueues (https://develop.firstfreight.com/__cypress/runner/cypress_runner.js:5904:14)",
                            "diff": null
                          },
                          "uuid": "54312c63-fcec-4b83-ad30-bc5ca45f90a6",
                          "parentUUID": "09239903-6a05-4f5e-bc3a-a32411f6b7db",
                          "isHook": false,
                          "skipped": false
                        },
                        {
                          "title": "LTL - Profit Update - Volume: KGs - Profit: Flat Rate",
                          "fullTitle": "Road Lane Road lane form testing Profit updates with different inputs LTL profit calculations LTL - Profit Update - Volume: KGs - Profit: Flat Rate",
                          "timedOut": null,
                          "duration": 55223,
                          "state": "failed",
                          "speed": null,
                          "pass": false,
                          "fail": true,
                          "pending": false,
                          "context": null,
                          "code": "const newDropdownValue = {\n  laneVolumeUnit: 'KGs',\n  laneProfitType: 'Flat Rate'\n};\ncy.profitUpdateChecker(_forms.laneForm, newDropdownValue, '11');",
                          "err": {
                            "message": "CypressError: `cy.screenshot()` timed out waiting `30000ms` to complete.",
                            "estack": "CypressError: `cy.screenshot()` timed out waiting `30000ms` to complete.\n    at https://develop.firstfreight.com/__cypress/runner/cypress_runner.js:144115:81\n    at tryCatcher (https://develop.firstfreight.com/__cypress/runner/cypress_runner.js:11318:23)\n    at https://develop.firstfreight.com/__cypress/runner/cypress_runner.js:6440:41\n    at tryCatcher (https://develop.firstfreight.com/__cypress/runner/cypress_runner.js:11318:23)\n    at Promise._settlePromiseFromHandler (https://develop.firstfreight.com/__cypress/runner/cypress_runner.js:9253:31)\n    at Promise._settlePromise (https://develop.firstfreight.com/__cypress/runner/cypress_runner.js:9310:18)\n    at Promise._settlePromise0 (https://develop.firstfreight.com/__cypress/runner/cypress_runner.js:9355:10)\n    at Promise._settlePromises (https://develop.firstfreight.com/__cypress/runner/cypress_runner.js:9431:18)\n    at _drainQueueStep (https://develop.firstfreight.com/__cypress/runner/cypress_runner.js:6025:12)\n    at _drainQueue (https://develop.firstfreight.com/__cypress/runner/cypress_runner.js:6018:9)\n    at ../../node_modules/bluebird/js/release/async.js.Async._drainQueues (https://develop.firstfreight.com/__cypress/runner/cypress_runner.js:6034:5)\n    at Async.drainQueues (https://develop.firstfreight.com/__cypress/runner/cypress_runner.js:5904:14)",
                            "diff": null
                          },
                          "uuid": "a9b7a18d-7fa2-4d43-b471-2066134721a7",
                          "parentUUID": "09239903-6a05-4f5e-bc3a-a32411f6b7db",
                          "isHook": false,
                          "skipped": false
                        },
                        {
                          "title": "LTL - Profit Update - Volume: LBs - Profit: Per LB",
                          "fullTitle": "Road Lane Road lane form testing Profit updates with different inputs LTL profit calculations LTL - Profit Update - Volume: LBs - Profit: Per LB",
                          "timedOut": null,
                          "duration": 55236,
                          "state": "failed",
                          "speed": null,
                          "pass": false,
                          "fail": true,
                          "pending": false,
                          "context": null,
                          "code": "const newDropdownValue = {\n  laneVolumeUnit: 'LBs',\n  laneProfitType: 'Per LB'\n};\ncy.toggleNewVolume('LBs');\ncy.profitUpdateChecker(_forms.laneForm, newDropdownValue, '7,333,326');",
                          "err": {
                            "message": "CypressError: `cy.screenshot()` timed out waiting `30000ms` to complete.",
                            "estack": "CypressError: `cy.screenshot()` timed out waiting `30000ms` to complete.\n    at https://develop.firstfreight.com/__cypress/runner/cypress_runner.js:144115:81\n    at tryCatcher (https://develop.firstfreight.com/__cypress/runner/cypress_runner.js:11318:23)\n    at https://develop.firstfreight.com/__cypress/runner/cypress_runner.js:6440:41\n    at tryCatcher (https://develop.firstfreight.com/__cypress/runner/cypress_runner.js:11318:23)\n    at Promise._settlePromiseFromHandler (https://develop.firstfreight.com/__cypress/runner/cypress_runner.js:9253:31)\n    at Promise._settlePromise (https://develop.firstfreight.com/__cypress/runner/cypress_runner.js:9310:18)\n    at Promise._settlePromise0 (https://develop.firstfreight.com/__cypress/runner/cypress_runner.js:9355:10)\n    at Promise._settlePromises (https://develop.firstfreight.com/__cypress/runner/cypress_runner.js:9431:18)\n    at _drainQueueStep (https://develop.firstfreight.com/__cypress/runner/cypress_runner.js:6025:12)\n    at _drainQueue (https://develop.firstfreight.com/__cypress/runner/cypress_runner.js:6018:9)\n    at ../../node_modules/bluebird/js/release/async.js.Async._drainQueues (https://develop.firstfreight.com/__cypress/runner/cypress_runner.js:6034:5)\n    at Async.drainQueues (https://develop.firstfreight.com/__cypress/runner/cypress_runner.js:5904:14)",
                            "diff": null
                          },
                          "uuid": "3f619918-4cfe-46fe-b663-ab00f3e189f1",
                          "parentUUID": "09239903-6a05-4f5e-bc3a-a32411f6b7db",
                          "isHook": false,
                          "skipped": false
                        },
                        {
                          "title": "LTL - Profit Update - Volume: LBs - Profit: Percentage",
                          "fullTitle": "Road Lane Road lane form testing Profit updates with different inputs LTL profit calculations LTL - Profit Update - Volume: LBs - Profit: Percentage",
                          "timedOut": null,
                          "duration": 55226,
                          "state": "failed",
                          "speed": null,
                          "pass": false,
                          "fail": true,
                          "pending": false,
                          "context": null,
                          "code": "const newDropdownValue = {\n  laneVolumeUnit: 'LBs',\n  laneProfitType: 'Percentage'\n};\ncy.profitUpdateChecker(_forms.laneForm, newDropdownValue, '5');",
                          "err": {
                            "message": "CypressError: `cy.screenshot()` timed out waiting `30000ms` to complete.",
                            "estack": "CypressError: `cy.screenshot()` timed out waiting `30000ms` to complete.\n    at https://develop.firstfreight.com/__cypress/runner/cypress_runner.js:144115:81\n    at tryCatcher (https://develop.firstfreight.com/__cypress/runner/cypress_runner.js:11318:23)\n    at https://develop.firstfreight.com/__cypress/runner/cypress_runner.js:6440:41\n    at tryCatcher (https://develop.firstfreight.com/__cypress/runner/cypress_runner.js:11318:23)\n    at Promise._settlePromiseFromHandler (https://develop.firstfreight.com/__cypress/runner/cypress_runner.js:9253:31)\n    at Promise._settlePromise (https://develop.firstfreight.com/__cypress/runner/cypress_runner.js:9310:18)\n    at Promise._settlePromise0 (https://develop.firstfreight.com/__cypress/runner/cypress_runner.js:9355:10)\n    at Promise._settlePromises (https://develop.firstfreight.com/__cypress/runner/cypress_runner.js:9431:18)\n    at _drainQueueStep (https://develop.firstfreight.com/__cypress/runner/cypress_runner.js:6025:12)\n    at _drainQueue (https://develop.firstfreight.com/__cypress/runner/cypress_runner.js:6018:9)\n    at ../../node_modules/bluebird/js/release/async.js.Async._drainQueues (https://develop.firstfreight.com/__cypress/runner/cypress_runner.js:6034:5)\n    at Async.drainQueues (https://develop.firstfreight.com/__cypress/runner/cypress_runner.js:5904:14)",
                            "diff": null
                          },
                          "uuid": "7f30292e-02c2-410a-a56e-e46af79fdcc4",
                          "parentUUID": "09239903-6a05-4f5e-bc3a-a32411f6b7db",
                          "isHook": false,
                          "skipped": false
                        },
                        {
                          "title": "LTL - Profit Update - Volume: LBs - Profit: Flat Rate",
                          "fullTitle": "Road Lane Road lane form testing Profit updates with different inputs LTL profit calculations LTL - Profit Update - Volume: LBs - Profit: Flat Rate",
                          "timedOut": null,
                          "duration": 55265,
                          "state": "failed",
                          "speed": null,
                          "pass": false,
                          "fail": true,
                          "pending": false,
                          "context": null,
                          "code": "const newDropdownValue = {\n  laneVolumeUnit: 'LBs',\n  laneProfitType: 'Flat Rate'\n};\ncy.profitUpdateChecker(_forms.laneForm, newDropdownValue, '11');",
                          "err": {
                            "message": "CypressError: `cy.screenshot()` timed out waiting `30000ms` to complete.",
                            "estack": "CypressError: `cy.screenshot()` timed out waiting `30000ms` to complete.\n    at https://develop.firstfreight.com/__cypress/runner/cypress_runner.js:144115:81\n    at tryCatcher (https://develop.firstfreight.com/__cypress/runner/cypress_runner.js:11318:23)\n    at https://develop.firstfreight.com/__cypress/runner/cypress_runner.js:6440:41\n    at tryCatcher (https://develop.firstfreight.com/__cypress/runner/cypress_runner.js:11318:23)\n    at Promise._settlePromiseFromHandler (https://develop.firstfreight.com/__cypress/runner/cypress_runner.js:9253:31)\n    at Promise._settlePromise (https://develop.firstfreight.com/__cypress/runner/cypress_runner.js:9310:18)\n    at Promise._settlePromise0 (https://develop.firstfreight.com/__cypress/runner/cypress_runner.js:9355:10)\n    at Promise._settlePromises (https://develop.firstfreight.com/__cypress/runner/cypress_runner.js:9431:18)\n    at _drainQueueStep (https://develop.firstfreight.com/__cypress/runner/cypress_runner.js:6025:12)\n    at _drainQueue (https://develop.firstfreight.com/__cypress/runner/cypress_runner.js:6018:9)\n    at ../../node_modules/bluebird/js/release/async.js.Async._drainQueues (https://develop.firstfreight.com/__cypress/runner/cypress_runner.js:6034:5)\n    at Async.drainQueues (https://develop.firstfreight.com/__cypress/runner/cypress_runner.js:5904:14)",
                            "diff": null
                          },
                          "uuid": "72886709-0f38-4daa-a2df-294808a5d831",
                          "parentUUID": "09239903-6a05-4f5e-bc3a-a32411f6b7db",
                          "isHook": false,
                          "skipped": false
                        }
                      ],
                      "suites": [],
                      "passes": [],
                      "failures": [
                        "00e6afc0-c0ca-4eb4-8bcb-8c6d64f4c38b",
                        "54312c63-fcec-4b83-ad30-bc5ca45f90a6",
                        "a9b7a18d-7fa2-4d43-b471-2066134721a7",
                        "3f619918-4cfe-46fe-b663-ab00f3e189f1",
                        "7f30292e-02c2-410a-a56e-e46af79fdcc4",
                        "72886709-0f38-4daa-a2df-294808a5d831"
                      ],
                      "pending": [],
                      "skipped": [],
                      "duration": 334174,
                      "root": false,
                      "rootEmpty": false,
                      "_timeout": 2000
                    },
                    {
                      "uuid": "eb3c34b1-13f1-486d-9a26-71dedfb11d80",
                      "title": "Expedited profit calculations",
                      "fullFile": "",
                      "file": "",
                      "beforeHooks": [],
                      "afterHooks": [],
                      "tests": [
                        {
                          "title": "Expedited - Profit Update - Volume: KGs - Profit: Per KG",
                          "fullTitle": "Road Lane Road lane form testing Profit updates with different inputs Expedited profit calculations Expedited - Profit Update - Volume: KGs - Profit: Per KG",
                          "timedOut": null,
                          "duration": 56274,
                          "state": "failed",
                          "speed": null,
                          "pass": false,
                          "fail": true,
                          "pending": false,
                          "context": null,
                          "code": "const newDropdownValue = {\n  laneVolumeUnit: 'KGs',\n  laneProfitType: 'Per KG'\n};\ncy.toggleNewVolume('KGs');\ncy.profitUpdateChecker(_forms.laneForm, newDropdownValue, '409,500');",
                          "err": {
                            "message": "CypressError: `cy.screenshot()` timed out waiting `30000ms` to complete.",
                            "estack": "CypressError: `cy.screenshot()` timed out waiting `30000ms` to complete.\n    at https://develop.firstfreight.com/__cypress/runner/cypress_runner.js:144115:81\n    at tryCatcher (https://develop.firstfreight.com/__cypress/runner/cypress_runner.js:11318:23)\n    at https://develop.firstfreight.com/__cypress/runner/cypress_runner.js:6440:41\n    at tryCatcher (https://develop.firstfreight.com/__cypress/runner/cypress_runner.js:11318:23)\n    at Promise._settlePromiseFromHandler (https://develop.firstfreight.com/__cypress/runner/cypress_runner.js:9253:31)\n    at Promise._settlePromise (https://develop.firstfreight.com/__cypress/runner/cypress_runner.js:9310:18)\n    at Promise._settlePromise0 (https://develop.firstfreight.com/__cypress/runner/cypress_runner.js:9355:10)\n    at Promise._settlePromises (https://develop.firstfreight.com/__cypress/runner/cypress_runner.js:9431:18)\n    at _drainQueueStep (https://develop.firstfreight.com/__cypress/runner/cypress_runner.js:6025:12)\n    at _drainQueue (https://develop.firstfreight.com/__cypress/runner/cypress_runner.js:6018:9)\n    at ../../node_modules/bluebird/js/release/async.js.Async._drainQueues (https://develop.firstfreight.com/__cypress/runner/cypress_runner.js:6034:5)\n    at Async.drainQueues (https://develop.firstfreight.com/__cypress/runner/cypress_runner.js:5904:14)",
                            "diff": null
                          },
                          "uuid": "a5f2e0d3-e311-42ba-8bfd-9fb66d840205",
                          "parentUUID": "eb3c34b1-13f1-486d-9a26-71dedfb11d80",
                          "isHook": false,
                          "skipped": false
                        },
                        {
                          "title": "Expedited - Profit Update - Volume: KGs - Profit: Percentage",
                          "fullTitle": "Road Lane Road lane form testing Profit updates with different inputs Expedited profit calculations Expedited - Profit Update - Volume: KGs - Profit: Percentage",
                          "timedOut": null,
                          "duration": 55269,
                          "state": "failed",
                          "speed": null,
                          "pass": false,
                          "fail": true,
                          "pending": false,
                          "context": null,
                          "code": "const newDropdownValue = {\n  laneVolumeUnit: 'KGs',\n  laneProfitType: 'Percentage'\n};\ncy.profitUpdateChecker(_forms.laneForm, newDropdownValue, '91');",
                          "err": {
                            "message": "CypressError: `cy.screenshot()` timed out waiting `30000ms` to complete.",
                            "estack": "CypressError: `cy.screenshot()` timed out waiting `30000ms` to complete.\n    at https://develop.firstfreight.com/__cypress/runner/cypress_runner.js:144115:81\n    at tryCatcher (https://develop.firstfreight.com/__cypress/runner/cypress_runner.js:11318:23)\n    at https://develop.firstfreight.com/__cypress/runner/cypress_runner.js:6440:41\n    at tryCatcher (https://develop.firstfreight.com/__cypress/runner/cypress_runner.js:11318:23)\n    at Promise._settlePromiseFromHandler (https://develop.firstfreight.com/__cypress/runner/cypress_runner.js:9253:31)\n    at Promise._settlePromise (https://develop.firstfreight.com/__cypress/runner/cypress_runner.js:9310:18)\n    at Promise._settlePromise0 (https://develop.firstfreight.com/__cypress/runner/cypress_runner.js:9355:10)\n    at Promise._settlePromises (https://develop.firstfreight.com/__cypress/runner/cypress_runner.js:9431:18)\n    at _drainQueueStep (https://develop.firstfreight.com/__cypress/runner/cypress_runner.js:6025:12)\n    at _drainQueue (https://develop.firstfreight.com/__cypress/runner/cypress_runner.js:6018:9)\n    at ../../node_modules/bluebird/js/release/async.js.Async._drainQueues (https://develop.firstfreight.com/__cypress/runner/cypress_runner.js:6034:5)\n    at Async.drainQueues (https://develop.firstfreight.com/__cypress/runner/cypress_runner.js:5904:14)",
                            "diff": null
                          },
                          "uuid": "ed165a82-5174-4c10-892d-f65d8f0ec248",
                          "parentUUID": "eb3c34b1-13f1-486d-9a26-71dedfb11d80",
                          "isHook": false,
                          "skipped": false
                        },
                        {
                          "title": "Expedited - Profit Update - Volume: KGs - Profit: Flat Rate",
                          "fullTitle": "Road Lane Road lane form testing Profit updates with different inputs Expedited profit calculations Expedited - Profit Update - Volume: KGs - Profit: Flat Rate",
                          "timedOut": null,
                          "duration": 55208,
                          "state": "failed",
                          "speed": null,
                          "pass": false,
                          "fail": true,
                          "pending": false,
                          "context": null,
                          "code": "const newDropdownValue = {\n  laneVolumeUnit: 'KGs',\n  laneProfitType: 'Flat Rate'\n};\ncy.profitUpdateChecker(_forms.laneForm, newDropdownValue, '91');",
                          "err": {
                            "message": "CypressError: `cy.screenshot()` timed out waiting `30000ms` to complete.",
                            "estack": "CypressError: `cy.screenshot()` timed out waiting `30000ms` to complete.\n    at https://develop.firstfreight.com/__cypress/runner/cypress_runner.js:144115:81\n    at tryCatcher (https://develop.firstfreight.com/__cypress/runner/cypress_runner.js:11318:23)\n    at https://develop.firstfreight.com/__cypress/runner/cypress_runner.js:6440:41\n    at tryCatcher (https://develop.firstfreight.com/__cypress/runner/cypress_runner.js:11318:23)\n    at Promise._settlePromiseFromHandler (https://develop.firstfreight.com/__cypress/runner/cypress_runner.js:9253:31)\n    at Promise._settlePromise (https://develop.firstfreight.com/__cypress/runner/cypress_runner.js:9310:18)\n    at Promise._settlePromise0 (https://develop.firstfreight.com/__cypress/runner/cypress_runner.js:9355:10)\n    at Promise._settlePromises (https://develop.firstfreight.com/__cypress/runner/cypress_runner.js:9431:18)\n    at _drainQueueStep (https://develop.firstfreight.com/__cypress/runner/cypress_runner.js:6025:12)\n    at _drainQueue (https://develop.firstfreight.com/__cypress/runner/cypress_runner.js:6018:9)\n    at ../../node_modules/bluebird/js/release/async.js.Async._drainQueues (https://develop.firstfreight.com/__cypress/runner/cypress_runner.js:6034:5)\n    at Async.drainQueues (https://develop.firstfreight.com/__cypress/runner/cypress_runner.js:5904:14)",
                            "diff": null
                          },
                          "uuid": "26609792-cd9b-476c-91b5-565a89456b4b",
                          "parentUUID": "eb3c34b1-13f1-486d-9a26-71dedfb11d80",
                          "isHook": false,
                          "skipped": false
                        },
                        {
                          "title": "Expedited - Profit Update - Volume: Trucks - Profit: Per Truck",
                          "fullTitle": "Road Lane Road lane form testing Profit updates with different inputs Expedited profit calculations Expedited - Profit Update - Volume: Trucks - Profit: Per Truck",
                          "timedOut": null,
                          "duration": 55243,
                          "state": "failed",
                          "speed": null,
                          "pass": false,
                          "fail": true,
                          "pending": false,
                          "context": null,
                          "code": "const newDropdownValue = {\n  laneVolumeUnit: 'Trucks',\n  laneProfitType: 'Per Truck'\n};\ncy.toggleNewVolume('Trucks');\ncy.profitUpdateChecker(_forms.laneForm, newDropdownValue, '409,500');",
                          "err": {
                            "message": "CypressError: `cy.screenshot()` timed out waiting `30000ms` to complete.",
                            "estack": "CypressError: `cy.screenshot()` timed out waiting `30000ms` to complete.\n    at https://develop.firstfreight.com/__cypress/runner/cypress_runner.js:144115:81\n    at tryCatcher (https://develop.firstfreight.com/__cypress/runner/cypress_runner.js:11318:23)\n    at https://develop.firstfreight.com/__cypress/runner/cypress_runner.js:6440:41\n    at tryCatcher (https://develop.firstfreight.com/__cypress/runner/cypress_runner.js:11318:23)\n    at Promise._settlePromiseFromHandler (https://develop.firstfreight.com/__cypress/runner/cypress_runner.js:9253:31)\n    at Promise._settlePromise (https://develop.firstfreight.com/__cypress/runner/cypress_runner.js:9310:18)\n    at Promise._settlePromise0 (https://develop.firstfreight.com/__cypress/runner/cypress_runner.js:9355:10)\n    at Promise._settlePromises (https://develop.firstfreight.com/__cypress/runner/cypress_runner.js:9431:18)\n    at _drainQueueStep (https://develop.firstfreight.com/__cypress/runner/cypress_runner.js:6025:12)\n    at _drainQueue (https://develop.firstfreight.com/__cypress/runner/cypress_runner.js:6018:9)\n    at ../../node_modules/bluebird/js/release/async.js.Async._drainQueues (https://develop.firstfreight.com/__cypress/runner/cypress_runner.js:6034:5)\n    at Async.drainQueues (https://develop.firstfreight.com/__cypress/runner/cypress_runner.js:5904:14)",
                            "diff": null
                          },
                          "uuid": "d4109227-4168-47fd-9f06-506daacc7e3e",
                          "parentUUID": "eb3c34b1-13f1-486d-9a26-71dedfb11d80",
                          "isHook": false,
                          "skipped": false
                        },
                        {
                          "title": "Expedited - Profit Update - Volume: Trucks - Profit: Percentage",
                          "fullTitle": "Road Lane Road lane form testing Profit updates with different inputs Expedited profit calculations Expedited - Profit Update - Volume: Trucks - Profit: Percentage",
                          "timedOut": null,
                          "duration": 55197,
                          "state": "failed",
                          "speed": null,
                          "pass": false,
                          "fail": true,
                          "pending": false,
                          "context": null,
                          "code": "const newDropdownValue = {\n  laneVolumeUnit: 'Trucks',\n  laneProfitType: 'Percentage'\n};\ncy.profitUpdateChecker(_forms.laneForm, newDropdownValue, '91');",
                          "err": {
                            "message": "CypressError: `cy.screenshot()` timed out waiting `30000ms` to complete.",
                            "estack": "CypressError: `cy.screenshot()` timed out waiting `30000ms` to complete.\n    at https://develop.firstfreight.com/__cypress/runner/cypress_runner.js:144115:81\n    at tryCatcher (https://develop.firstfreight.com/__cypress/runner/cypress_runner.js:11318:23)\n    at https://develop.firstfreight.com/__cypress/runner/cypress_runner.js:6440:41\n    at tryCatcher (https://develop.firstfreight.com/__cypress/runner/cypress_runner.js:11318:23)\n    at Promise._settlePromiseFromHandler (https://develop.firstfreight.com/__cypress/runner/cypress_runner.js:9253:31)\n    at Promise._settlePromise (https://develop.firstfreight.com/__cypress/runner/cypress_runner.js:9310:18)\n    at Promise._settlePromise0 (https://develop.firstfreight.com/__cypress/runner/cypress_runner.js:9355:10)\n    at Promise._settlePromises (https://develop.firstfreight.com/__cypress/runner/cypress_runner.js:9431:18)\n    at _drainQueueStep (https://develop.firstfreight.com/__cypress/runner/cypress_runner.js:6025:12)\n    at _drainQueue (https://develop.firstfreight.com/__cypress/runner/cypress_runner.js:6018:9)\n    at ../../node_modules/bluebird/js/release/async.js.Async._drainQueues (https://develop.firstfreight.com/__cypress/runner/cypress_runner.js:6034:5)\n    at Async.drainQueues (https://develop.firstfreight.com/__cypress/runner/cypress_runner.js:5904:14)",
                            "diff": null
                          },
                          "uuid": "f11904fe-1314-47ff-9813-2de38541240b",
                          "parentUUID": "eb3c34b1-13f1-486d-9a26-71dedfb11d80",
                          "isHook": false,
                          "skipped": false
                        },
                        {
                          "title": "Expedited - Profit Update - Volume: Trucks - Profit: Flat Rate",
                          "fullTitle": "Road Lane Road lane form testing Profit updates with different inputs Expedited profit calculations Expedited - Profit Update - Volume: Trucks - Profit: Flat Rate",
                          "timedOut": null,
                          "duration": 55192,
                          "state": "failed",
                          "speed": null,
                          "pass": false,
                          "fail": true,
                          "pending": false,
                          "context": null,
                          "code": "const newDropdownValue = {\n  laneVolumeUnit: 'Trucks',\n  laneProfitType: 'Flat Rate'\n};\ncy.profitUpdateChecker(_forms.laneForm, newDropdownValue, '91');",
                          "err": {
                            "message": "CypressError: `cy.screenshot()` timed out waiting `30000ms` to complete.",
                            "estack": "CypressError: `cy.screenshot()` timed out waiting `30000ms` to complete.\n    at https://develop.firstfreight.com/__cypress/runner/cypress_runner.js:144115:81\n    at tryCatcher (https://develop.firstfreight.com/__cypress/runner/cypress_runner.js:11318:23)\n    at https://develop.firstfreight.com/__cypress/runner/cypress_runner.js:6440:41\n    at tryCatcher (https://develop.firstfreight.com/__cypress/runner/cypress_runner.js:11318:23)\n    at Promise._settlePromiseFromHandler (https://develop.firstfreight.com/__cypress/runner/cypress_runner.js:9253:31)\n    at Promise._settlePromise (https://develop.firstfreight.com/__cypress/runner/cypress_runner.js:9310:18)\n    at Promise._settlePromise0 (https://develop.firstfreight.com/__cypress/runner/cypress_runner.js:9355:10)\n    at Promise._settlePromises (https://develop.firstfreight.com/__cypress/runner/cypress_runner.js:9431:18)\n    at _drainQueueStep (https://develop.firstfreight.com/__cypress/runner/cypress_runner.js:6025:12)\n    at _drainQueue (https://develop.firstfreight.com/__cypress/runner/cypress_runner.js:6018:9)\n    at ../../node_modules/bluebird/js/release/async.js.Async._drainQueues (https://develop.firstfreight.com/__cypress/runner/cypress_runner.js:6034:5)\n    at Async.drainQueues (https://develop.firstfreight.com/__cypress/runner/cypress_runner.js:5904:14)",
                            "diff": null
                          },
                          "uuid": "4b2bcd7e-eb22-4a82-8e0d-044a8b29502e",
                          "parentUUID": "eb3c34b1-13f1-486d-9a26-71dedfb11d80",
                          "isHook": false,
                          "skipped": false
                        },
                        {
                          "title": "Expedited - Profit Update - Volume: LBs - Profit: Per LB",
                          "fullTitle": "Road Lane Road lane form testing Profit updates with different inputs Expedited profit calculations Expedited - Profit Update - Volume: LBs - Profit: Per LB",
                          "timedOut": null,
                          "duration": 55246,
                          "state": "failed",
                          "speed": null,
                          "pass": false,
                          "fail": true,
                          "pending": false,
                          "context": null,
                          "code": "const newDropdownValue = {\n  laneVolumeUnit: 'LBs',\n  laneProfitType: 'Per LB'\n};\ncy.toggleNewVolume('LBs');\ncy.profitUpdateChecker(_forms.laneForm, newDropdownValue, '409,500');",
                          "err": {
                            "message": "CypressError: `cy.screenshot()` timed out waiting `30000ms` to complete.",
                            "estack": "CypressError: `cy.screenshot()` timed out waiting `30000ms` to complete.\n    at https://develop.firstfreight.com/__cypress/runner/cypress_runner.js:144115:81\n    at tryCatcher (https://develop.firstfreight.com/__cypress/runner/cypress_runner.js:11318:23)\n    at https://develop.firstfreight.com/__cypress/runner/cypress_runner.js:6440:41\n    at tryCatcher (https://develop.firstfreight.com/__cypress/runner/cypress_runner.js:11318:23)\n    at Promise._settlePromiseFromHandler (https://develop.firstfreight.com/__cypress/runner/cypress_runner.js:9253:31)\n    at Promise._settlePromise (https://develop.firstfreight.com/__cypress/runner/cypress_runner.js:9310:18)\n    at Promise._settlePromise0 (https://develop.firstfreight.com/__cypress/runner/cypress_runner.js:9355:10)\n    at Promise._settlePromises (https://develop.firstfreight.com/__cypress/runner/cypress_runner.js:9431:18)\n    at _drainQueueStep (https://develop.firstfreight.com/__cypress/runner/cypress_runner.js:6025:12)\n    at _drainQueue (https://develop.firstfreight.com/__cypress/runner/cypress_runner.js:6018:9)\n    at ../../node_modules/bluebird/js/release/async.js.Async._drainQueues (https://develop.firstfreight.com/__cypress/runner/cypress_runner.js:6034:5)\n    at Async.drainQueues (https://develop.firstfreight.com/__cypress/runner/cypress_runner.js:5904:14)",
                            "diff": null
                          },
                          "uuid": "68c8a30e-e989-49b4-96fe-54b60d6e965c",
                          "parentUUID": "eb3c34b1-13f1-486d-9a26-71dedfb11d80",
                          "isHook": false,
                          "skipped": false
                        },
                        {
                          "title": "Expedited - Profit Update - Volume: LBs - Profit: Percentage",
                          "fullTitle": "Road Lane Road lane form testing Profit updates with different inputs Expedited profit calculations Expedited - Profit Update - Volume: LBs - Profit: Percentage",
                          "timedOut": null,
                          "duration": 55221,
                          "state": "failed",
                          "speed": null,
                          "pass": false,
                          "fail": true,
                          "pending": false,
                          "context": null,
                          "code": "const newDropdownValue = {\n  laneVolumeUnit: 'LBs',\n  laneProfitType: 'Percentage'\n};\ncy.profitUpdateChecker(_forms.laneForm, newDropdownValue, '91');",
                          "err": {
                            "message": "CypressError: `cy.screenshot()` timed out waiting `30000ms` to complete.",
                            "estack": "CypressError: `cy.screenshot()` timed out waiting `30000ms` to complete.\n    at https://develop.firstfreight.com/__cypress/runner/cypress_runner.js:144115:81\n    at tryCatcher (https://develop.firstfreight.com/__cypress/runner/cypress_runner.js:11318:23)\n    at https://develop.firstfreight.com/__cypress/runner/cypress_runner.js:6440:41\n    at tryCatcher (https://develop.firstfreight.com/__cypress/runner/cypress_runner.js:11318:23)\n    at Promise._settlePromiseFromHandler (https://develop.firstfreight.com/__cypress/runner/cypress_runner.js:9253:31)\n    at Promise._settlePromise (https://develop.firstfreight.com/__cypress/runner/cypress_runner.js:9310:18)\n    at Promise._settlePromise0 (https://develop.firstfreight.com/__cypress/runner/cypress_runner.js:9355:10)\n    at Promise._settlePromises (https://develop.firstfreight.com/__cypress/runner/cypress_runner.js:9431:18)\n    at _drainQueueStep (https://develop.firstfreight.com/__cypress/runner/cypress_runner.js:6025:12)\n    at _drainQueue (https://develop.firstfreight.com/__cypress/runner/cypress_runner.js:6018:9)\n    at ../../node_modules/bluebird/js/release/async.js.Async._drainQueues (https://develop.firstfreight.com/__cypress/runner/cypress_runner.js:6034:5)\n    at Async.drainQueues (https://develop.firstfreight.com/__cypress/runner/cypress_runner.js:5904:14)",
                            "diff": null
                          },
                          "uuid": "fd205aac-153a-4229-bede-1c11cfa3ef04",
                          "parentUUID": "eb3c34b1-13f1-486d-9a26-71dedfb11d80",
                          "isHook": false,
                          "skipped": false
                        },
                        {
                          "title": "Expedited - Profit Update - Volume: LBs - Profit: Flat Rate",
                          "fullTitle": "Road Lane Road lane form testing Profit updates with different inputs Expedited profit calculations Expedited - Profit Update - Volume: LBs - Profit: Flat Rate",
                          "timedOut": null,
                          "duration": 55247,
                          "state": "failed",
                          "speed": null,
                          "pass": false,
                          "fail": true,
                          "pending": false,
                          "context": null,
                          "code": "const newDropdownValue = {\n  laneVolumeUnit: 'LBs',\n  laneProfitType: 'Flat Rate'\n};\ncy.profitUpdateChecker(_forms.laneForm, newDropdownValue, '91');",
                          "err": {
                            "message": "CypressError: `cy.screenshot()` timed out waiting `30000ms` to complete.",
                            "estack": "CypressError: `cy.screenshot()` timed out waiting `30000ms` to complete.\n    at https://develop.firstfreight.com/__cypress/runner/cypress_runner.js:144115:81\n    at tryCatcher (https://develop.firstfreight.com/__cypress/runner/cypress_runner.js:11318:23)\n    at https://develop.firstfreight.com/__cypress/runner/cypress_runner.js:6440:41\n    at tryCatcher (https://develop.firstfreight.com/__cypress/runner/cypress_runner.js:11318:23)\n    at Promise._settlePromiseFromHandler (https://develop.firstfreight.com/__cypress/runner/cypress_runner.js:9253:31)\n    at Promise._settlePromise (https://develop.firstfreight.com/__cypress/runner/cypress_runner.js:9310:18)\n    at Promise._settlePromise0 (https://develop.firstfreight.com/__cypress/runner/cypress_runner.js:9355:10)\n    at Promise._settlePromises (https://develop.firstfreight.com/__cypress/runner/cypress_runner.js:9431:18)\n    at _drainQueueStep (https://develop.firstfreight.com/__cypress/runner/cypress_runner.js:6025:12)\n    at _drainQueue (https://develop.firstfreight.com/__cypress/runner/cypress_runner.js:6018:9)\n    at ../../node_modules/bluebird/js/release/async.js.Async._drainQueues (https://develop.firstfreight.com/__cypress/runner/cypress_runner.js:6034:5)\n    at Async.drainQueues (https://develop.firstfreight.com/__cypress/runner/cypress_runner.js:5904:14)",
                            "diff": null
                          },
                          "uuid": "d86da526-3f0a-4b1c-a9f5-26b0a6bfe96f",
                          "parentUUID": "eb3c34b1-13f1-486d-9a26-71dedfb11d80",
                          "isHook": false,
                          "skipped": false
                        }
                      ],
                      "suites": [],
                      "passes": [],
                      "failures": [
                        "a5f2e0d3-e311-42ba-8bfd-9fb66d840205",
                        "ed165a82-5174-4c10-892d-f65d8f0ec248",
                        "26609792-cd9b-476c-91b5-565a89456b4b",
                        "d4109227-4168-47fd-9f06-506daacc7e3e",
                        "f11904fe-1314-47ff-9813-2de38541240b",
                        "4b2bcd7e-eb22-4a82-8e0d-044a8b29502e",
                        "68c8a30e-e989-49b4-96fe-54b60d6e965c",
                        "fd205aac-153a-4229-bede-1c11cfa3ef04",
                        "d86da526-3f0a-4b1c-a9f5-26b0a6bfe96f"
                      ],
                      "pending": [],
                      "skipped": [],
                      "duration": 498097,
                      "root": false,
                      "rootEmpty": false,
                      "_timeout": 2000
                    }
                  ],
                  "passes": [],
                  "failures": [],
                  "pending": [],
                  "skipped": [],
                  "duration": 0,
                  "root": false,
                  "rootEmpty": false,
                  "_timeout": 2000
                }
              ],
              "passes": [],
              "failures": [],
              "pending": [],
              "skipped": [],
              "duration": 0,
              "root": false,
              "rootEmpty": false,
              "_timeout": 2000
            },
            {
              "uuid": "ec137e94-e73b-4017-abf2-104fee739c22",
              "title": "Road Lane functionality",
              "fullFile": "",
              "file": "",
              "beforeHooks": [],
              "afterHooks": [],
              "tests": [],
              "suites": [
                {
                  "uuid": "d57ac762-f187-49c2-a325-ab3dc86fa06e",
                  "title": "Adding Road Lanes",
                  "fullFile": "",
                  "file": "",
                  "beforeHooks": [],
                  "afterHooks": [],
                  "tests": [
                    {
                      "title": "Add Road Lane - No Origin/Destination - FTL Load",
                      "fullTitle": "Road Lane Road Lane functionality Adding Road Lanes Add Road Lane - No Origin/Destination - FTL Load",
                      "timedOut": null,
                      "duration": 17915,
                      "state": "passed",
                      "speed": "slow",
                      "pass": true,
                      "fail": false,
                      "pending": false,
                      "context": null,
                      "code": "const newLaneForm = {\n  laneVolume: '444',\n  laneRevenue: '4333',\n  laneProfit: '4',\n  laneOriginRegion: 'East Asia & Oceania',\n  laneConsigneeName: 'Test',\n  laneDestinationRegion: 'The Americas'\n};\nconst newLaneData = {\n  laneHeaderText: 'Road FTL',\n  originLocationText: '',\n  originLocationCodeText: '',\n  originLocationCountryText: 'Various',\n  destinationLocationText: '',\n  destinationLocationCodeText: '',\n  destinationLocationCountryText: 'Various',\n  volumeText: `${newLaneForm.laneVolume} Trucks | Revenue: $${(0, _helpers.numberWithCommas)(newLaneForm.laneRevenue)} | Profit: $1,776`\n};\ncy.addLane(newLaneForm).then(xhr => {\n  console.log(xhr.response.body);\n  newLaneId = xhr.response.body;\n  cy.checkLaneAirSeaRoad('road', newLaneId, 'empty', newLaneData);\n});",
                      "err": {},
                      "uuid": "1721e117-7648-4b4a-8b02-3377e185e882",
                      "parentUUID": "d57ac762-f187-49c2-a325-ab3dc86fa06e",
                      "isHook": false,
                      "skipped": false
                    },
                    {
                      "title": "Add Road Lane - With Origin/Destination  - FTL Load",
                      "fullTitle": "Road Lane Road Lane functionality Adding Road Lanes Add Road Lane - With Origin/Destination  - FTL Load",
                      "timedOut": null,
                      "duration": 19805,
                      "state": "passed",
                      "speed": "slow",
                      "pass": true,
                      "fail": false,
                      "pending": false,
                      "context": null,
                      "code": "const laneFormInputs = {\n  laneOriginRegion: 'East Asia & Oceania',\n  laneOriginCountry: 'Australia',\n  laneOriginLocation: 'SYD - Sydney',\n  laneOriginLocationSearch: 'SYD',\n  laneDestinationRegion: 'The Americas',\n  laneDestinationCountry: 'Canada',\n  laneDestinationLocation: 'TOR - Toronto',\n  laneDestinationLocationSearch: 'TOR'\n};\nconst newLaneForm = {\n  laneVolume: '300',\n  laneRevenue: '2000',\n  laneProfit: '5',\n  laneShipperName: 'Shipper',\n  laneConsigneeName: 'ConsigneeNameTest'\n};\nconst newLaneData = {\n  laneHeaderText: 'Road FTL',\n  originLocationText: 'Sydney',\n  originLocationCodeText: 'SYD',\n  originLocationCountryText: 'Australia',\n  destinationLocationText: 'Toronto',\n  destinationLocationCodeText: 'TOR',\n  destinationLocationCountryText: 'Canada',\n  volumeText: `${newLaneForm.laneVolume} Trucks | Revenue: $${(0, _helpers.numberWithCommas)(newLaneForm.laneRevenue)} | Profit: $1,500`\n};\ncy.fillForm(_forms.laneForm, laneFormInputs);\ncy.addLane(newLaneForm).then(xhr => {\n  console.log(xhr.response.body);\n  newLaneId = xhr.response.body;\n  cy.checkLaneAirSeaRoad('road', newLaneId, 'data', newLaneData);\n});",
                      "err": {},
                      "uuid": "896cdfea-ea3f-4eee-85f0-0c2e63e69f3b",
                      "parentUUID": "d57ac762-f187-49c2-a325-ab3dc86fa06e",
                      "isHook": false,
                      "skipped": false
                    },
                    {
                      "title": "Add Road Lane - European Euro - FTL Load",
                      "fullTitle": "Road Lane Road Lane functionality Adding Road Lanes Add Road Lane - European Euro - FTL Load",
                      "timedOut": null,
                      "duration": 15792,
                      "state": "passed",
                      "speed": "slow",
                      "pass": true,
                      "fail": false,
                      "pending": false,
                      "context": null,
                      "code": "const laneFormInputs = {\n  laneCurrency: 'European Euros'\n};\nconst newLaneForm = {\n  laneVolume: '100',\n  laneRevenue: '10000',\n  laneProfit: '50',\n  laneOriginRegion: 'East Asia & Oceania',\n  laneConsigneeName: 'Test',\n  laneDestinationRegion: 'The Americas'\n};\nconst newLaneData = {\n  laneHeaderText: 'Road FTL',\n  originLocationText: '',\n  originLocationCodeText: '',\n  originLocationCountryText: 'Various',\n  destinationLocationText: '',\n  destinationLocationCodeText: '',\n  destinationLocationCountryText: 'Various',\n  volumeText: `${newLaneForm.laneVolume} Trucks | Revenue: €${(0, _helpers.numberWithCommas)(newLaneForm.laneRevenue)} | Profit: €5,000`\n};\ncy.fillForm(_forms.laneForm, laneFormInputs);\ncy.addLane(newLaneForm).then(xhr => {\n  console.log(xhr.response.body);\n  newLaneId = xhr.response.body;\n  cy.checkLaneAirSeaRoad('road', newLaneId, 'empty', newLaneData);\n});",
                      "err": {},
                      "uuid": "16b127e8-4536-46f8-902b-f4cad0b98355",
                      "parentUUID": "d57ac762-f187-49c2-a325-ab3dc86fa06e",
                      "isHook": false,
                      "skipped": false
                    },
                    {
                      "title": "Add Road Lane - LTL Load",
                      "fullTitle": "Road Lane Road Lane functionality Adding Road Lanes Add Road Lane - LTL Load",
                      "timedOut": null,
                      "duration": 18172,
                      "state": "passed",
                      "speed": "slow",
                      "pass": true,
                      "fail": false,
                      "pending": false,
                      "context": null,
                      "code": "const roadLaneData = {\n  laneRoadLoadType: 'LTL'\n};\nconst newLaneForm = {\n  laneVolume: '100',\n  laneRevenue: '5000',\n  laneProfit: '50',\n  laneOriginRegion: 'East Asia & Oceania',\n  laneConsigneeName: 'Test',\n  laneDestinationRegion: 'The Americas'\n};\nconst newLaneData = {\n  laneHeaderText: 'Road LTL',\n  originLocationText: '',\n  originLocationCodeText: '',\n  originLocationCountryText: 'Various',\n  destinationLocationText: '',\n  destinationLocationCodeText: '',\n  destinationLocationCountryText: 'Various',\n  volumeText: `${newLaneForm.laneVolume} KGs | Revenue: $${(0, _helpers.numberWithCommas)(newLaneForm.laneRevenue)} | Profit: $5,000`\n};\ncy.fillForm(_forms.laneForm, roadLaneData);\ncy.addLane(newLaneForm).then(xhr => {\n  console.log(xhr.response.body);\n  newLaneId = xhr.response.body;\n  cy.checkLaneAirSeaRoad('road', newLaneId, 'empty', newLaneData);\n});",
                      "err": {},
                      "uuid": "ee7f0748-2a52-408b-936c-59ce4ba30c45",
                      "parentUUID": "d57ac762-f187-49c2-a325-ab3dc86fa06e",
                      "isHook": false,
                      "skipped": false
                    },
                    {
                      "title": "Add Road Lane - Expedited Load",
                      "fullTitle": "Road Lane Road Lane functionality Adding Road Lanes Add Road Lane - Expedited Load",
                      "timedOut": null,
                      "duration": 19851,
                      "state": "passed",
                      "speed": "slow",
                      "pass": true,
                      "fail": false,
                      "pending": false,
                      "context": null,
                      "code": "//bug fix\nconst newLoadType = {\n  laneRoadLoadType: 'Expedited'\n};\nconst newLaneForm = {\n  laneVolume: '100',\n  laneRevenue: '5000',\n  laneProfit: '50',\n  laneOriginRegion: 'East Asia & Oceania',\n  laneConsigneeName: 'Test',\n  laneDestinationRegion: 'The Americas'\n};\nconst newLaneData = {\n  laneHeaderText: 'Road EXPEDITED',\n  originLocationText: '',\n  originLocationCodeText: '',\n  originLocationCountryText: 'Various',\n  destinationLocationText: '',\n  destinationLocationCodeText: '',\n  destinationLocationCountryText: 'Various',\n  volumeText: `${newLaneForm.laneVolume} KGs | Revenue: $${(0, _helpers.numberWithCommas)(newLaneForm.laneRevenue)} | Profit: $5,000`\n};\ncy.fillForm(_forms.laneForm, newLoadType);\ncy.addLane(newLaneForm).then(xhr => {\n  console.log(xhr.response.body);\n  newLaneId = xhr.response.body;\n  cy.checkLaneAirSeaRoad('road', newLaneId, 'empty', newLaneData);\n});",
                      "err": {},
                      "uuid": "6af957e1-3bf0-42e7-90f7-3b69d41425d8",
                      "parentUUID": "d57ac762-f187-49c2-a325-ab3dc86fa06e",
                      "isHook": false,
                      "skipped": false
                    }
                  ],
                  "suites": [],
                  "passes": [
                    "1721e117-7648-4b4a-8b02-3377e185e882",
                    "896cdfea-ea3f-4eee-85f0-0c2e63e69f3b",
                    "16b127e8-4536-46f8-902b-f4cad0b98355",
                    "ee7f0748-2a52-408b-936c-59ce4ba30c45",
                    "6af957e1-3bf0-42e7-90f7-3b69d41425d8"
                  ],
                  "failures": [],
                  "pending": [],
                  "skipped": [],
                  "duration": 91535,
                  "root": false,
                  "rootEmpty": false,
                  "_timeout": 2000
                },
                {
                  "uuid": "a02a0a81-df76-42ef-bfd9-4f1f222bc338",
                  "title": "editing",
                  "fullFile": "",
                  "file": "",
                  "beforeHooks": [],
                  "afterHooks": [],
                  "tests": [
                    {
                      "title": "Selecting Edit displays all data on overview and form",
                      "fullTitle": "Road Lane Road Lane functionality editing Selecting Edit displays all data on overview and form",
                      "timedOut": null,
                      "duration": 24313,
                      "state": "passed",
                      "speed": "slow",
                      "pass": true,
                      "fail": false,
                      "pending": false,
                      "context": null,
                      "code": "const newLaneData = {\n  laneHeaderText: 'Road LTL',\n  originLocationText: 'Kowloon',\n  originLocationCodeText: 'KWN',\n  originLocationCountryText: 'Hong Kong',\n  destinationLocationText: 'Tokyo',\n  destinationLocationCodeText: 'TYO',\n  destinationLocationCountryText: 'Japan',\n  volumeText: `${newLane.volumeAmount} KGs | Revenue: HK$${(0, _helpers.numberWithCommas)(newLane.revenue)} | Profit: HK$100,000,000`\n};\nconst newLaneFormData = {\n  currencyPrefix: 'HK$',\n  currencyCode: 'Hong Kong Dollars',\n  volumeText: '5000000',\n  volumeUnit: 'KGs',\n  revenueText: '4000000',\n  profitText: '20',\n  profitUnit: 'Per KG',\n  calculatedRevenue: '100,000,000',\n  originCompanyName: newCompanyName,\n  originRegionText: 'East Asia & Oceania',\n  originCountryText: 'Hong Kong',\n  originLocationText: 'KWN - Kowloon',\n  destinationCompanyName: 'Nikon',\n  destinationRegionText: 'East Asia & Oceania',\n  destinationCountryText: 'Japan',\n  destinationLocationText: 'TYO - Tokyo',\n  content3pl: '',\n  serviceLocationValue: '',\n  specialRequirementsValue: '',\n  barcodeChecked: false,\n  trackAndTraceChecked: false,\n  pickUpChecked: false,\n  laneCommentText: 'New camera lenses'\n};\ncy.checkLaneAirSeaRoad('road', newLaneId, 'data', newLaneData);\ncy.editLane(newLaneId, subscriberId);\ncy.wait(5000);\ncy.laneFormChecker('road', newLaneFormData);",
                      "err": {},
                      "uuid": "5424f411-c93a-43da-9915-8793b9b512ad",
                      "parentUUID": "a02a0a81-df76-42ef-bfd9-4f1f222bc338",
                      "isHook": false,
                      "skipped": false
                    },
                    {
                      "title": "I must be able to edit and changes save",
                      "fullTitle": "Road Lane Road Lane functionality editing I must be able to edit and changes save",
                      "timedOut": null,
                      "duration": 64116,
                      "state": "failed",
                      "speed": null,
                      "pass": false,
                      "fail": true,
                      "pending": false,
                      "context": null,
                      "code": "const laneFormInputs = {\n  laneRoadLoadType: 'LTL',\n  laneCurrency: 'Chinese Yuan Renminbi',\n  laneOriginRegion: 'East Asia & Oceania',\n  laneOriginCountry: 'China',\n  laneOriginLocation: 'SHG - Shanghai Pt',\n  laneOriginLocationSearch: 'SHG',\n  laneDestinationRegion: 'Europe, Middle East & Africa',\n  laneDestinationCountry: 'United Kingdom',\n  laneDestinationLocation: 'MNC - Manchester',\n  laneDestinationLocationSearch: 'MNC'\n};\nconst newLaneForm = {\n  laneVolume: '500000',\n  laneRevenue: '6000000',\n  laneProfit: '10',\n  laneShipperName: 'Edited Shipper',\n  laneConsigneeName: 'Now Manchester City shirts',\n  comment: 'Pep is a fraud'\n};\nconst newLaneData = {\n  laneHeaderText: 'Road LTL',\n  originLocationText: 'Shanghai Pt',\n  originLocationCodeText: 'SHG',\n  originLocationCountryText: 'China',\n  destinationLocationText: 'Manchester',\n  destinationLocationCodeText: 'MNC',\n  destinationLocationCountryText: 'United Kingdom',\n  volumeText: `${newLaneForm.laneVolume} KGs | Revenue: ¥${(0, _helpers.numberWithCommas)(newLaneForm.laneRevenue)} | Profit: ¥5,000,000`\n};\ncy.wait(8000);\ncy.fillForm(_forms.laneForm, laneFormInputs);\ncy.addLane(newLaneForm).then(xhr => {\n  cy.checkLaneAirSeaRoad('road', newLaneId, 'data', newLaneData);\n});",
                      "err": {
                        "message": "CypressError: `cy.screenshot()` timed out waiting `30000ms` to complete.",
                        "estack": "CypressError: `cy.screenshot()` timed out waiting `30000ms` to complete.\n    at https://develop.firstfreight.com/__cypress/runner/cypress_runner.js:144115:81\n    at tryCatcher (https://develop.firstfreight.com/__cypress/runner/cypress_runner.js:11318:23)\n    at https://develop.firstfreight.com/__cypress/runner/cypress_runner.js:6440:41\n    at tryCatcher (https://develop.firstfreight.com/__cypress/runner/cypress_runner.js:11318:23)\n    at Promise._settlePromiseFromHandler (https://develop.firstfreight.com/__cypress/runner/cypress_runner.js:9253:31)\n    at Promise._settlePromise (https://develop.firstfreight.com/__cypress/runner/cypress_runner.js:9310:18)\n    at Promise._settlePromise0 (https://develop.firstfreight.com/__cypress/runner/cypress_runner.js:9355:10)\n    at Promise._settlePromises (https://develop.firstfreight.com/__cypress/runner/cypress_runner.js:9431:18)\n    at _drainQueueStep (https://develop.firstfreight.com/__cypress/runner/cypress_runner.js:6025:12)\n    at _drainQueue (https://develop.firstfreight.com/__cypress/runner/cypress_runner.js:6018:9)\n    at ../../node_modules/bluebird/js/release/async.js.Async._drainQueues (https://develop.firstfreight.com/__cypress/runner/cypress_runner.js:6034:5)\n    at Async.drainQueues (https://develop.firstfreight.com/__cypress/runner/cypress_runner.js:5904:14)",
                        "diff": null
                      },
                      "uuid": "9b92dd97-6448-470f-85fc-55a68c6d34e7",
                      "parentUUID": "a02a0a81-df76-42ef-bfd9-4f1f222bc338",
                      "isHook": false,
                      "skipped": false
                    }
                  ],
                  "suites": [],
                  "passes": [
                    "5424f411-c93a-43da-9915-8793b9b512ad"
                  ],
                  "failures": [
                    "9b92dd97-6448-470f-85fc-55a68c6d34e7"
                  ],
                  "pending": [],
                  "skipped": [],
                  "duration": 88429,
                  "root": false,
                  "rootEmpty": false,
                  "_timeout": 2000
                },
                {
                  "uuid": "9ef7c4bf-9362-4b1a-87dc-2fe5f16a74cb",
                  "title": "remove",
                  "fullFile": "",
                  "file": "",
                  "beforeHooks": [],
                  "afterHooks": [],
                  "tests": [
                    {
                      "title": "I must be able to remove a Road lane",
                      "fullTitle": "Road Lane Road Lane functionality remove I must be able to remove a Road lane",
                      "timedOut": null,
                      "duration": 73725,
                      "state": "failed",
                      "speed": null,
                      "pass": false,
                      "fail": true,
                      "pending": false,
                      "context": null,
                      "code": "const newLaneData = {\n  laneHeaderText: 'Road EXPEDITED',\n  originLocationText: 'Mumbai (ex Bombay)',\n  originLocationCodeText: 'BOM',\n  originLocationCountryText: 'India',\n  destinationLocationText: 'Paris',\n  destinationLocationCodeText: 'PAR',\n  destinationLocationCountryText: 'France',\n  volumeText: `${newLane.volumeAmount} Trucks | Revenue: INR${(0, _helpers.numberWithCommas)(newLane.revenue)} | Profit: INR1,000,400`\n};\ncy.checkLaneAirSeaRoad('road', newLaneId, 'data', newLaneData);\ncy.editLane(newLaneId, subscriberId);\ncy.deleteLane(newLaneId);",
                      "err": {
                        "message": "CypressError: `cy.screenshot()` timed out waiting `30000ms` to complete.",
                        "estack": "CypressError: `cy.screenshot()` timed out waiting `30000ms` to complete.\n    at https://develop.firstfreight.com/__cypress/runner/cypress_runner.js:144115:81\n    at tryCatcher (https://develop.firstfreight.com/__cypress/runner/cypress_runner.js:11318:23)\n    at https://develop.firstfreight.com/__cypress/runner/cypress_runner.js:6440:41\n    at tryCatcher (https://develop.firstfreight.com/__cypress/runner/cypress_runner.js:11318:23)\n    at Promise._settlePromiseFromHandler (https://develop.firstfreight.com/__cypress/runner/cypress_runner.js:9253:31)\n    at Promise._settlePromise (https://develop.firstfreight.com/__cypress/runner/cypress_runner.js:9310:18)\n    at Promise._settlePromise0 (https://develop.firstfreight.com/__cypress/runner/cypress_runner.js:9355:10)\n    at Promise._settlePromises (https://develop.firstfreight.com/__cypress/runner/cypress_runner.js:9431:18)\n    at _drainQueueStep (https://develop.firstfreight.com/__cypress/runner/cypress_runner.js:6025:12)\n    at _drainQueue (https://develop.firstfreight.com/__cypress/runner/cypress_runner.js:6018:9)\n    at ../../node_modules/bluebird/js/release/async.js.Async._drainQueues (https://develop.firstfreight.com/__cypress/runner/cypress_runner.js:6034:5)\n    at Async.drainQueues (https://develop.firstfreight.com/__cypress/runner/cypress_runner.js:5904:14)",
                        "diff": null
                      },
                      "uuid": "f6140b3c-09dc-4f34-9737-a06aadbdf336",
                      "parentUUID": "9ef7c4bf-9362-4b1a-87dc-2fe5f16a74cb",
                      "isHook": false,
                      "skipped": false
                    }
                  ],
                  "suites": [],
                  "passes": [],
                  "failures": [
                    "f6140b3c-09dc-4f34-9737-a06aadbdf336"
                  ],
                  "pending": [],
                  "skipped": [],
                  "duration": 73725,
                  "root": false,
                  "rootEmpty": false,
                  "_timeout": 2000
                }
              ],
              "passes": [],
              "failures": [],
              "pending": [],
              "skipped": [],
              "duration": 0,
              "root": false,
              "rootEmpty": false,
              "_timeout": 2000
            }
          ],
          "passes": [],
          "failures": [],
          "pending": [],
          "skipped": [],
          "duration": 0,
          "root": false,
          "rootEmpty": false,
          "_timeout": 2000
        }
      ],
      "passes": [],
      "failures": [],
      "pending": [],
      "skipped": [],
      "duration": 0,
      "root": true,
      "rootEmpty": true,
      "_timeout": 2000
    }
  ],
  "meta": {
    "mocha": {
      "version": "7.0.1"
    },
    "mochawesome": {
      "options": {
        "quiet": false,
        "reportFilename": "mochawesome",
        "saveHtml": true,
        "saveJson": true,
        "consoleReporter": "spec",
        "useInlineDiffs": false,
        "code": true
      },
      "version": "6.1.0"
    },
    "marge": {
      "options": {
        "reportDir": "cypress/reports",
        "overwrite": false,
        "html": true,
        "json": true
      },
      "version": "5.1.0"
    }
  }
}