{
  "stats": {
    "suites": 1,
    "tests": 3,
    "passes": 3,
    "pending": 0,
    "failures": 0,
    "start": "2024-03-07T02:42:51.033Z",
    "end": "2024-03-07T02:44:07.874Z",
    "duration": 76841,
    "testsRegistered": 3,
    "passPercent": 100,
    "pendingPercent": 0,
    "other": 0,
    "hasOther": false,
    "skipped": 0,
    "hasSkipped": false
  },
  "results": [
    {
      "uuid": "f0b09390-15f8-47b4-a402-9bc630bb1e98",
      "title": "",
      "fullFile": "cypress\\e2e\\admin\\settings\\settings.competitors.spec.js",
      "file": "cypress\\e2e\\admin\\settings\\settings.competitors.spec.js",
      "beforeHooks": [],
      "afterHooks": [],
      "tests": [],
      "suites": [
        {
          "uuid": "98c06914-4571-4d21-817d-6a33c89a9c87",
          "title": "settings-competitors",
          "fullFile": "",
          "file": "",
          "beforeHooks": [],
          "afterHooks": [],
          "tests": [
            {
              "title": "should list competitors",
              "fullTitle": "settings-competitors should list competitors",
              "timedOut": null,
              "duration": 4546,
              "state": "passed",
              "speed": "fast",
              "pass": true,
              "fail": false,
              "pending": false,
              "context": null,
              "code": "cy.navigateAndCheckURL(_urls.SETTINGS_URL);\ncy.get(competitorsHeader).click();\ncy.get(competitorsContainer).find('tr').should('have.length.gte', 13);",
              "err": {},
              "uuid": "d485c1c1-610a-4407-a720-ce086c6a6a03",
              "parentUUID": "98c06914-4571-4d21-817d-6a33c89a9c87",
              "isHook": false,
              "skipped": false
            },
            {
              "title": "should add and remove competitors",
              "fullTitle": "settings-competitors should add and remove competitors",
              "timedOut": null,
              "duration": 27552,
              "state": "passed",
              "speed": "slow",
              "pass": true,
              "fail": false,
              "pending": false,
              "context": null,
              "code": "const uniqueString = (0, _helpers.stringGen)(5);\nconst competitorName = `TestCompetitor_${uniqueString}`;\nconst addedCompetitor = getNewCompetitor(competitorName);\ncy.navigateAndCheckURL(_urls.SETTINGS_URL);\ncy.addAndRemoveSettings(competitorsHeader, newCompetitor, addCompetitor, addedCompetitor, competitorName, _urls.SETTINGS_URL);",
              "err": {},
              "uuid": "282fdd79-927b-4202-a550-65d14f0e0ae8",
              "parentUUID": "98c06914-4571-4d21-817d-6a33c89a9c87",
              "isHook": false,
              "skipped": false
            },
            {
              "title": "should edit competitors",
              "fullTitle": "settings-competitors should edit competitors",
              "timedOut": null,
              "duration": 43894,
              "state": "passed",
              "speed": "slow",
              "pass": true,
              "fail": false,
              "pending": false,
              "context": null,
              "code": "const initialRandomString = `TestCompetitor_${(0, _helpers.stringGen)(9)}`;\nconst editRandomString = `EditCompetitor_${(0, _helpers.stringGen)(8)}`;\nconst initialRandomStringSelector = getNewCompetitor(initialRandomString);\nconst editRandomStringSelector = getNewCompetitor(editRandomString);\ncy.navigateAndCheckURL(_urls.SETTINGS_URL);\ncy.editAndRemoveSettings(competitorsHeader, newCompetitor, addCompetitor, initialRandomString, editRandomString, initialRandomStringSelector, editRandomStringSelector, _urls.SETTINGS_URL);",
              "err": {},
              "uuid": "0741db11-00da-4054-8cbc-2732906da19d",
              "parentUUID": "98c06914-4571-4d21-817d-6a33c89a9c87",
              "isHook": false,
              "skipped": false
            }
          ],
          "suites": [],
          "passes": [
            "d485c1c1-610a-4407-a720-ce086c6a6a03",
            "282fdd79-927b-4202-a550-65d14f0e0ae8",
            "0741db11-00da-4054-8cbc-2732906da19d"
          ],
          "failures": [],
          "pending": [],
          "skipped": [],
          "duration": 75992,
          "root": false,
          "rootEmpty": false,
          "_timeout": 2000
        }
      ],
      "passes": [],
      "failures": [],
      "pending": [],
      "skipped": [],
      "duration": 0,
      "root": true,
      "rootEmpty": true,
      "_timeout": 2000
    }
  ],
  "meta": {
    "mocha": {
      "version": "7.0.1"
    },
    "mochawesome": {
      "options": {
        "quiet": false,
        "reportFilename": "mochawesome",
        "saveHtml": true,
        "saveJson": true,
        "consoleReporter": "spec",
        "useInlineDiffs": false,
        "code": true
      },
      "version": "6.1.0"
    },
    "marge": {
      "options": {
        "reportDir": "cypress/reports",
        "overwrite": false,
        "html": true,
        "json": true
      },
      "version": "5.1.0"
    }
  }
}