{
  "stats": {
    "suites": 1,
    "tests": 3,
    "passes": 3,
    "pending": 0,
    "failures": 0,
    "start": "2024-03-07T02:38:28.731Z",
    "end": "2024-03-07T02:39:56.267Z",
    "duration": 87536,
    "testsRegistered": 3,
    "passPercent": 100,
    "pendingPercent": 0,
    "other": 0,
    "hasOther": false,
    "skipped": 0,
    "hasSkipped": false
  },
  "results": [
    {
      "uuid": "786bfedf-03f1-4097-ad6c-b316ec082d44",
      "title": "",
      "fullFile": "cypress\\e2e\\admin\\settings\\settings.commodities.spec.js",
      "file": "cypress\\e2e\\admin\\settings\\settings.commodities.spec.js",
      "beforeHooks": [],
      "afterHooks": [],
      "tests": [],
      "suites": [
        {
          "uuid": "43513c81-f37c-4023-a5ae-95e4ad6a3b89",
          "title": "settings.commodities",
          "fullFile": "",
          "file": "",
          "beforeHooks": [],
          "afterHooks": [],
          "tests": [
            {
              "title": "should list commodities",
              "fullTitle": "settings.commodities should list commodities",
              "timedOut": null,
              "duration": 7652,
              "state": "passed",
              "speed": "medium",
              "pass": true,
              "fail": false,
              "pending": false,
              "context": null,
              "code": "cy.navigateAndCheckURL(_urls.SETTINGS_URL);\ncy.get('h1').contains('Settings');\ncy.get(commodotyContainer).find('tr').should('have.length.gte', 6);",
              "err": {},
              "uuid": "9ea10c13-6d31-457b-a448-2b23be69746d",
              "parentUUID": "43513c81-f37c-4023-a5ae-95e4ad6a3b89",
              "isHook": false,
              "skipped": false
            },
            {
              "title": "should add and remove commodities",
              "fullTitle": "settings.commodities should add and remove commodities",
              "timedOut": null,
              "duration": 33352,
              "state": "passed",
              "speed": "slow",
              "pass": true,
              "fail": false,
              "pending": false,
              "context": null,
              "code": "const uniqueString = (0, _helpers.stringGen)(5);\nconst commodotyName = `TestCommodity_${uniqueString}`;\nconst addedCommodoty = getNewCommodoty(commodotyName);\ncy.navigateAndCheckURL(_urls.SETTINGS_URL);\ncy.addAndRemoveSettings(commodotyHeader, newCommodoty, addCommodoty, addedCommodoty, commodotyName, _urls.SETTINGS_URL);",
              "err": {},
              "uuid": "0999d80b-0d7b-4806-9453-c2582f186a8b",
              "parentUUID": "43513c81-f37c-4023-a5ae-95e4ad6a3b89",
              "isHook": false,
              "skipped": false
            },
            {
              "title": "should edit commodities",
              "fullTitle": "settings.commodities should edit commodities",
              "timedOut": null,
              "duration": 45641,
              "state": "passed",
              "speed": "slow",
              "pass": true,
              "fail": false,
              "pending": false,
              "context": null,
              "code": "// random strings for initial and edit commodoty to prevent duplicate assertions in commodoties list\nconst initialRandomString = (0, _helpers.stringGen)(9);\nconst editRandomString = (0, _helpers.stringGen)(8);\nconst initialRandomStringSelector = getNewCommodoty(initialRandomString);\nconst editRandomStringSelector = getNewCommodoty(editRandomString);\ncy.navigateAndCheckURL(_urls.SETTINGS_URL);\ncy.editAndRemoveSettings(commodotyHeader, newCommodoty, addCommodoty, initialRandomString, editRandomString, initialRandomStringSelector, editRandomStringSelector, _urls.SETTINGS_URL);",
              "err": {},
              "uuid": "2ba0bbc1-5515-4304-9e9d-46b12a3abcac",
              "parentUUID": "43513c81-f37c-4023-a5ae-95e4ad6a3b89",
              "isHook": false,
              "skipped": false
            }
          ],
          "suites": [],
          "passes": [
            "9ea10c13-6d31-457b-a448-2b23be69746d",
            "0999d80b-0d7b-4806-9453-c2582f186a8b",
            "2ba0bbc1-5515-4304-9e9d-46b12a3abcac"
          ],
          "failures": [],
          "pending": [],
          "skipped": [],
          "duration": 86645,
          "root": false,
          "rootEmpty": false,
          "_timeout": 2000
        }
      ],
      "passes": [],
      "failures": [],
      "pending": [],
      "skipped": [],
      "duration": 0,
      "root": true,
      "rootEmpty": true,
      "_timeout": 2000
    }
  ],
  "meta": {
    "mocha": {
      "version": "7.0.1"
    },
    "mochawesome": {
      "options": {
        "quiet": false,
        "reportFilename": "mochawesome",
        "saveHtml": true,
        "saveJson": true,
        "consoleReporter": "spec",
        "useInlineDiffs": false,
        "code": true
      },
      "version": "6.1.0"
    },
    "marge": {
      "options": {
        "reportDir": "cypress/reports",
        "overwrite": false,
        "html": true,
        "json": true
      },
      "version": "5.1.0"
    }
  }
}