{
  "stats": {
    "suites": 1,
    "tests": 3,
    "passes": 3,
    "pending": 0,
    "failures": 0,
    "start": "2024-03-07T02:41:26.949Z",
    "end": "2024-03-07T02:42:44.920Z",
    "duration": 77971,
    "testsRegistered": 3,
    "passPercent": 100,
    "pendingPercent": 0,
    "other": 0,
    "hasOther": false,
    "skipped": 0,
    "hasSkipped": false
  },
  "results": [
    {
      "uuid": "b8ba9f82-083e-4138-938b-f5cbb414c810",
      "title": "",
      "fullFile": "cypress\\e2e\\admin\\settings\\settings.company-types.spec.js",
      "file": "cypress\\e2e\\admin\\settings\\settings.company-types.spec.js",
      "beforeHooks": [],
      "afterHooks": [],
      "tests": [],
      "suites": [
        {
          "uuid": "8716f1b0-105d-43a3-b4f6-9c18b55c4882",
          "title": "settings.company-types",
          "fullFile": "",
          "file": "",
          "beforeHooks": [],
          "afterHooks": [],
          "tests": [
            {
              "title": "should list company types",
              "fullTitle": "settings.company-types should list company types",
              "timedOut": null,
              "duration": 4100,
              "state": "passed",
              "speed": "fast",
              "pass": true,
              "fail": false,
              "pending": false,
              "context": null,
              "code": "cy.navigateAndCheckURL(_urls.SETTINGS_URL);\ncy.get(companyTypesHeader).click({\n  force: true\n});\ncy.get(companyTypesContainer).find('tr').should('have.length.gte', 8);",
              "err": {},
              "uuid": "0291c273-367f-4c04-82c1-c6ff229a172f",
              "parentUUID": "8716f1b0-105d-43a3-b4f6-9c18b55c4882",
              "isHook": false,
              "skipped": false
            },
            {
              "title": "should add and remove company types",
              "fullTitle": "settings.company-types should add and remove company types",
              "timedOut": null,
              "duration": 28654,
              "state": "passed",
              "speed": "slow",
              "pass": true,
              "fail": false,
              "pending": false,
              "context": null,
              "code": "const uniqueString = (0, _helpers.stringGen)(4);\nconst companyTypeName = `Company Type_${uniqueString}`;\nconst addedCompanyType = getNewCompanyType(companyTypeName);\ncy.navigateAndCheckURL(_urls.SETTINGS_URL);\ncy.addAndRemoveSettings(companyTypesHeader, newCompanyType, addCompanyTypes, addedCompanyType, companyTypeName, _urls.SETTINGS_URL);",
              "err": {},
              "uuid": "fd9b3077-a246-4a79-bde1-2bf3ae2f3881",
              "parentUUID": "8716f1b0-105d-43a3-b4f6-9c18b55c4882",
              "isHook": false,
              "skipped": false
            },
            {
              "title": "should edit company types",
              "fullTitle": "settings.company-types should edit company types",
              "timedOut": null,
              "duration": 44519,
              "state": "passed",
              "speed": "slow",
              "pass": true,
              "fail": false,
              "pending": false,
              "context": null,
              "code": "const initialRandomString = (0, _helpers.stringGen)(9);\nconst editRandomString = (0, _helpers.stringGen)(8);\nconst initialRandomStringSelector = getNewCompanyType(initialRandomString);\nconst editRandomStringSelector = getNewCompanyType(editRandomString);\ncy.navigateAndCheckURL(_urls.SETTINGS_URL);\ncy.editAndRemoveSettings(companyTypesHeader, newCompanyType, addCompanyTypes, initialRandomString, editRandomString, initialRandomStringSelector, editRandomStringSelector, _urls.SETTINGS_URL);",
              "err": {},
              "uuid": "fbee345f-ffeb-4362-aee7-3bcac20206d6",
              "parentUUID": "8716f1b0-105d-43a3-b4f6-9c18b55c4882",
              "isHook": false,
              "skipped": false
            }
          ],
          "suites": [],
          "passes": [
            "0291c273-367f-4c04-82c1-c6ff229a172f",
            "fd9b3077-a246-4a79-bde1-2bf3ae2f3881",
            "fbee345f-ffeb-4362-aee7-3bcac20206d6"
          ],
          "failures": [],
          "pending": [],
          "skipped": [],
          "duration": 77273,
          "root": false,
          "rootEmpty": false,
          "_timeout": 2000
        }
      ],
      "passes": [],
      "failures": [],
      "pending": [],
      "skipped": [],
      "duration": 0,
      "root": true,
      "rootEmpty": true,
      "_timeout": 2000
    }
  ],
  "meta": {
    "mocha": {
      "version": "7.0.1"
    },
    "mochawesome": {
      "options": {
        "quiet": false,
        "reportFilename": "mochawesome",
        "saveHtml": true,
        "saveJson": true,
        "consoleReporter": "spec",
        "useInlineDiffs": false,
        "code": true
      },
      "version": "6.1.0"
    },
    "marge": {
      "options": {
        "reportDir": "cypress/reports",
        "overwrite": false,
        "html": true,
        "json": true
      },
      "version": "5.1.0"
    }
  }
}