{
  "stats": {
    "suites": 3,
    "tests": 7,
    "passes": 7,
    "pending": 0,
    "failures": 0,
    "start": "2024-03-07T02:35:09.246Z",
    "end": "2024-03-07T02:35:55.833Z",
    "duration": 46587,
    "testsRegistered": 7,
    "passPercent": 100,
    "pendingPercent": 0,
    "other": 0,
    "hasOther": false,
    "skipped": 0,
    "hasSkipped": false
  },
  "results": [
    {
      "uuid": "fdf62d84-1d5c-4e93-9c5b-3270d0bd752a",
      "title": "",
      "fullFile": "cypress\\e2e\\admin\\locations\\locations.companyLocations.spec.js",
      "file": "cypress\\e2e\\admin\\locations\\locations.companyLocations.spec.js",
      "beforeHooks": [],
      "afterHooks": [],
      "tests": [],
      "suites": [
        {
          "uuid": "a03167ca-55d9-4de4-97e1-e2c7fd8e224b",
          "title": "locations.companyLocations",
          "fullFile": "",
          "file": "",
          "beforeHooks": [],
          "afterHooks": [],
          "tests": [],
          "suites": [
            {
              "uuid": "4addc2f3-0422-4a52-b0bc-82ad9f47f396",
              "title": "company locations validation",
              "fullFile": "",
              "file": "",
              "beforeHooks": [],
              "afterHooks": [],
              "tests": [
                {
                  "title": "location, code, country and region fields are required",
                  "fullTitle": "locations.companyLocations company locations validation location, code, country and region fields are required",
                  "timedOut": null,
                  "duration": 5083,
                  "state": "passed",
                  "speed": "medium",
                  "pass": true,
                  "fail": false,
                  "pending": false,
                  "context": null,
                  "code": "cy.saveForm();\ncy.requiredValidationChecker();",
                  "err": {},
                  "uuid": "56325b73-06ba-41b8-87d9-1385a96ce091",
                  "parentUUID": "4addc2f3-0422-4a52-b0bc-82ad9f47f396",
                  "isHook": false,
                  "skipped": false
                },
                {
                  "title": "close company locations form",
                  "fullTitle": "locations.companyLocations company locations validation close company locations form",
                  "timedOut": null,
                  "duration": 2359,
                  "state": "passed",
                  "speed": "fast",
                  "pass": true,
                  "fail": false,
                  "pending": false,
                  "context": null,
                  "code": "cy.cancelForm();\ncy.get('#divLocationsTab').should('be.visible');",
                  "err": {},
                  "uuid": "7955cfa0-cc12-4309-9244-722eb2db4eca",
                  "parentUUID": "4addc2f3-0422-4a52-b0bc-82ad9f47f396",
                  "isHook": false,
                  "skipped": false
                }
              ],
              "suites": [],
              "passes": [
                "56325b73-06ba-41b8-87d9-1385a96ce091",
                "7955cfa0-cc12-4309-9244-722eb2db4eca"
              ],
              "failures": [],
              "pending": [],
              "skipped": [],
              "duration": 7442,
              "root": false,
              "rootEmpty": false,
              "_timeout": 2000
            },
            {
              "uuid": "1512dd26-6d38-4b65-854b-f55337dc3db3",
              "title": "company locations functionality",
              "fullFile": "",
              "file": "",
              "beforeHooks": [],
              "afterHooks": [],
              "tests": [
                {
                  "title": "i must be able to add a company location",
                  "fullTitle": "locations.companyLocations company locations functionality i must be able to add a company location",
                  "timedOut": null,
                  "duration": 9651,
                  "state": "passed",
                  "speed": "medium",
                  "pass": true,
                  "fail": false,
                  "pending": false,
                  "context": null,
                  "code": "cy.intercept('/api/location/SaveLocation').as('saveLocation');\nconst newCompanyLocation = {\n  locationName: `A${(0, _helpers.stringGen)(10)}`,\n  locationCode: `B${(0, _helpers.stringGen)(3)}`,\n  locationType: 'Agent',\n  locationAddress: '21 Test Lane',\n  locationCity: 'Lancaster',\n  locationState: 'Yorkshire',\n  locationPostCode: 'LA1 1AA',\n  locationPhone: (0, _helpers.numGen)(9),\n  locationFax: (0, _helpers.numGen)(9),\n  locationComments: (0, _helpers.stringGen)(20),\n  locationDistrict: 'Greater Manchester',\n  locationCountry: 'United Kingdom',\n  locationRegion: 'Europe, Middle East & Africa'\n};\ncy.openCompanyLocationsForm();\ncy.fillForm(_forms.locationCompanyLocationsForm, newCompanyLocation);\ncy.saveForm();\ncy.wait('@saveLocation').then(xhr => {\n  const locationId = xhr.response.body;\n  cy.checkCompanyLocationsOverview(locationId, newCompanyLocation);\n  cy.removeCompanyLocationAPI(locationId, userData);\n});",
                  "err": {},
                  "uuid": "2ca0a23b-330d-472d-9840-c463ae1d348a",
                  "parentUUID": "1512dd26-6d38-4b65-854b-f55337dc3db3",
                  "isHook": false,
                  "skipped": false
                },
                {
                  "title": "i must be able to edit a company location",
                  "fullTitle": "locations.companyLocations company locations functionality i must be able to edit a company location",
                  "timedOut": null,
                  "duration": 12773,
                  "state": "passed",
                  "speed": "slow",
                  "pass": true,
                  "fail": false,
                  "pending": false,
                  "context": null,
                  "code": "const locationData = {\n  countryName: 'United Kingdom',\n  locationCode: (0, _helpers.numGen)(4),\n  locationName: `A${(0, _helpers.stringGen)(10)}`,\n  regionName: 'Europe, Middle East & Africa'\n};\ncy.addCompanyLocationAPI(userData, locationData).then(response => {\n  const locationId = response.body;\n  cy.navigateAndCheckURL(_urls.LOCATION_URL);\n  cy.selectLocationTab('companyLocations');\n  cy.viewAndSelectEditCompanyLocation(locationId, locationData.locationName);\n  const editForm = {\n    locationName: `A${(0, _helpers.stringGen)(10)}`,\n    locationCode: `B${(0, _helpers.stringGen)(3)}`,\n    locationType: 'Agent',\n    locationAddress: '222 Test Lane',\n    locationCity: 'Bolton',\n    locationState: 'Lancashire',\n    locationPostCode: 'B11441',\n    locationPhone: (0, _helpers.numGen)(9),\n    locationFax: (0, _helpers.numGen)(9),\n    locationComments: (0, _helpers.stringGen)(20),\n    locationDistrict: 'Greater Manchester',\n    locationCountry: 'United Kingdom',\n    locationRegion: 'Europe, Middle East & Africa'\n  };\n  cy.fillForm(_forms.locationCompanyLocationsForm, editForm);\n  cy.saveForm();\n  cy.checkCompanyLocationsOverview(locationId, editForm);\n  cy.removeCompanyLocationAPI(locationId, userData);\n});",
                  "err": {},
                  "uuid": "d34cd05d-5ab1-4493-9969-ac4b3028f447",
                  "parentUUID": "1512dd26-6d38-4b65-854b-f55337dc3db3",
                  "isHook": false,
                  "skipped": false
                },
                {
                  "title": "i must be able to delete a company location",
                  "fullTitle": "locations.companyLocations company locations functionality i must be able to delete a company location",
                  "timedOut": null,
                  "duration": 8314,
                  "state": "passed",
                  "speed": "medium",
                  "pass": true,
                  "fail": false,
                  "pending": false,
                  "context": null,
                  "code": "const locationData = {\n  countryName: 'United Kingdom',\n  locationCode: (0, _helpers.numGen)(4),\n  locationName: (0, _helpers.stringGen)(10),\n  regionName: 'Europe, Middle East & Africa'\n};\ncy.addCompanyLocationAPI(userData, locationData).then(response => {\n  const locationId = response.body;\n  cy.intercept(`/api/location/deletelocation/?locationid=${locationId}&userId=${crmAdminUserId}&subscriberId=${subscriberId}`).as('deleteLocation');\n  cy.navigateAndCheckURL(_urls.LOCATION_URL);\n  cy.selectLocationTab('companyLocations');\n  cy.viewAndSelectEditCompanyLocation(locationId, locationData.locationName);\n  cy.deleteForm();\n  cy.deleteModal('Delete Location!', 'Are you sure you want to delete this location?', 'delete');\n  cy.wait('@deleteLocation');\n  cy.locationNotOnOverview(locationId, locationData.locationName);\n});",
                  "err": {},
                  "uuid": "c3942c86-e0eb-43a5-8f5c-d1341b868b66",
                  "parentUUID": "1512dd26-6d38-4b65-854b-f55337dc3db3",
                  "isHook": false,
                  "skipped": false
                },
                {
                  "title": "i must be able to perform a valid search on the company location page",
                  "fullTitle": "locations.companyLocations company locations functionality i must be able to perform a valid search on the company location page",
                  "timedOut": null,
                  "duration": 3691,
                  "state": "passed",
                  "speed": "fast",
                  "pass": true,
                  "fail": false,
                  "pending": false,
                  "context": null,
                  "code": "const locationData = {\n  countryName: 'United Kingdom',\n  locationCode: (0, _helpers.numGen)(4),\n  locationName: (0, _helpers.stringGen)(10),\n  regionName: 'Europe, Middle East & Africa'\n};\ncy.addCompanyLocationAPI(userData, locationData).then(response => {\n  const locationId = response.body;\n  cy.navigateAndCheckURL(_urls.LOCATION_URL);\n  cy.selectLocationTab('companyLocations');\n  cy.searchCompanyLocationOverview(locationId, locationData.locationName, 'valid');\n  cy.removeCompanyLocationAPI(locationId, userData);\n});",
                  "err": {},
                  "uuid": "12ae0e04-6d82-46ac-8abb-64e23352bbf2",
                  "parentUUID": "1512dd26-6d38-4b65-854b-f55337dc3db3",
                  "isHook": false,
                  "skipped": false
                },
                {
                  "title": "an invalid search returns no results",
                  "fullTitle": "locations.companyLocations company locations functionality an invalid search returns no results",
                  "timedOut": null,
                  "duration": 3580,
                  "state": "passed",
                  "speed": "fast",
                  "pass": true,
                  "fail": false,
                  "pending": false,
                  "context": null,
                  "code": "cy.navigateAndCheckURL(_urls.LOCATION_URL);\ncy.selectLocationTab('companyLocations');\ncy.searchCompanyLocationOverview('', 'eazsxrdfcghvjbjknlm', 'invalid');",
                  "err": {},
                  "uuid": "5da80b46-54b3-4b0c-8ef3-2f9301491011",
                  "parentUUID": "1512dd26-6d38-4b65-854b-f55337dc3db3",
                  "isHook": false,
                  "skipped": false
                }
              ],
              "suites": [],
              "passes": [
                "2ca0a23b-330d-472d-9840-c463ae1d348a",
                "d34cd05d-5ab1-4493-9969-ac4b3028f447",
                "c3942c86-e0eb-43a5-8f5c-d1341b868b66",
                "12ae0e04-6d82-46ac-8abb-64e23352bbf2",
                "5da80b46-54b3-4b0c-8ef3-2f9301491011"
              ],
              "failures": [],
              "pending": [],
              "skipped": [],
              "duration": 38009,
              "root": false,
              "rootEmpty": false,
              "_timeout": 2000
            }
          ],
          "passes": [],
          "failures": [],
          "pending": [],
          "skipped": [],
          "duration": 0,
          "root": false,
          "rootEmpty": false,
          "_timeout": 2000
        }
      ],
      "passes": [],
      "failures": [],
      "pending": [],
      "skipped": [],
      "duration": 0,
      "root": true,
      "rootEmpty": true,
      "_timeout": 2000
    }
  ],
  "meta": {
    "mocha": {
      "version": "7.0.1"
    },
    "mochawesome": {
      "options": {
        "quiet": false,
        "reportFilename": "mochawesome",
        "saveHtml": true,
        "saveJson": true,
        "consoleReporter": "spec",
        "useInlineDiffs": false,
        "code": true
      },
      "version": "6.1.0"
    },
    "marge": {
      "options": {
        "reportDir": "cypress/reports",
        "overwrite": false,
        "html": true,
        "json": true
      },
      "version": "5.1.0"
    }
  }
}