{
  "stats": {
    "suites": 1,
    "tests": 3,
    "passes": 3,
    "pending": 0,
    "failures": 0,
    "start": "2024-03-07T02:52:42.336Z",
    "end": "2024-03-07T02:54:02.882Z",
    "duration": 80546,
    "testsRegistered": 3,
    "passPercent": 100,
    "pendingPercent": 0,
    "other": 0,
    "hasOther": false,
    "skipped": 0,
    "hasSkipped": false
  },
  "results": [
    {
      "uuid": "f93712ed-7c3e-433e-a822-d0d7084f09b8",
      "title": "",
      "fullFile": "cypress\\e2e\\admin\\settings\\settings.won-reason.spec.js",
      "file": "cypress\\e2e\\admin\\settings\\settings.won-reason.spec.js",
      "beforeHooks": [],
      "afterHooks": [],
      "tests": [],
      "suites": [
        {
          "uuid": "7d7f31ed-4e60-454e-aaf3-917c970fb05f",
          "title": "settings.won-reason",
          "fullFile": "",
          "file": "",
          "beforeHooks": [],
          "afterHooks": [],
          "tests": [
            {
              "title": "should list won reasons",
              "fullTitle": "settings.won-reason should list won reasons",
              "timedOut": null,
              "duration": 4553,
              "state": "passed",
              "speed": "fast",
              "pass": true,
              "fail": false,
              "pending": false,
              "context": null,
              "code": "cy.navigateAndCheckURL(_urls.SETTINGS_URL);\ncy.get(wonReasonHeader).click();\ncy.get(wonReasonContainer).find('tr').should('have.length.gte', 1);",
              "err": {},
              "uuid": "9dac84fb-2b88-4ecd-a47a-d61aab880f38",
              "parentUUID": "7d7f31ed-4e60-454e-aaf3-917c970fb05f",
              "isHook": false,
              "skipped": false
            },
            {
              "title": "should add and remove won reasons",
              "fullTitle": "settings.won-reason should add and remove won reasons",
              "timedOut": null,
              "duration": 28223,
              "state": "passed",
              "speed": "slow",
              "pass": true,
              "fail": false,
              "pending": false,
              "context": null,
              "code": "const uniqueString = (0, _helpers.stringGen)(5);\nconst wonReasonName = `Test Won Reason_${uniqueString}`;\nconst addedWonReason = getNewWonReason(wonReasonName);\ncy.navigateAndCheckURL(_urls.SETTINGS_URL);\ncy.addAndRemoveSettings(wonReasonHeader, newWonReason, addWonReason, addedWonReason, wonReasonName, _urls.SETTINGS_URL);",
              "err": {},
              "uuid": "0c682095-fc2b-43a1-94be-90d155b7abb5",
              "parentUUID": "7d7f31ed-4e60-454e-aaf3-917c970fb05f",
              "isHook": false,
              "skipped": false
            },
            {
              "title": "should edit won reasons",
              "fullTitle": "settings.won-reason should edit won reasons",
              "timedOut": null,
              "duration": 46693,
              "state": "passed",
              "speed": "slow",
              "pass": true,
              "fail": false,
              "pending": false,
              "context": null,
              "code": "const initialRandomString = (0, _helpers.stringGen)(9);\nconst editRandomString = (0, _helpers.stringGen)(8);\nconst initialRandomStringSelector = getNewWonReason(initialRandomString);\nconst editRandomStringSelector = getNewWonReason(editRandomString);\ncy.navigateAndCheckURL(_urls.SETTINGS_URL);\ncy.editAndRemoveSettings(wonReasonHeader, newWonReason, addWonReason, initialRandomString, editRandomString, initialRandomStringSelector, editRandomStringSelector, _urls.SETTINGS_URL);",
              "err": {},
              "uuid": "fa0b4f48-1489-4722-bde4-6d001e929259",
              "parentUUID": "7d7f31ed-4e60-454e-aaf3-917c970fb05f",
              "isHook": false,
              "skipped": false
            }
          ],
          "suites": [],
          "passes": [
            "9dac84fb-2b88-4ecd-a47a-d61aab880f38",
            "0c682095-fc2b-43a1-94be-90d155b7abb5",
            "fa0b4f48-1489-4722-bde4-6d001e929259"
          ],
          "failures": [],
          "pending": [],
          "skipped": [],
          "duration": 79469,
          "root": false,
          "rootEmpty": false,
          "_timeout": 2000
        }
      ],
      "passes": [],
      "failures": [],
      "pending": [],
      "skipped": [],
      "duration": 0,
      "root": true,
      "rootEmpty": true,
      "_timeout": 2000
    }
  ],
  "meta": {
    "mocha": {
      "version": "7.0.1"
    },
    "mochawesome": {
      "options": {
        "quiet": false,
        "reportFilename": "mochawesome",
        "saveHtml": true,
        "saveJson": true,
        "consoleReporter": "spec",
        "useInlineDiffs": false,
        "code": true
      },
      "version": "6.1.0"
    },
    "marge": {
      "options": {
        "reportDir": "cypress/reports",
        "overwrite": false,
        "html": true,
        "json": true
      },
      "version": "5.1.0"
    }
  }
}