{
  "stats": {
    "suites": 1,
    "tests": 3,
    "passes": 3,
    "pending": 0,
    "failures": 0,
    "start": "2024-03-07T02:40:02.444Z",
    "end": "2024-03-07T02:41:20.748Z",
    "duration": 78304,
    "testsRegistered": 3,
    "passPercent": 100,
    "pendingPercent": 0,
    "other": 0,
    "hasOther": false,
    "skipped": 0,
    "hasSkipped": false
  },
  "results": [
    {
      "uuid": "c88511c7-8a1e-4a44-bc1c-d436c30a802e",
      "title": "",
      "fullFile": "cypress\\e2e\\admin\\settings\\settings.company-segments.spec.js",
      "file": "cypress\\e2e\\admin\\settings\\settings.company-segments.spec.js",
      "beforeHooks": [],
      "afterHooks": [],
      "tests": [],
      "suites": [
        {
          "uuid": "88f67d2f-f882-4096-8a05-686a55186822",
          "title": "settings.company-segments",
          "fullFile": "",
          "file": "",
          "beforeHooks": [],
          "afterHooks": [],
          "tests": [
            {
              "title": "should list company segments",
              "fullTitle": "settings.company-segments should list company segments",
              "timedOut": null,
              "duration": 4194,
              "state": "passed",
              "speed": "fast",
              "pass": true,
              "fail": false,
              "pending": false,
              "context": null,
              "code": "cy.navigateAndCheckURL(_urls.SETTINGS_URL);\ncy.get(companySegmentsHeader).click();\ncy.get(companySegmentsContainer).find('tr').should('have.length.gte', 4);",
              "err": {},
              "uuid": "7f00576f-ebef-4bdd-be5e-f2551d2ef535",
              "parentUUID": "88f67d2f-f882-4096-8a05-686a55186822",
              "isHook": false,
              "skipped": false
            },
            {
              "title": "should add and remove company segments",
              "fullTitle": "settings.company-segments should add and remove company segments",
              "timedOut": null,
              "duration": 28059,
              "state": "passed",
              "speed": "slow",
              "pass": true,
              "fail": false,
              "pending": false,
              "context": null,
              "code": "const uniqueString = (0, _helpers.stringGen)(5);\nconst companySegmentName = `TestCompany Segment_${uniqueString}`;\nconst addedCompanySegment = getNewCompanySegment(companySegmentName);\ncy.navigateAndCheckURL(_urls.SETTINGS_URL);\ncy.addAndRemoveSettings(companySegmentsHeader, newCompanySegments, addCompanySegments, addedCompanySegment, companySegmentName, _urls.SETTINGS_URL);",
              "err": {},
              "uuid": "5c47df22-7ddb-4ac3-9eb3-459b6cca4669",
              "parentUUID": "88f67d2f-f882-4096-8a05-686a55186822",
              "isHook": false,
              "skipped": false
            },
            {
              "title": "should edit company segments",
              "fullTitle": "settings.company-segments should edit company segments",
              "timedOut": null,
              "duration": 45270,
              "state": "passed",
              "speed": "slow",
              "pass": true,
              "fail": false,
              "pending": false,
              "context": null,
              "code": "const initialRandomString = (0, _helpers.stringGen)(9);\nconst editRandomString = (0, _helpers.stringGen)(8);\nconst initialRandomStringSelector = getNewCompanySegment(initialRandomString);\nconst editRandomStringSelector = getNewCompanySegment(editRandomString);\ncy.navigateAndCheckURL(_urls.SETTINGS_URL);\ncy.editAndRemoveSettings(companySegmentsHeader, newCompanySegments, addCompanySegments, initialRandomString, editRandomString, initialRandomStringSelector, editRandomStringSelector, _urls.SETTINGS_URL);",
              "err": {},
              "uuid": "df18103f-ce59-420b-9be8-9498976d96d1",
              "parentUUID": "88f67d2f-f882-4096-8a05-686a55186822",
              "isHook": false,
              "skipped": false
            }
          ],
          "suites": [],
          "passes": [
            "7f00576f-ebef-4bdd-be5e-f2551d2ef535",
            "5c47df22-7ddb-4ac3-9eb3-459b6cca4669",
            "df18103f-ce59-420b-9be8-9498976d96d1"
          ],
          "failures": [],
          "pending": [],
          "skipped": [],
          "duration": 77523,
          "root": false,
          "rootEmpty": false,
          "_timeout": 2000
        }
      ],
      "passes": [],
      "failures": [],
      "pending": [],
      "skipped": [],
      "duration": 0,
      "root": true,
      "rootEmpty": true,
      "_timeout": 2000
    }
  ],
  "meta": {
    "mocha": {
      "version": "7.0.1"
    },
    "mochawesome": {
      "options": {
        "quiet": false,
        "reportFilename": "mochawesome",
        "saveHtml": true,
        "saveJson": true,
        "consoleReporter": "spec",
        "useInlineDiffs": false,
        "code": true
      },
      "version": "6.1.0"
    },
    "marge": {
      "options": {
        "reportDir": "cypress/reports",
        "overwrite": false,
        "html": true,
        "json": true
      },
      "version": "5.1.0"
    }
  }
}