{
  "stats": {
    "suites": 2,
    "tests": 1,
    "passes": 1,
    "pending": 0,
    "failures": 0,
    "start": "2024-03-06T23:26:05.690Z",
    "end": "2024-03-06T23:26:10.329Z",
    "duration": 4639,
    "testsRegistered": 1,
    "passPercent": 100,
    "pendingPercent": 0,
    "other": 0,
    "hasOther": false,
    "skipped": 0,
    "hasSkipped": false
  },
  "results": [
    {
      "uuid": "842e54d2-a300-42d3-83d6-ca0045c3e578",
      "title": "",
      "fullFile": "cypress\\e2e\\companies\\company-validation.spec.js",
      "file": "cypress\\e2e\\companies\\company-validation.spec.js",
      "beforeHooks": [],
      "afterHooks": [],
      "tests": [],
      "suites": [
        {
          "uuid": "dc374827-9652-4644-bf63-abf9bb877d16",
          "title": "company-validation",
          "fullFile": "",
          "file": "",
          "beforeHooks": [],
          "afterHooks": [],
          "tests": [],
          "suites": [
            {
              "uuid": "b4c43d50-a724-4334-b72a-8a16bf4eba36",
              "title": "Contact Form Validation",
              "fullFile": "",
              "file": "",
              "beforeHooks": [],
              "afterHooks": [],
              "tests": [
                {
                  "title": "Company Name, Address, City and Industry correct validation with no input",
                  "fullTitle": "company-validation Contact Form Validation Company Name, Address, City and Industry correct validation with no input",
                  "timedOut": null,
                  "duration": 4509,
                  "state": "passed",
                  "speed": "fast",
                  "pass": true,
                  "fail": false,
                  "pending": false,
                  "context": null,
                  "code": "cy.get('#txtCompanyNameSearch').type((0, _helpers.stringGen)(15));\ncy.get('#aSearchCompany').click();\ncy.get('#txtCompanyName').clear();\ncy.checkCompanyFormValidation();",
                  "err": {},
                  "uuid": "04416585-3b1e-436b-ba33-05e2d62cd2b6",
                  "parentUUID": "b4c43d50-a724-4334-b72a-8a16bf4eba36",
                  "isHook": false,
                  "skipped": false
                }
              ],
              "suites": [],
              "passes": [
                "04416585-3b1e-436b-ba33-05e2d62cd2b6"
              ],
              "failures": [],
              "pending": [],
              "skipped": [],
              "duration": 4509,
              "root": false,
              "rootEmpty": false,
              "_timeout": 2000
            }
          ],
          "passes": [],
          "failures": [],
          "pending": [],
          "skipped": [],
          "duration": 0,
          "root": false,
          "rootEmpty": false,
          "_timeout": 2000
        }
      ],
      "passes": [],
      "failures": [],
      "pending": [],
      "skipped": [],
      "duration": 0,
      "root": true,
      "rootEmpty": true,
      "_timeout": 2000
    }
  ],
  "meta": {
    "mocha": {
      "version": "7.0.1"
    },
    "mochawesome": {
      "options": {
        "quiet": false,
        "reportFilename": "mochawesome",
        "saveHtml": true,
        "saveJson": true,
        "consoleReporter": "spec",
        "useInlineDiffs": false,
        "code": true
      },
      "version": "6.1.0"
    },
    "marge": {
      "options": {
        "reportDir": "cypress/reports",
        "overwrite": false,
        "html": true,
        "json": true
      },
      "version": "5.1.0"
    }
  }
}