{
  "stats": {
    "suites": 1,
    "tests": 3,
    "passes": 3,
    "pending": 0,
    "failures": 0,
    "start": "2024-03-07T02:47:00.726Z",
    "end": "2024-03-07T02:48:20.261Z",
    "duration": 79535,
    "testsRegistered": 3,
    "passPercent": 100,
    "pendingPercent": 0,
    "other": 0,
    "hasOther": false,
    "skipped": 0,
    "hasSkipped": false
  },
  "results": [
    {
      "uuid": "399661c1-2e1e-49d4-bc31-59694e36bbf8",
      "title": "",
      "fullFile": "cypress\\e2e\\admin\\settings\\settings.industries.spec.js",
      "file": "cypress\\e2e\\admin\\settings\\settings.industries.spec.js",
      "beforeHooks": [],
      "afterHooks": [],
      "tests": [],
      "suites": [
        {
          "uuid": "04462aaa-6b8e-4dae-8665-662cc1651f1e",
          "title": "settings.industries",
          "fullFile": "",
          "file": "",
          "beforeHooks": [],
          "afterHooks": [],
          "tests": [
            {
              "title": "should list industries",
              "fullTitle": "settings.industries should list industries",
              "timedOut": null,
              "duration": 7289,
              "state": "passed",
              "speed": "medium",
              "pass": true,
              "fail": false,
              "pending": false,
              "context": null,
              "code": "cy.navigateAndCheckURL(_urls.SETTINGS_URL);\ncy.get(industryHeader).click();\ncy.get(industryContainer).find('tr').should('have.length.gte', 10);",
              "err": {},
              "uuid": "effee3c4-cdc6-46a0-bdd0-fddbc87840e8",
              "parentUUID": "04462aaa-6b8e-4dae-8665-662cc1651f1e",
              "isHook": false,
              "skipped": false
            },
            {
              "title": "should add and remove industries",
              "fullTitle": "settings.industries should add and remove industries",
              "timedOut": null,
              "duration": 28092,
              "state": "passed",
              "speed": "slow",
              "pass": true,
              "fail": false,
              "pending": false,
              "context": null,
              "code": "const uniqueString = (0, _helpers.stringGen)(5);\nconst industryName = `Test industry_${uniqueString}`;\nconst addedIndustry = getNewIndustry(industryName);\ncy.navigateAndCheckURL(_urls.SETTINGS_URL);\ncy.addAndRemoveSettings(industryHeader, newIndustry, addIndustry, addedIndustry, industryName, _urls.SETTINGS_URL);",
              "err": {},
              "uuid": "c9e645c2-0d69-4be9-8496-4ecb21a10bf0",
              "parentUUID": "04462aaa-6b8e-4dae-8665-662cc1651f1e",
              "isHook": false,
              "skipped": false
            },
            {
              "title": "should edit industries",
              "fullTitle": "settings.industries should edit industries",
              "timedOut": null,
              "duration": 43319,
              "state": "passed",
              "speed": "slow",
              "pass": true,
              "fail": false,
              "pending": false,
              "context": null,
              "code": "const initialRandomString = (0, _helpers.stringGen)(9);\nconst editRandomString = (0, _helpers.stringGen)(8);\nconst initialRandomStringSelector = getNewIndustry(initialRandomString);\nconst editRandomStringSelector = getNewIndustry(editRandomString);\ncy.navigateAndCheckURL(_urls.SETTINGS_URL);\ncy.editAndRemoveSettings(industryHeader, newIndustry, addIndustry, initialRandomString, editRandomString, initialRandomStringSelector, editRandomStringSelector, _urls.SETTINGS_URL);",
              "err": {},
              "uuid": "a7ef2145-302d-4a01-9398-ae3c0980edc9",
              "parentUUID": "04462aaa-6b8e-4dae-8665-662cc1651f1e",
              "isHook": false,
              "skipped": false
            }
          ],
          "suites": [],
          "passes": [
            "effee3c4-cdc6-46a0-bdd0-fddbc87840e8",
            "c9e645c2-0d69-4be9-8496-4ecb21a10bf0",
            "a7ef2145-302d-4a01-9398-ae3c0980edc9"
          ],
          "failures": [],
          "pending": [],
          "skipped": [],
          "duration": 78700,
          "root": false,
          "rootEmpty": false,
          "_timeout": 2000
        }
      ],
      "passes": [],
      "failures": [],
      "pending": [],
      "skipped": [],
      "duration": 0,
      "root": true,
      "rootEmpty": true,
      "_timeout": 2000
    }
  ],
  "meta": {
    "mocha": {
      "version": "7.0.1"
    },
    "mochawesome": {
      "options": {
        "quiet": false,
        "reportFilename": "mochawesome",
        "saveHtml": true,
        "saveJson": true,
        "consoleReporter": "spec",
        "useInlineDiffs": false,
        "code": true
      },
      "version": "6.1.0"
    },
    "marge": {
      "options": {
        "reportDir": "cypress/reports",
        "overwrite": false,
        "html": true,
        "json": true
      },
      "version": "5.1.0"
    }
  }
}