{
  "stats": {
    "suites": 1,
    "tests": 1,
    "passes": 1,
    "pending": 0,
    "failures": 0,
    "start": "2024-03-07T02:17:54.804Z",
    "end": "2024-03-07T02:18:14.403Z",
    "duration": 19599,
    "testsRegistered": 1,
    "passPercent": 100,
    "pendingPercent": 0,
    "other": 0,
    "hasOther": false,
    "skipped": 0,
    "hasSkipped": false
  },
  "results": [
    {
      "uuid": "bb6028de-8584-4ef6-bdfc-50159b9be8cf",
      "title": "",
      "fullFile": "cypress\\e2e\\navigation\\navBar-languages.spec.js",
      "file": "cypress\\e2e\\navigation\\navBar-languages.spec.js",
      "beforeHooks": [],
      "afterHooks": [],
      "tests": [],
      "suites": [
        {
          "uuid": "4976b691-f988-46a8-b157-9ef6ea8759f7",
          "title": "navBar-language-translation",
          "fullFile": "",
          "file": "",
          "beforeHooks": [],
          "afterHooks": [],
          "tests": [
            {
              "title": "nav bar options translate to Spanish",
              "fullTitle": "navBar-language-translation nav bar options translate to Spanish",
              "timedOut": null,
              "duration": 14259,
              "state": "passed",
              "speed": "slow",
              "pass": true,
              "fail": false,
              "pending": false,
              "context": null,
              "code": "cy.clearCookies();\ncy.APILogin('crmAdmin');\ncy.navigateAndCheckURL(_urls.COMPANY_LIST_URL);\ncy.navBarToggleState(1); //test each option has been translated to spanish\nconst optionTranslatedToSpanish = (selector, translatedText) => cy.get(selector).should('have.class', 'language-entry').and('have.text', translatedText);\noptionTranslatedToSpanish('#navSidebar_liActivity .item-text', 'Actividad');\noptionTranslatedToSpanish('#navSidebar_liDashboard .item-text', 'Tablero');\noptionTranslatedToSpanish('#navSidebar_liDeals .item-text', 'Ofertas');\noptionTranslatedToSpanish('#navSidebar_liCompanies .item-text', 'Compañías');\noptionTranslatedToSpanish('#navSidebar_liContacts .item-text', 'Contactos');\noptionTranslatedToSpanish('#navSidebar_liCalendar .item-text', 'Calendario');\noptionTranslatedToSpanish('#navSidebar_liReports .item-text', 'Informes');\noptionTranslatedToSpanish('#navSidebar_liSupport .item-text', 'Ayuda');\noptionTranslatedToSpanish('#navSidebar_liUsers .item-text', 'Usuarios');\noptionTranslatedToSpanish('#navSidebar_liLocations .item-text', 'Ubicaciones');\noptionTranslatedToSpanish('#navSidebar_liLanguages .item-text', 'Idiomas');\noptionTranslatedToSpanish('#navSidebar_liSettings .item-text', 'Configuraciones');\noptionTranslatedToSpanish('#navSidebar_liCampaigns .item-text', 'Campañas');",
              "err": {},
              "uuid": "da78bfe0-9ecc-46a3-97e7-a5d39ef02f6c",
              "parentUUID": "4976b691-f988-46a8-b157-9ef6ea8759f7",
              "isHook": false,
              "skipped": false
            }
          ],
          "suites": [],
          "passes": [
            "da78bfe0-9ecc-46a3-97e7-a5d39ef02f6c"
          ],
          "failures": [],
          "pending": [],
          "skipped": [],
          "duration": 14259,
          "root": false,
          "rootEmpty": false,
          "_timeout": 2000
        }
      ],
      "passes": [],
      "failures": [],
      "pending": [],
      "skipped": [],
      "duration": 0,
      "root": true,
      "rootEmpty": true,
      "_timeout": 2000
    }
  ],
  "meta": {
    "mocha": {
      "version": "7.0.1"
    },
    "mochawesome": {
      "options": {
        "quiet": false,
        "reportFilename": "mochawesome",
        "saveHtml": true,
        "saveJson": true,
        "consoleReporter": "spec",
        "useInlineDiffs": false,
        "code": true
      },
      "version": "6.1.0"
    },
    "marge": {
      "options": {
        "reportDir": "cypress/reports",
        "overwrite": false,
        "html": true,
        "json": true
      },
      "version": "5.1.0"
    }
  }
}