{
  "stats": {
    "suites": 3,
    "tests": 10,
    "passes": 10,
    "pending": 0,
    "failures": 0,
    "start": "2024-03-07T02:28:57.811Z",
    "end": "2024-03-07T02:29:51.247Z",
    "duration": 53436,
    "testsRegistered": 10,
    "passPercent": 100,
    "pendingPercent": 0,
    "other": 0,
    "hasOther": false,
    "skipped": 0,
    "hasSkipped": false
  },
  "results": [
    {
      "uuid": "d577e7f7-332d-4bb1-ab25-137d63975145",
      "title": "",
      "fullFile": "cypress\\e2e\\reports\\salesRepPerformance.spec.js",
      "file": "cypress\\e2e\\reports\\salesRepPerformance.spec.js",
      "beforeHooks": [],
      "afterHooks": [],
      "tests": [],
      "suites": [
        {
          "uuid": "18c33620-7138-44ca-ab90-c69111cc438b",
          "title": "reports.salesRepPerformance",
          "fullFile": "",
          "file": "",
          "beforeHooks": [],
          "afterHooks": [],
          "tests": [],
          "suites": [
            {
              "uuid": "f1efb30d-914a-456a-9e94-f305384ba1e5",
              "title": "validation",
              "fullFile": "",
              "file": "",
              "beforeHooks": [],
              "afterHooks": [],
              "tests": [],
              "suites": [
                {
                  "uuid": "af274fcf-df1c-412e-97dc-1da2201ae1f2",
                  "title": "date picker",
                  "fullFile": "",
                  "file": "",
                  "beforeHooks": [],
                  "afterHooks": [],
                  "tests": [
                    {
                      "title": "toggle to today and see date change",
                      "fullTitle": "reports.salesRepPerformance validation date picker toggle to today and see date change",
                      "timedOut": null,
                      "duration": 6920,
                      "state": "passed",
                      "speed": "medium",
                      "pass": true,
                      "fail": false,
                      "pending": false,
                      "context": null,
                      "code": "cy.validateSalesRepKpiDatePicker('today');",
                      "err": {},
                      "uuid": "075ad270-65b4-4dcc-bc48-07fa77ae8fd1",
                      "parentUUID": "af274fcf-df1c-412e-97dc-1da2201ae1f2",
                      "isHook": false,
                      "skipped": false
                    },
                    {
                      "title": "toggle to yesterday and see date change",
                      "fullTitle": "reports.salesRepPerformance validation date picker toggle to yesterday and see date change",
                      "timedOut": null,
                      "duration": 6684,
                      "state": "passed",
                      "speed": "medium",
                      "pass": true,
                      "fail": false,
                      "pending": false,
                      "context": null,
                      "code": "cy.validateSalesRepKpiDatePicker('yesterday');",
                      "err": {},
                      "uuid": "46087e29-489a-493a-a1ff-18698cf3e036",
                      "parentUUID": "af274fcf-df1c-412e-97dc-1da2201ae1f2",
                      "isHook": false,
                      "skipped": false
                    },
                    {
                      "title": "toggle to this week and see date change",
                      "fullTitle": "reports.salesRepPerformance validation date picker toggle to this week and see date change",
                      "timedOut": null,
                      "duration": 5323,
                      "state": "passed",
                      "speed": "medium",
                      "pass": true,
                      "fail": false,
                      "pending": false,
                      "context": null,
                      "code": "cy.validateSalesRepKpiDatePicker('thisWeek');",
                      "err": {},
                      "uuid": "e4c2a998-085c-4cee-b83f-36e35a4fcff3",
                      "parentUUID": "af274fcf-df1c-412e-97dc-1da2201ae1f2",
                      "isHook": false,
                      "skipped": false
                    },
                    {
                      "title": "toggle to last week and see date change",
                      "fullTitle": "reports.salesRepPerformance validation date picker toggle to last week and see date change",
                      "timedOut": null,
                      "duration": 5165,
                      "state": "passed",
                      "speed": "medium",
                      "pass": true,
                      "fail": false,
                      "pending": false,
                      "context": null,
                      "code": "cy.validateSalesRepKpiDatePicker('lastWeek');",
                      "err": {},
                      "uuid": "17ba85c1-ae65-4cb0-ba9a-0de3bd75ba29",
                      "parentUUID": "af274fcf-df1c-412e-97dc-1da2201ae1f2",
                      "isHook": false,
                      "skipped": false
                    },
                    {
                      "title": "toggle to this month and see date change",
                      "fullTitle": "reports.salesRepPerformance validation date picker toggle to this month and see date change",
                      "timedOut": null,
                      "duration": 5317,
                      "state": "passed",
                      "speed": "medium",
                      "pass": true,
                      "fail": false,
                      "pending": false,
                      "context": null,
                      "code": "cy.validateSalesRepKpiDatePicker('thisMonth');",
                      "err": {},
                      "uuid": "4f11b46a-2f91-4007-96a7-790046d18867",
                      "parentUUID": "af274fcf-df1c-412e-97dc-1da2201ae1f2",
                      "isHook": false,
                      "skipped": false
                    },
                    {
                      "title": "toggle to last month and see date change",
                      "fullTitle": "reports.salesRepPerformance validation date picker toggle to last month and see date change",
                      "timedOut": null,
                      "duration": 10001,
                      "state": "passed",
                      "speed": "slow",
                      "pass": true,
                      "fail": false,
                      "pending": false,
                      "context": null,
                      "code": "cy.validateSalesRepKpiDatePicker('lastMonth');",
                      "err": {},
                      "uuid": "270e45a9-16ac-43e7-87f3-11d7b73541a2",
                      "parentUUID": "af274fcf-df1c-412e-97dc-1da2201ae1f2",
                      "isHook": false,
                      "skipped": false
                    },
                    {
                      "title": "toggle to custom date and see date change",
                      "fullTitle": "reports.salesRepPerformance validation date picker toggle to custom date and see date change",
                      "timedOut": null,
                      "duration": 6271,
                      "state": "passed",
                      "speed": "medium",
                      "pass": true,
                      "fail": false,
                      "pending": false,
                      "context": null,
                      "code": "cy.validateSalesRepKpiDatePicker('custom');",
                      "err": {},
                      "uuid": "0e9c5a31-5f03-46c0-a8ad-9112985e1512",
                      "parentUUID": "af274fcf-df1c-412e-97dc-1da2201ae1f2",
                      "isHook": false,
                      "skipped": false
                    },
                    {
                      "title": "toggle next month and see header change",
                      "fullTitle": "reports.salesRepPerformance validation date picker toggle next month and see header change",
                      "timedOut": null,
                      "duration": 2197,
                      "state": "passed",
                      "speed": "fast",
                      "pass": true,
                      "fail": false,
                      "pending": false,
                      "context": null,
                      "code": "cy.actitiviteByDateRange_ToggleDatePicker('next', (0, _moment.default)().format(monthHeaderFormat), (0, _moment.default)().add(1, 'months').format(monthHeaderFormat));",
                      "err": {},
                      "uuid": "76a06f4e-1b1a-4751-a60f-127da9503fd5",
                      "parentUUID": "af274fcf-df1c-412e-97dc-1da2201ae1f2",
                      "isHook": false,
                      "skipped": false
                    },
                    {
                      "title": "toggle previous month and see header change",
                      "fullTitle": "reports.salesRepPerformance validation date picker toggle previous month and see header change",
                      "timedOut": null,
                      "duration": 2291,
                      "state": "passed",
                      "speed": "fast",
                      "pass": true,
                      "fail": false,
                      "pending": false,
                      "context": null,
                      "code": "cy.actitiviteByDateRange_ToggleDatePicker('prev', (0, _moment.default)().subtract(2, 'months').format(monthHeaderFormat), (0, _moment.default)().subtract(1, 'months').format(monthHeaderFormat));",
                      "err": {},
                      "uuid": "6dc48463-3043-4919-8f92-762ff3499ebb",
                      "parentUUID": "af274fcf-df1c-412e-97dc-1da2201ae1f2",
                      "isHook": false,
                      "skipped": false
                    },
                    {
                      "title": "cancel out of date picker",
                      "fullTitle": "reports.salesRepPerformance validation date picker cancel out of date picker",
                      "timedOut": null,
                      "duration": 3077,
                      "state": "passed",
                      "speed": "fast",
                      "pass": true,
                      "fail": false,
                      "pending": false,
                      "context": null,
                      "code": "cy.get('.cancelBtn').click();\ncy.get('.daterangepicker').should('not.be.visible');",
                      "err": {},
                      "uuid": "b2202a0f-8b1d-42e0-94ee-ffe8fa33d8e8",
                      "parentUUID": "af274fcf-df1c-412e-97dc-1da2201ae1f2",
                      "isHook": false,
                      "skipped": false
                    }
                  ],
                  "suites": [],
                  "passes": [
                    "075ad270-65b4-4dcc-bc48-07fa77ae8fd1",
                    "46087e29-489a-493a-a1ff-18698cf3e036",
                    "e4c2a998-085c-4cee-b83f-36e35a4fcff3",
                    "17ba85c1-ae65-4cb0-ba9a-0de3bd75ba29",
                    "4f11b46a-2f91-4007-96a7-790046d18867",
                    "270e45a9-16ac-43e7-87f3-11d7b73541a2",
                    "0e9c5a31-5f03-46c0-a8ad-9112985e1512",
                    "76a06f4e-1b1a-4751-a60f-127da9503fd5",
                    "6dc48463-3043-4919-8f92-762ff3499ebb",
                    "b2202a0f-8b1d-42e0-94ee-ffe8fa33d8e8"
                  ],
                  "failures": [],
                  "pending": [],
                  "skipped": [],
                  "duration": 53246,
                  "root": false,
                  "rootEmpty": false,
                  "_timeout": 2000
                }
              ],
              "passes": [],
              "failures": [],
              "pending": [],
              "skipped": [],
              "duration": 0,
              "root": false,
              "rootEmpty": false,
              "_timeout": 2000
            }
          ],
          "passes": [],
          "failures": [],
          "pending": [],
          "skipped": [],
          "duration": 0,
          "root": false,
          "rootEmpty": false,
          "_timeout": 2000
        }
      ],
      "passes": [],
      "failures": [],
      "pending": [],
      "skipped": [],
      "duration": 0,
      "root": true,
      "rootEmpty": true,
      "_timeout": 2000
    }
  ],
  "meta": {
    "mocha": {
      "version": "7.0.1"
    },
    "mochawesome": {
      "options": {
        "quiet": false,
        "reportFilename": "mochawesome",
        "saveHtml": true,
        "saveJson": true,
        "consoleReporter": "spec",
        "useInlineDiffs": false,
        "code": true
      },
      "version": "6.1.0"
    },
    "marge": {
      "options": {
        "reportDir": "cypress/reports",
        "overwrite": false,
        "html": true,
        "json": true
      },
      "version": "5.1.0"
    }
  }
}